2019-01-12 23:03:01,283 Done read av data in.
2019-01-12 23:03:01,299 RSI processed GOOG_70rsi
2019-01-12 23:03:01,300 RSI processed GOOG_14rsi
2019-01-12 23:03:01,302 RSI processed GS_70rsi
2019-01-12 23:03:01,302 RSI processed GS_14rsi
2019-01-12 23:03:01,304 RSI processed V_70rsi
2019-01-12 23:03:01,304 RSI processed V_14rsi
2019-01-12 23:03:01,305 RSI processed C_70rsi
2019-01-12 23:03:01,306 RSI processed C_14rsi
2019-01-12 23:03:01,307 RSI processed QQQ_70rsi
2019-01-12 23:03:01,308 RSI processed QQQ_14rsi
2019-01-12 23:03:01,309 RSI processed TIP_70rsi
2019-01-12 23:03:01,310 RSI processed TIP_14rsi
2019-01-12 23:03:01,311 RSI processed ^N225_70rsi
2019-01-12 23:03:01,312 RSI processed ^N225_14rsi
2019-01-12 23:03:01,313 RSI processed HYG_70rsi
2019-01-12 23:03:01,314 RSI processed HYG_14rsi
2019-01-12 23:03:01,315 RSI processed EMB_70rsi
2019-01-12 23:03:01,316 RSI processed EMB_14rsi
2019-01-12 23:03:01,317 RSI processed DAX_70rsi
2019-01-12 23:03:01,318 RSI processed DAX_14rsi
2019-01-12 23:03:01,319 RSI processed ^GSPC_70rsi
2019-01-12 23:03:01,320 RSI processed ^GSPC_14rsi
2019-01-12 23:03:01,321 RSI processed ^RUT_70rsi
2019-01-12 23:03:01,322 RSI processed ^RUT_14rsi
2019-01-12 23:03:01,324 RSI processed ^DJI_70rsi
2019-01-12 23:03:01,324 RSI processed ^DJI_14rsi
2019-01-12 23:03:01,325 RSI processed ^NYA_70rsi
2019-01-12 23:03:01,326 RSI processed ^NYA_14rsi
2019-01-12 23:03:01,327 RSI processed ^XOI_70rsi
2019-01-12 23:03:01,328 RSI processed ^XOI_14rsi
2019-01-12 23:03:01,329 RSI processed ^VXN_70rsi
2019-01-12 23:03:01,330 RSI processed ^VXN_14rsi
