2019-01-12 22:58:57,678 Done read av data in.
2019-01-12 22:58:57,683 RSI processed GOOG_70rsi
2019-01-12 22:58:57,683 RSI processed GOOG_14rsi
2019-01-12 22:58:57,684 RSI processed GS_70rsi
2019-01-12 22:58:57,684 RSI processed GS_14rsi
2019-01-12 22:58:57,685 RSI processed V_70rsi
2019-01-12 22:58:57,685 RSI processed V_14rsi
2019-01-12 22:58:57,686 RSI processed C_70rsi
2019-01-12 22:58:57,686 RSI processed C_14rsi
2019-01-12 22:58:57,687 RSI processed QQQ_70rsi
2019-01-12 22:58:57,687 RSI processed QQQ_14rsi
2019-01-12 22:58:57,688 RSI processed TIP_70rsi
2019-01-12 22:58:57,688 RSI processed TIP_14rsi
2019-01-12 22:58:57,689 RSI processed ^N225_70rsi
2019-01-12 22:58:57,689 RSI processed ^N225_14rsi
2019-01-12 22:58:57,690 RSI processed HYG_70rsi
2019-01-12 22:58:57,690 RSI processed HYG_14rsi
2019-01-12 22:58:57,690 RSI processed EMB_70rsi
2019-01-12 22:58:57,691 RSI processed EMB_14rsi
2019-01-12 22:58:57,691 RSI processed DAX_70rsi
2019-01-12 22:58:57,692 RSI processed DAX_14rsi
2019-01-12 22:58:57,692 RSI processed ^GSPC_70rsi
2019-01-12 22:58:57,693 RSI processed ^GSPC_14rsi
2019-01-12 22:58:57,693 RSI processed ^RUT_70rsi
2019-01-12 22:58:57,694 RSI processed ^RUT_14rsi
2019-01-12 22:58:57,694 RSI processed ^DJI_70rsi
2019-01-12 22:58:57,695 RSI processed ^DJI_14rsi
2019-01-12 22:58:57,695 RSI processed ^NYA_70rsi
2019-01-12 22:58:57,696 RSI processed ^NYA_14rsi
2019-01-12 22:58:57,696 RSI processed ^XOI_70rsi
2019-01-12 22:58:57,697 RSI processed ^XOI_14rsi
2019-01-12 22:58:57,697 RSI processed ^VXN_70rsi
2019-01-12 22:58:57,698 RSI processed ^VXN_14rsi
2019-01-12 22:58:57,698 RSI processed XLI_70rsi
2019-01-12 22:58:57,699 RSI processed XLI_14rsi
2019-01-12 22:58:57,699 RSI processed XLB_70rsi
2019-01-12 22:58:57,700 RSI processed XLB_14rsi
2019-01-12 22:58:57,700 RSI processed VNQ_70rsi
2019-01-12 22:58:57,701 RSI processed VNQ_14rsi
2019-01-12 22:58:57,701 RSI processed XLY_70rsi
2019-01-12 22:58:57,702 RSI processed XLY_14rsi
2019-01-12 22:58:57,702 RSI processed XLP_70rsi
2019-01-12 22:58:57,702 RSI processed XLP_14rsi
2019-01-12 22:58:57,703 RSI processed XLF_70rsi
2019-01-12 22:58:57,703 RSI processed XLF_14rsi
2019-01-12 22:58:57,704 RSI processed KBE_70rsi
2019-01-12 22:58:57,704 RSI processed KBE_14rsi
2019-01-12 22:58:57,705 RSI processed KRE_70rsi
2019-01-12 22:58:57,705 RSI processed KRE_14rsi
2019-01-12 22:58:57,706 RSI processed IBB_70rsi
2019-01-12 22:58:57,706 RSI processed IBB_14rsi
2019-01-12 22:58:57,707 RSI processed XLV_70rsi
2019-01-12 22:58:57,707 RSI processed XLV_14rsi
2019-01-12 22:58:57,708 RSI processed FDN_70rsi
2019-01-12 22:58:57,708 RSI processed FDN_14rsi
2019-01-12 22:58:57,709 RSI processed VTI_70rsi
2019-01-12 22:58:57,709 RSI processed VTI_14rsi
2019-01-12 22:58:57,710 RSI processed GSG_70rsi
2019-01-12 22:58:57,710 RSI processed GSG_14rsi
2019-01-12 22:58:57,711 RSI processed DBC_70rsi
2019-01-12 22:58:57,711 RSI processed DBC_14rsi
2019-01-12 22:58:57,711 RSI processed USO_70rsi
2019-01-12 22:58:57,712 RSI processed USO_14rsi
2019-01-12 22:58:57,712 RSI processed PEJ_70rsi
2019-01-12 22:58:57,713 RSI processed PEJ_14rsi
2019-01-12 22:58:57,713 RSI processed IYT_70rsi
2019-01-12 22:58:57,714 RSI processed IYT_14rsi
2019-01-12 22:58:57,714 RSI processed IYW_70rsi
2019-01-12 22:58:57,715 RSI processed IYW_14rsi
2019-01-12 22:58:57,715 RSI processed IYR_70rsi
2019-01-12 22:58:57,716 RSI processed IYR_14rsi
2019-01-12 22:58:57,716 RSI processed IYF_70rsi
2019-01-12 22:58:57,717 RSI processed IYF_14rsi
2019-01-12 22:58:57,717 RSI processed IYY_70rsi
2019-01-12 22:58:57,717 RSI processed IYY_14rsi
2019-01-12 22:58:57,718 RSI processed IYE_70rsi
2019-01-12 22:58:57,718 RSI processed IYE_14rsi
2019-01-12 22:58:57,719 RSI processed TQQQ_70rsi
2019-01-12 22:58:57,719 RSI processed TQQQ_14rsi
2019-01-12 22:58:57,720 RSI processed SQQQ_70rsi
2019-01-12 22:58:57,720 RSI processed SQQQ_14rsi
2019-01-12 22:58:57,721 RSI processed ^TYX_70rsi
2019-01-12 22:58:57,721 RSI processed ^TYX_14rsi
2019-01-12 22:58:57,722 RSI processed ^FVX_70rsi
2019-01-12 22:58:57,722 RSI processed ^FVX_14rsi
2019-01-12 22:58:57,723 RSI processed ^IRX_70rsi
2019-01-12 22:58:57,723 RSI processed ^IRX_14rsi
2019-01-12 22:58:57,724 RSI processed IEF_70rsi
2019-01-12 22:58:57,724 RSI processed IEF_14rsi
2019-01-12 22:58:57,725 RSI processed SHV_70rsi
2019-01-12 22:58:57,725 RSI processed SHV_14rsi
2019-01-12 22:58:57,726 RSI processed SHY_70rsi
2019-01-12 22:58:57,726 RSI processed SHY_14rsi
2019-01-12 22:58:57,727 RSI processed UUP_70rsi
2019-01-12 22:58:57,727 RSI processed UUP_14rsi
2019-01-12 22:58:57,727 RSI processed GLD_70rsi
2019-01-12 22:58:57,728 RSI processed GLD_14rsi
2019-01-12 22:58:57,728 RSI processed DX-Y.NYB_70rsi
2019-01-12 22:58:57,729 RSI processed DX-Y.NYB_14rsi
2019-01-12 22:58:57,729 RSI processed OIL_70rsi
2019-01-12 22:58:57,730 RSI processed OIL_14rsi
2019-01-12 22:58:57,730 RSI processed PYPL_70rsi
2019-01-12 22:58:57,731 RSI processed PYPL_14rsi
2019-01-12 22:58:57,731 RSI processed MA_70rsi
2019-01-12 22:58:57,732 RSI processed MA_14rsi
2019-01-12 22:58:57,732 RSI processed WFC_70rsi
2019-01-12 22:58:57,733 RSI processed WFC_14rsi
2019-01-12 22:58:57,733 RSI processed BAC_70rsi
2019-01-12 22:58:57,734 RSI processed BAC_14rsi
2019-01-12 22:58:57,734 RSI processed JNJ_70rsi
2019-01-12 22:58:57,735 RSI processed JNJ_14rsi
2019-01-12 22:58:57,735 RSI processed JPM_70rsi
2019-01-12 22:58:57,736 RSI processed JPM_14rsi
2019-01-12 22:58:57,736 RSI processed GOOGL_70rsi
2019-01-12 22:58:57,737 RSI processed GOOGL_14rsi
2019-01-12 22:58:57,737 RSI processed SPY_70rsi
2019-01-12 22:58:57,738 RSI processed SPY_14rsi
2019-01-12 22:58:57,738 RSI processed FB_70rsi
2019-01-12 22:58:57,739 RSI processed FB_14rsi
2019-01-12 22:58:57,739 RSI processed IBM_70rsi
2019-01-12 22:58:57,739 RSI processed IBM_14rsi
2019-01-12 22:58:57,740 RSI processed MSFT_70rsi
2019-01-12 22:58:57,740 RSI processed MSFT_14rsi
2019-01-12 22:58:57,741 RSI processed ^TNX_70rsi
2019-01-12 22:58:57,741 RSI processed ^TNX_14rsi
2019-01-12 22:58:57,742 RSI processed AAPL_70rsi
2019-01-12 22:58:57,742 RSI processed AAPL_14rsi
2019-01-12 22:58:57,743 RSI processed MIDU_70rsi
2019-01-12 22:58:57,743 RSI processed MIDU_14rsi
2019-01-12 22:58:57,744 RSI processed FAS_70rsi
2019-01-12 22:58:57,744 RSI processed FAS_14rsi
2019-01-12 22:58:57,745 RSI processed ^VIX_70rsi
2019-01-12 22:58:57,745 RSI processed ^VIX_14rsi
2019-01-12 22:58:57,745 Done av data col by col.
2019-01-12 22:59:09,910 Wrote av data output.
2019-01-12 22:59:11,144 Done read fred data in.
2019-01-12 22:59:11,146 RSI processed DCOILWTICO_70rsi
2019-01-12 22:59:11,147 RSI processed DCOILWTICO_14rsi
2019-01-12 22:59:11,148 RSI processed GOLDAMGBD228NLBM_70rsi
2019-01-12 22:59:11,148 RSI processed GOLDAMGBD228NLBM_14rsi
2019-01-12 22:59:11,149 RSI processed DTWEXM_70rsi
2019-01-12 22:59:11,149 RSI processed DTWEXM_14rsi
2019-01-12 22:59:11,150 RSI processed HQMCB10YR_70rsi
2019-01-12 22:59:11,150 RSI processed HQMCB10YR_14rsi
2019-01-12 22:59:11,151 RSI processed T10YFF_70rsi
2019-01-12 22:59:11,151 RSI processed T10YFF_14rsi
2019-01-12 22:59:11,152 RSI processed BAA10Y_70rsi
2019-01-12 22:59:11,152 RSI processed BAA10Y_14rsi
2019-01-12 22:59:11,153 RSI processed DFII10_70rsi
2019-01-12 22:59:11,153 RSI processed DFII10_14rsi
2019-01-12 22:59:11,154 RSI processed T10YIE_70rsi
2019-01-12 22:59:11,154 RSI processed T10YIE_14rsi
2019-01-12 22:59:11,155 RSI processed DGS3MO_70rsi
2019-01-12 22:59:11,156 RSI processed DGS3MO_14rsi
2019-01-12 22:59:11,156 RSI processed DGS10_70rsi
2019-01-12 22:59:11,157 RSI processed DGS10_14rsi
2019-01-12 22:59:11,157 RSI processed T10Y3M_70rsi
2019-01-12 22:59:11,158 RSI processed T10Y3M_14rsi
2019-01-12 22:59:11,159 RSI processed DGS2_70rsi
2019-01-12 22:59:11,160 RSI processed DGS2_14rsi
2019-01-12 22:59:11,160 RSI processed T10Y2Y_70rsi
2019-01-12 22:59:11,161 RSI processed T10Y2Y_14rsi
2019-01-12 22:59:11,162 RSI processed VXVCLS_70rsi
2019-01-12 22:59:11,162 RSI processed VXVCLS_14rsi
2019-01-12 22:59:11,163 RSI processed BAMLH0A0HYM2_70rsi
2019-01-12 22:59:11,163 RSI processed BAMLH0A0HYM2_14rsi
2019-01-12 22:59:11,164 RSI processed BAMLEMCBPIOAS_70rsi
2019-01-12 22:59:11,164 RSI processed BAMLEMCBPIOAS_14rsi
2019-01-12 22:59:11,165 RSI processed RVXCLS_70rsi
2019-01-12 22:59:11,165 RSI processed RVXCLS_14rsi
2019-01-12 22:59:11,166 RSI processed RU2000PR_70rsi
2019-01-12 22:59:11,167 RSI processed RU2000PR_14rsi
2019-01-12 22:59:11,167 RSI processed DJIA_70rsi
2019-01-12 22:59:11,168 RSI processed DJIA_14rsi
2019-01-12 22:59:11,168 RSI processed VXNCLS_70rsi
2019-01-12 22:59:11,169 RSI processed VXNCLS_14rsi
2019-01-12 22:59:11,169 RSI processed NASDAQCOM_70rsi
2019-01-12 22:59:11,170 RSI processed NASDAQCOM_14rsi
2019-01-12 22:59:11,171 RSI processed WILL5000INDFC_70rsi
2019-01-12 22:59:11,171 RSI processed WILL5000INDFC_14rsi
2019-01-12 22:59:11,172 RSI processed NASDAQ100_70rsi
2019-01-12 22:59:11,172 RSI processed NASDAQ100_14rsi
2019-01-12 22:59:11,173 RSI processed OVXCLS_70rsi
2019-01-12 22:59:11,174 RSI processed OVXCLS_14rsi
2019-01-12 22:59:11,174 RSI processed GVZCLS_70rsi
2019-01-12 22:59:11,175 RSI processed GVZCLS_14rsi
2019-01-12 22:59:11,175 RSI processed VXEEMCLS_70rsi
2019-01-12 22:59:11,176 RSI processed VXEEMCLS_14rsi
2019-01-12 22:59:11,177 RSI processed VXFXICLS_70rsi
2019-01-12 22:59:11,177 RSI processed VXFXICLS_14rsi
2019-01-12 22:59:11,178 RSI processed VXDCLS_70rsi
2019-01-12 22:59:11,178 RSI processed VXDCLS_14rsi
2019-01-12 22:59:11,179 RSI processed VXAPLCLS_70rsi
2019-01-12 22:59:11,179 RSI processed VXAPLCLS_14rsi
2019-01-12 22:59:11,180 RSI processed VXGOGCLS_70rsi
2019-01-12 22:59:11,180 RSI processed VXGOGCLS_14rsi
2019-01-12 22:59:11,181 RSI processed VXGSCLS_70rsi
2019-01-12 22:59:11,181 RSI processed VXGSCLS_14rsi
2019-01-12 22:59:11,182 RSI processed VXIBMCLS_70rsi
2019-01-12 22:59:11,183 RSI processed VXIBMCLS_14rsi
2019-01-12 22:59:11,183 RSI processed VXAZNCLS_70rsi
2019-01-12 22:59:11,184 RSI processed VXAZNCLS_14rsi
2019-01-12 22:59:11,184 RSI processed VXOCLS_70rsi
2019-01-12 22:59:11,185 RSI processed VXOCLS_14rsi
2019-01-12 22:59:11,185 RSI processed VXTYN_70rsi
2019-01-12 22:59:11,186 RSI processed VXTYN_14rsi
2019-01-12 22:59:11,186 RSI processed VIXCLS_70rsi
2019-01-12 22:59:11,187 RSI processed VIXCLS_14rsi
2019-01-12 22:59:11,187 Done fred data col by col.
2019-01-12 22:59:21,066 Done wrote fred output.
