2019-01-13 22:04:22,743 Done read av data in.
2019-01-13 22:04:22,745 set10 GOOG_70rsi 50.000000 50.000000
2019-01-13 22:04:22,747 RSI processed GOOG_70rsi
2019-01-13 22:04:22,747 set10 GOOG_14rsi 50.000000 50.000000
2019-01-13 22:04:22,748 RSI processed GOOG_14rsi
2019-01-13 22:04:22,748 set10 GS_70rsi 50.000000 50.000000
2019-01-13 22:04:22,748 RSI processed GS_70rsi
2019-01-13 22:04:22,748 set10 GS_14rsi 50.000000 50.000000
2019-01-13 22:04:22,749 RSI processed GS_14rsi
2019-01-13 22:04:22,749 set10 V_70rsi 50.000000 50.000000
2019-01-13 22:04:22,749 RSI processed V_70rsi
2019-01-13 22:04:22,749 set10 V_14rsi 50.000000 50.000000
2019-01-13 22:04:22,750 RSI processed V_14rsi
2019-01-13 22:04:22,750 set10 C_70rsi 50.000000 50.000000
2019-01-13 22:04:22,750 RSI processed C_70rsi
2019-01-13 22:04:22,750 set10 C_14rsi 50.000000 50.000000
2019-01-13 22:04:22,751 RSI processed C_14rsi
2019-01-13 22:04:22,751 set10 QQQ_70rsi 50.000000 50.000000
2019-01-13 22:04:22,751 RSI processed QQQ_70rsi
2019-01-13 22:04:22,751 set10 QQQ_14rsi 50.000000 50.000000
2019-01-13 22:04:22,752 RSI processed QQQ_14rsi
2019-01-13 22:04:22,752 set10 TIP_70rsi 50.000000 50.000000
2019-01-13 22:04:22,752 RSI processed TIP_70rsi
2019-01-13 22:04:22,752 set10 TIP_14rsi 50.000000 50.000000
2019-01-13 22:04:22,753 RSI processed TIP_14rsi
2019-01-13 22:04:22,753 set10 ^N225_70rsi 50.000000 50.000000
2019-01-13 22:04:22,753 RSI processed ^N225_70rsi
2019-01-13 22:04:22,754 set10 ^N225_14rsi 50.000000 50.000000
2019-01-13 22:04:22,754 RSI processed ^N225_14rsi
2019-01-13 22:04:22,754 set10 HYG_70rsi 50.000000 50.000000
2019-01-13 22:04:22,755 RSI processed HYG_70rsi
2019-01-13 22:04:22,755 set10 HYG_14rsi 50.000000 50.000000
2019-01-13 22:04:22,755 RSI processed HYG_14rsi
2019-01-13 22:04:22,755 set10 EMB_70rsi 50.000000 50.000000
2019-01-13 22:04:22,756 RSI processed EMB_70rsi
2019-01-13 22:04:22,756 set10 EMB_14rsi 50.000000 50.000000
2019-01-13 22:04:22,756 RSI processed EMB_14rsi
2019-01-13 22:04:22,756 set10 DAX_70rsi 50.000000 50.000000
2019-01-13 22:04:22,757 RSI processed DAX_70rsi
2019-01-13 22:04:22,757 set10 DAX_14rsi 50.000000 50.000000
2019-01-13 22:04:22,757 RSI processed DAX_14rsi
2019-01-13 22:04:22,757 set10 ^GSPC_70rsi 50.000000 50.000000
2019-01-13 22:04:22,758 RSI processed ^GSPC_70rsi
2019-01-13 22:04:22,758 set10 ^GSPC_14rsi 50.000000 50.000000
2019-01-13 22:04:22,758 RSI processed ^GSPC_14rsi
2019-01-13 22:04:22,758 set10 ^RUT_70rsi 50.000000 50.000000
2019-01-13 22:04:22,759 RSI processed ^RUT_70rsi
2019-01-13 22:04:22,759 set10 ^RUT_14rsi 50.000000 50.000000
2019-01-13 22:04:22,759 RSI processed ^RUT_14rsi
2019-01-13 22:04:22,759 set10 ^DJI_70rsi 50.000000 50.000000
2019-01-13 22:04:22,760 RSI processed ^DJI_70rsi
2019-01-13 22:04:22,760 set10 ^DJI_14rsi 50.000000 50.000000
2019-01-13 22:04:22,760 RSI processed ^DJI_14rsi
2019-01-13 22:04:22,760 set10 ^NYA_70rsi 50.000000 50.000000
2019-01-13 22:04:22,761 RSI processed ^NYA_70rsi
2019-01-13 22:04:22,761 set10 ^NYA_14rsi 50.000000 50.000000
2019-01-13 22:04:22,761 RSI processed ^NYA_14rsi
2019-01-13 22:04:22,761 set10 ^XOI_70rsi 50.000000 50.000000
2019-01-13 22:04:22,762 RSI processed ^XOI_70rsi
2019-01-13 22:04:22,762 set10 ^XOI_14rsi 50.000000 50.000000
2019-01-13 22:04:22,762 RSI processed ^XOI_14rsi
2019-01-13 22:04:22,762 set10 ^VXN_70rsi 50.000000 50.000000
2019-01-13 22:04:22,763 RSI processed ^VXN_70rsi
2019-01-13 22:04:22,763 set10 ^VXN_14rsi 50.000000 50.000000
2019-01-13 22:04:22,763 RSI processed ^VXN_14rsi
2019-01-13 22:04:22,766 set10 ^VXN 25.385576 42.733365
2019-01-13 22:04:22,778 Ticker in list found and processed: ^VXN
2019-01-13 22:04:22,778 set10 XLI_70rsi 50.000000 50.000000
2019-01-13 22:04:22,779 RSI processed XLI_70rsi
2019-01-13 22:04:22,779 set10 XLI_14rsi 50.000000 50.000000
2019-01-13 22:04:22,780 RSI processed XLI_14rsi
2019-01-13 22:04:22,780 set10 XLB_70rsi 50.000000 50.000000
2019-01-13 22:04:22,780 RSI processed XLB_70rsi
2019-01-13 22:04:22,780 set10 XLB_14rsi 50.000000 50.000000
2019-01-13 22:04:22,781 RSI processed XLB_14rsi
2019-01-13 22:04:22,781 set10 VNQ_70rsi 50.000000 50.000000
2019-01-13 22:04:22,781 RSI processed VNQ_70rsi
2019-01-13 22:04:22,781 set10 VNQ_14rsi 50.000000 50.000000
2019-01-13 22:04:22,782 RSI processed VNQ_14rsi
2019-01-13 22:04:22,782 set10 XLY_70rsi 50.000000 50.000000
2019-01-13 22:04:22,782 RSI processed XLY_70rsi
2019-01-13 22:04:22,782 set10 XLY_14rsi 50.000000 50.000000
2019-01-13 22:04:22,783 RSI processed XLY_14rsi
2019-01-13 22:04:22,783 set10 XLP_70rsi 50.000000 50.000000
2019-01-13 22:04:22,783 RSI processed XLP_70rsi
2019-01-13 22:04:22,783 set10 XLP_14rsi 50.000000 50.000000
2019-01-13 22:04:22,784 RSI processed XLP_14rsi
2019-01-13 22:04:22,784 set10 XLF_70rsi 50.000000 50.000000
2019-01-13 22:04:22,784 RSI processed XLF_70rsi
2019-01-13 22:04:22,784 set10 XLF_14rsi 50.000000 50.000000
2019-01-13 22:04:22,785 RSI processed XLF_14rsi
2019-01-13 22:04:22,785 set10 KBE_70rsi 50.000000 50.000000
2019-01-13 22:04:22,785 RSI processed KBE_70rsi
2019-01-13 22:04:22,785 set10 KBE_14rsi 50.000000 50.000000
2019-01-13 22:04:22,786 RSI processed KBE_14rsi
2019-01-13 22:04:22,786 set10 KRE_70rsi 50.000000 50.000000
2019-01-13 22:04:22,787 RSI processed KRE_70rsi
2019-01-13 22:04:22,787 set10 KRE_14rsi 50.000000 50.000000
2019-01-13 22:04:22,787 RSI processed KRE_14rsi
2019-01-13 22:04:22,787 set10 IBB_70rsi 50.000000 50.000000
2019-01-13 22:04:22,788 RSI processed IBB_70rsi
2019-01-13 22:04:22,788 set10 IBB_14rsi 50.000000 50.000000
2019-01-13 22:04:22,788 RSI processed IBB_14rsi
2019-01-13 22:04:22,788 set10 XLV_70rsi 50.000000 50.000000
2019-01-13 22:04:22,789 RSI processed XLV_70rsi
2019-01-13 22:04:22,789 set10 XLV_14rsi 50.000000 50.000000
2019-01-13 22:04:22,789 RSI processed XLV_14rsi
2019-01-13 22:04:22,789 set10 FDN_70rsi 50.000000 50.000000
2019-01-13 22:04:22,790 RSI processed FDN_70rsi
2019-01-13 22:04:22,790 set10 FDN_14rsi 50.000000 50.000000
2019-01-13 22:04:22,790 RSI processed FDN_14rsi
2019-01-13 22:04:22,790 set10 VTI_70rsi 50.000000 50.000000
2019-01-13 22:04:22,791 RSI processed VTI_70rsi
2019-01-13 22:04:22,791 set10 VTI_14rsi 50.000000 50.000000
2019-01-13 22:04:22,791 RSI processed VTI_14rsi
2019-01-13 22:04:22,791 set10 GSG_70rsi 50.000000 50.000000
2019-01-13 22:04:22,792 RSI processed GSG_70rsi
2019-01-13 22:04:22,792 set10 GSG_14rsi 50.000000 50.000000
2019-01-13 22:04:22,792 RSI processed GSG_14rsi
2019-01-13 22:04:22,792 set10 DBC_70rsi 50.000000 50.000000
2019-01-13 22:04:22,793 RSI processed DBC_70rsi
2019-01-13 22:04:22,793 set10 DBC_14rsi 50.000000 50.000000
2019-01-13 22:04:22,793 RSI processed DBC_14rsi
2019-01-13 22:04:22,793 set10 USO_70rsi 50.000000 50.000000
2019-01-13 22:04:22,794 RSI processed USO_70rsi
2019-01-13 22:04:22,794 set10 USO_14rsi 50.000000 50.000000
2019-01-13 22:04:22,794 RSI processed USO_14rsi
2019-01-13 22:04:22,795 set10 PEJ_70rsi 50.000000 50.000000
2019-01-13 22:04:22,795 RSI processed PEJ_70rsi
2019-01-13 22:04:22,795 set10 PEJ_14rsi 50.000000 50.000000
2019-01-13 22:04:22,795 RSI processed PEJ_14rsi
2019-01-13 22:04:22,796 set10 IYT_70rsi 50.000000 50.000000
2019-01-13 22:04:22,796 RSI processed IYT_70rsi
2019-01-13 22:04:22,796 set10 IYT_14rsi 50.000000 50.000000
2019-01-13 22:04:22,797 RSI processed IYT_14rsi
2019-01-13 22:04:22,797 set10 IYW_70rsi 50.000000 50.000000
2019-01-13 22:04:22,797 RSI processed IYW_70rsi
2019-01-13 22:04:22,797 set10 IYW_14rsi 50.000000 50.000000
2019-01-13 22:04:22,798 RSI processed IYW_14rsi
2019-01-13 22:04:22,798 set10 IYR_70rsi 50.000000 50.000000
2019-01-13 22:04:22,798 RSI processed IYR_70rsi
2019-01-13 22:04:22,798 set10 IYR_14rsi 50.000000 50.000000
2019-01-13 22:04:22,799 RSI processed IYR_14rsi
2019-01-13 22:04:22,799 set10 IYF_70rsi 50.000000 50.000000
2019-01-13 22:04:22,799 RSI processed IYF_70rsi
2019-01-13 22:04:22,799 set10 IYF_14rsi 50.000000 50.000000
2019-01-13 22:04:22,800 RSI processed IYF_14rsi
2019-01-13 22:04:22,800 set10 IYY_70rsi 50.000000 50.000000
2019-01-13 22:04:22,800 RSI processed IYY_70rsi
2019-01-13 22:04:22,800 set10 IYY_14rsi 50.000000 50.000000
2019-01-13 22:04:22,801 RSI processed IYY_14rsi
2019-01-13 22:04:22,801 set10 IYE_70rsi 50.000000 50.000000
2019-01-13 22:04:22,801 RSI processed IYE_70rsi
2019-01-13 22:04:22,801 set10 IYE_14rsi 50.000000 50.000000
2019-01-13 22:04:22,802 RSI processed IYE_14rsi
2019-01-13 22:04:22,802 set10 TQQQ_70rsi 50.000000 50.000000
2019-01-13 22:04:22,802 RSI processed TQQQ_70rsi
2019-01-13 22:04:22,802 set10 TQQQ_14rsi 50.000000 50.000000
2019-01-13 22:04:22,803 RSI processed TQQQ_14rsi
2019-01-13 22:04:22,803 set10 SQQQ_70rsi 50.000000 50.000000
2019-01-13 22:04:22,803 RSI processed SQQQ_70rsi
2019-01-13 22:04:22,803 set10 SQQQ_14rsi 50.000000 50.000000
2019-01-13 22:04:22,804 RSI processed SQQQ_14rsi
2019-01-13 22:04:22,804 set10 ^TYX_70rsi 50.000000 50.000000
2019-01-13 22:04:22,804 RSI processed ^TYX_70rsi
2019-01-13 22:04:22,804 set10 ^TYX_14rsi 50.000000 50.000000
2019-01-13 22:04:22,805 RSI processed ^TYX_14rsi
2019-01-13 22:04:22,807 set10 ^TYX 4.132803 3.111302
2019-01-13 22:04:22,815 Ticker in list found and processed: ^TYX
2019-01-13 22:04:22,815 set10 ^FVX_70rsi 50.000000 50.000000
2019-01-13 22:04:22,816 RSI processed ^FVX_70rsi
2019-01-13 22:04:22,816 set10 ^FVX_14rsi 50.000000 50.000000
2019-01-13 22:04:22,816 RSI processed ^FVX_14rsi
2019-01-13 22:04:22,818 set10 ^FVX 2.807593 4.437855
2019-01-13 22:04:22,826 Ticker in list found and processed: ^FVX
2019-01-13 22:04:22,827 set10 ^IRX_70rsi 50.000000 50.000000
2019-01-13 22:04:22,827 RSI processed ^IRX_70rsi
2019-01-13 22:04:22,827 set10 ^IRX_14rsi 50.000000 50.000000
2019-01-13 22:04:22,828 RSI processed ^IRX_14rsi
2019-01-13 22:04:22,829 set10 ^IRX 1.592465 5.442526
2019-01-13 22:04:22,838 Ticker in list found and processed: ^IRX
2019-01-13 22:04:22,838 set10 IEF_70rsi 50.000000 50.000000
2019-01-13 22:04:22,839 RSI processed IEF_70rsi
2019-01-13 22:04:22,839 set10 IEF_14rsi 50.000000 50.000000
2019-01-13 22:04:22,839 RSI processed IEF_14rsi
2019-01-13 22:04:22,839 set10 SHV_70rsi 50.000000 50.000000
2019-01-13 22:04:22,840 RSI processed SHV_70rsi
2019-01-13 22:04:22,840 set10 SHV_14rsi 50.000000 50.000000
2019-01-13 22:04:22,840 RSI processed SHV_14rsi
2019-01-13 22:04:22,841 set10 SHY_70rsi 50.000000 50.000000
2019-01-13 22:04:22,841 RSI processed SHY_70rsi
2019-01-13 22:04:22,841 set10 SHY_14rsi 50.000000 50.000000
2019-01-13 22:04:22,841 RSI processed SHY_14rsi
2019-01-13 22:04:22,842 set10 UUP_70rsi 50.000000 50.000000
2019-01-13 22:04:22,842 RSI processed UUP_70rsi
2019-01-13 22:04:22,842 set10 UUP_14rsi 50.000000 50.000000
2019-01-13 22:04:22,843 RSI processed UUP_14rsi
2019-01-13 22:04:22,843 set10 GLD_70rsi 50.000000 50.000000
2019-01-13 22:04:22,843 RSI processed GLD_70rsi
2019-01-13 22:04:22,843 set10 GLD_14rsi 50.000000 50.000000
2019-01-13 22:04:22,844 RSI processed GLD_14rsi
2019-01-13 22:04:22,844 set10 DX-Y.NYB_70rsi 50.000000 50.000000
2019-01-13 22:04:22,844 RSI processed DX-Y.NYB_70rsi
2019-01-13 22:04:22,844 set10 DX-Y.NYB_14rsi 50.000000 50.000000
2019-01-13 22:04:22,845 RSI processed DX-Y.NYB_14rsi
2019-01-13 22:04:22,846 set10 DX-Y.NYB 70.649544 99.262537
2019-01-13 22:04:22,855 Ticker in list found and processed: DX-Y.NYB
2019-01-13 22:04:22,855 set10 OIL_70rsi 50.000000 50.000000
2019-01-13 22:04:22,855 RSI processed OIL_70rsi
2019-01-13 22:04:22,855 set10 OIL_14rsi 50.000000 50.000000
2019-01-13 22:04:22,856 RSI processed OIL_14rsi
2019-01-13 22:04:22,856 set10 PYPL_70rsi 50.000000 50.000000
2019-01-13 22:04:22,856 RSI processed PYPL_70rsi
2019-01-13 22:04:22,856 set10 PYPL_14rsi 50.000000 50.000000
2019-01-13 22:04:22,857 RSI processed PYPL_14rsi
2019-01-13 22:04:22,857 set10 MA_70rsi 50.000000 50.000000
2019-01-13 22:04:22,857 RSI processed MA_70rsi
2019-01-13 22:04:22,857 set10 MA_14rsi 50.000000 50.000000
2019-01-13 22:04:22,858 RSI processed MA_14rsi
2019-01-13 22:04:22,858 set10 WFC_70rsi 50.000000 50.000000
2019-01-13 22:04:22,859 RSI processed WFC_70rsi
2019-01-13 22:04:22,859 set10 WFC_14rsi 50.000000 50.000000
2019-01-13 22:04:22,859 RSI processed WFC_14rsi
2019-01-13 22:04:22,859 set10 BAC_70rsi 50.000000 50.000000
2019-01-13 22:04:22,860 RSI processed BAC_70rsi
2019-01-13 22:04:22,860 set10 BAC_14rsi 50.000000 50.000000
2019-01-13 22:04:22,860 RSI processed BAC_14rsi
2019-01-13 22:04:22,860 set10 JNJ_70rsi 50.000000 50.000000
2019-01-13 22:04:22,861 RSI processed JNJ_70rsi
2019-01-13 22:04:22,861 set10 JNJ_14rsi 50.000000 50.000000
2019-01-13 22:04:22,861 RSI processed JNJ_14rsi
2019-01-13 22:04:22,861 set10 JPM_70rsi 50.000000 50.000000
2019-01-13 22:04:22,862 RSI processed JPM_70rsi
2019-01-13 22:04:22,862 set10 JPM_14rsi 50.000000 50.000000
2019-01-13 22:04:22,862 RSI processed JPM_14rsi
2019-01-13 22:04:22,862 set10 GOOGL_70rsi 50.000000 50.000000
2019-01-13 22:04:22,863 RSI processed GOOGL_70rsi
2019-01-13 22:04:22,863 set10 GOOGL_14rsi 50.000000 50.000000
2019-01-13 22:04:22,863 RSI processed GOOGL_14rsi
2019-01-13 22:04:22,863 set10 SPY_70rsi 50.000000 50.000000
2019-01-13 22:04:22,864 RSI processed SPY_70rsi
2019-01-13 22:04:22,864 set10 SPY_14rsi 50.000000 50.000000
2019-01-13 22:04:22,864 RSI processed SPY_14rsi
2019-01-13 22:04:22,864 set10 FB_70rsi 50.000000 50.000000
2019-01-13 22:04:22,865 RSI processed FB_70rsi
2019-01-13 22:04:22,865 set10 FB_14rsi 50.000000 50.000000
2019-01-13 22:04:22,865 RSI processed FB_14rsi
2019-01-13 22:04:22,865 set10 IBM_70rsi 50.000000 50.000000
2019-01-13 22:04:22,866 RSI processed IBM_70rsi
2019-01-13 22:04:22,866 set10 IBM_14rsi 50.000000 50.000000
2019-01-13 22:04:22,866 RSI processed IBM_14rsi
2019-01-13 22:04:22,867 set10 MSFT_70rsi 50.000000 50.000000
2019-01-13 22:04:22,867 RSI processed MSFT_70rsi
2019-01-13 22:04:22,867 set10 MSFT_14rsi 50.000000 50.000000
2019-01-13 22:04:22,867 RSI processed MSFT_14rsi
2019-01-13 22:04:22,868 set10 ^TNX_70rsi 50.000000 50.000000
2019-01-13 22:04:22,868 RSI processed ^TNX_70rsi
2019-01-13 22:04:22,868 set10 ^TNX_14rsi 50.000000 50.000000
2019-01-13 22:04:22,868 RSI processed ^TNX_14rsi
2019-01-13 22:04:22,870 set10 ^TNX 3.483990 3.696739
2019-01-13 22:04:22,879 Ticker in list found and processed: ^TNX
2019-01-13 22:04:22,879 set10 AAPL_70rsi 50.000000 50.000000
2019-01-13 22:04:22,880 RSI processed AAPL_70rsi
2019-01-13 22:04:22,880 set10 AAPL_14rsi 50.000000 50.000000
2019-01-13 22:04:22,880 RSI processed AAPL_14rsi
2019-01-13 22:04:22,881 set10 MIDU_70rsi 50.000000 50.000000
2019-01-13 22:04:22,881 RSI processed MIDU_70rsi
2019-01-13 22:04:22,881 set10 MIDU_14rsi 50.000000 50.000000
2019-01-13 22:04:22,881 RSI processed MIDU_14rsi
2019-01-13 22:04:22,882 set10 FAS_70rsi 50.000000 50.000000
2019-01-13 22:04:22,882 RSI processed FAS_70rsi
2019-01-13 22:04:22,882 set10 FAS_14rsi 50.000000 50.000000
2019-01-13 22:04:22,883 RSI processed FAS_14rsi
2019-01-13 22:04:22,883 set10 ^VIX_70rsi 50.000000 50.000000
2019-01-13 22:04:22,883 RSI processed ^VIX_70rsi
2019-01-13 22:04:22,883 set10 ^VIX_14rsi 50.000000 50.000000
2019-01-13 22:04:22,884 RSI processed ^VIX_14rsi
2019-01-13 22:04:22,885 set10 ^VIX 19.706426 25.844382
2019-01-13 22:04:22,893 Ticker in list found and processed: ^VIX
2019-01-13 22:04:22,894 Done av data col by col.
2019-01-13 22:04:35,556 Wrote av data output.
2019-01-13 22:04:36,898 Done read fred data in.
2019-01-13 22:04:36,900 set10 DCOILWTICO_70rsi 50.000000 50.000000
2019-01-13 22:04:36,901 RSI processed DCOILWTICO_70rsi
2019-01-13 22:04:36,901 set10 DCOILWTICO_14rsi 50.000000 50.000000
2019-01-13 22:04:36,901 RSI processed DCOILWTICO_14rsi
2019-01-13 22:04:36,901 set10 GOLDAMGBD228NLBM_70rsi 50.000000 50.000000
2019-01-13 22:04:36,902 RSI processed GOLDAMGBD228NLBM_70rsi
2019-01-13 22:04:36,902 set10 GOLDAMGBD228NLBM_14rsi 50.000000 50.000000
2019-01-13 22:04:36,902 RSI processed GOLDAMGBD228NLBM_14rsi
2019-01-13 22:04:36,903 set10 DTWEXM_70rsi 50.000000 50.000000
2019-01-13 22:04:36,903 RSI processed DTWEXM_70rsi
2019-01-13 22:04:36,903 set10 DTWEXM_14rsi 50.000000 50.000000
2019-01-13 22:04:36,904 RSI processed DTWEXM_14rsi
2019-01-13 22:04:36,905 set10 DTWEXM 94.114780 42.121475
2019-01-13 22:04:37,118 Ticker in list found and processed: DTWEXM
2019-01-13 22:04:37,118 set10 HQMCB10YR_70rsi 50.000000 50.000000
2019-01-13 22:04:37,119 RSI processed HQMCB10YR_70rsi
2019-01-13 22:04:37,119 set10 HQMCB10YR_14rsi 50.000000 50.000000
2019-01-13 22:04:37,119 RSI processed HQMCB10YR_14rsi
2019-01-13 22:04:37,121 set10 HQMCB10YR 6.761122 7.204452
2019-01-13 22:04:37,363 Ticker in list found and processed: HQMCB10YR
2019-01-13 22:04:37,363 set10 T10YFF_70rsi 50.000000 50.000000
2019-01-13 22:04:37,364 RSI processed T10YFF_70rsi
2019-01-13 22:04:37,364 set10 T10YFF_14rsi 50.000000 50.000000
2019-01-13 22:04:37,364 RSI processed T10YFF_14rsi
2019-01-13 22:04:37,366 set10 T10YFF 1.061784 5.067784
2019-01-13 22:04:37,574 Ticker in list found and processed: T10YFF
2019-01-13 22:04:37,574 set10 BAA10Y_70rsi 50.000000 50.000000
2019-01-13 22:04:37,575 RSI processed BAA10Y_70rsi
2019-01-13 22:04:37,575 set10 BAA10Y_14rsi 50.000000 50.000000
2019-01-13 22:04:37,575 RSI processed BAA10Y_14rsi
2019-01-13 22:04:37,577 set10 BAA10Y 2.329408 2.176750
2019-01-13 22:04:37,785 Ticker in list found and processed: BAA10Y
2019-01-13 22:04:37,785 set10 DFII10_70rsi 50.000000 50.000000
2019-01-13 22:04:37,786 RSI processed DFII10_70rsi
2019-01-13 22:04:37,786 set10 DFII10_14rsi 50.000000 50.000000
2019-01-13 22:04:37,787 RSI processed DFII10_14rsi
2019-01-13 22:04:37,788 set10 DFII10 1.093044 2.686709
2019-01-13 22:04:37,995 Ticker in list found and processed: DFII10
2019-01-13 22:04:37,995 set10 T10YIE_70rsi 50.000000 50.000000
2019-01-13 22:04:37,996 RSI processed T10YIE_70rsi
2019-01-13 22:04:37,996 set10 T10YIE_14rsi 50.000000 50.000000
2019-01-13 22:04:37,997 RSI processed T10YIE_14rsi
2019-01-13 22:04:37,999 set10 T10YIE 2.084377 1.193681
2019-01-13 22:04:38,245 Ticker in list found and processed: T10YIE
2019-01-13 22:04:38,245 set10 DGS3MO_70rsi 50.000000 50.000000
2019-01-13 22:04:38,246 RSI processed DGS3MO_70rsi
2019-01-13 22:04:38,246 set10 DGS3MO_14rsi 50.000000 50.000000
2019-01-13 22:04:38,247 RSI processed DGS3MO_14rsi
2019-01-13 22:04:38,248 set10 DGS3MO 3.951351 9.430470
2019-01-13 22:04:38,453 Ticker in list found and processed: DGS3MO
2019-01-13 22:04:38,453 set10 DGS10_70rsi 50.000000 50.000000
2019-01-13 22:04:38,454 RSI processed DGS10_70rsi
2019-01-13 22:04:38,454 set10 DGS10_14rsi 50.000000 50.000000
2019-01-13 22:04:38,454 RSI processed DGS10_14rsi
2019-01-13 22:04:38,456 set10 DGS10 6.186426 8.625198
2019-01-13 22:04:38,662 Ticker in list found and processed: DGS10
2019-01-13 22:04:38,662 set10 T10Y3M_70rsi 50.000000 50.000000
2019-01-13 22:04:38,663 RSI processed T10Y3M_70rsi
2019-01-13 22:04:38,663 set10 T10Y3M_14rsi 50.000000 50.000000
2019-01-13 22:04:38,664 RSI processed T10Y3M_14rsi
2019-01-13 22:04:38,666 set10 T10Y3M 1.822088 3.285942
2019-01-13 22:04:38,910 Ticker in list found and processed: T10Y3M
2019-01-13 22:04:38,910 set10 DGS2_70rsi 50.000000 50.000000
2019-01-13 22:04:38,911 RSI processed DGS2_70rsi
2019-01-13 22:04:38,911 set10 DGS2_14rsi 50.000000 50.000000
2019-01-13 22:04:38,912 RSI processed DGS2_14rsi
2019-01-13 22:04:38,913 set10 DGS2 5.352247 11.296562
2019-01-13 22:04:39,128 Ticker in list found and processed: DGS2
2019-01-13 22:04:39,128 set10 T10Y2Y_70rsi 50.000000 50.000000
2019-01-13 22:04:39,129 RSI processed T10Y2Y_70rsi
2019-01-13 22:04:39,129 set10 T10Y2Y_14rsi 50.000000 50.000000
2019-01-13 22:04:39,130 RSI processed T10Y2Y_14rsi
2019-01-13 22:04:39,131 set10 T10Y2Y 0.954003 2.762933
2019-01-13 22:04:39,339 Ticker in list found and processed: T10Y2Y
2019-01-13 22:04:39,340 set10 VXVCLS_70rsi 50.000000 50.000000
2019-01-13 22:04:39,340 RSI processed VXVCLS_70rsi
2019-01-13 22:04:39,340 set10 VXVCLS_14rsi 50.000000 50.000000
2019-01-13 22:04:39,341 RSI processed VXVCLS_14rsi
2019-01-13 22:04:39,343 set10 VXVCLS 21.271491 24.883581
2019-01-13 22:04:39,588 Ticker in list found and processed: VXVCLS
2019-01-13 22:04:39,588 set10 BAMLH0A0HYM2_70rsi 50.000000 50.000000
2019-01-13 22:04:39,589 RSI processed BAMLH0A0HYM2_70rsi
2019-01-13 22:04:39,589 set10 BAMLH0A0HYM2_14rsi 50.000000 50.000000
2019-01-13 22:04:39,590 RSI processed BAMLH0A0HYM2_14rsi
2019-01-13 22:04:39,591 set10 BAMLH0A0HYM2 5.614070 8.194568
2019-01-13 22:04:39,796 Ticker in list found and processed: BAMLH0A0HYM2
2019-01-13 22:04:39,796 set10 BAMLEMCBPIOAS_70rsi 50.000000 50.000000
2019-01-13 22:04:39,797 RSI processed BAMLEMCBPIOAS_70rsi
2019-01-13 22:04:39,797 set10 BAMLEMCBPIOAS_14rsi 50.000000 50.000000
2019-01-13 22:04:39,797 RSI processed BAMLEMCBPIOAS_14rsi
2019-01-13 22:04:39,799 set10 BAMLEMCBPIOAS 3.920873 6.000883
2019-01-13 22:04:40,006 Ticker in list found and processed: BAMLEMCBPIOAS
2019-01-13 22:04:40,006 set10 RVXCLS_70rsi 50.000000 50.000000
2019-01-13 22:04:40,007 RSI processed RVXCLS_70rsi
2019-01-13 22:04:40,007 set10 RVXCLS_14rsi 50.000000 50.000000
2019-01-13 22:04:40,007 RSI processed RVXCLS_14rsi
2019-01-13 22:04:40,009 set10 RVXCLS 23.820705 28.645815
2019-01-13 22:04:40,255 Ticker in list found and processed: RVXCLS
2019-01-13 22:04:40,256 set10 RU2000PR_70rsi 50.000000 50.000000
2019-01-13 22:04:40,257 RSI processed RU2000PR_70rsi
2019-01-13 22:04:40,257 set10 RU2000PR_14rsi 50.000000 50.000000
2019-01-13 22:04:40,258 RSI processed RU2000PR_14rsi
2019-01-13 22:04:40,258 set10 DJIA_70rsi 50.000000 50.000000
2019-01-13 22:04:40,259 RSI processed DJIA_70rsi
2019-01-13 22:04:40,259 set10 DJIA_14rsi 50.000000 50.000000
2019-01-13 22:04:40,259 RSI processed DJIA_14rsi
2019-01-13 22:04:40,259 set10 VXNCLS_70rsi 50.000000 50.000000
2019-01-13 22:04:40,260 RSI processed VXNCLS_70rsi
2019-01-13 22:04:40,260 set10 VXNCLS_14rsi 50.000000 50.000000
2019-01-13 22:04:40,260 RSI processed VXNCLS_14rsi
2019-01-13 22:04:40,262 set10 VXNCLS 24.676977 36.428853
2019-01-13 22:04:40,471 Ticker in list found and processed: VXNCLS
2019-01-13 22:04:40,472 set10 NASDAQCOM_70rsi 50.000000 50.000000
2019-01-13 22:04:40,472 RSI processed NASDAQCOM_70rsi
2019-01-13 22:04:40,472 set10 NASDAQCOM_14rsi 50.000000 50.000000
2019-01-13 22:04:40,473 RSI processed NASDAQCOM_14rsi
2019-01-13 22:04:40,473 set10 WILL5000INDFC_70rsi 50.000000 50.000000
2019-01-13 22:04:40,474 RSI processed WILL5000INDFC_70rsi
2019-01-13 22:04:40,474 set10 WILL5000INDFC_14rsi 50.000000 50.000000
2019-01-13 22:04:40,474 RSI processed WILL5000INDFC_14rsi
2019-01-13 22:04:40,474 set10 NASDAQ100_70rsi 50.000000 50.000000
2019-01-13 22:04:40,475 RSI processed NASDAQ100_70rsi
2019-01-13 22:04:40,475 set10 NASDAQ100_14rsi 50.000000 50.000000
2019-01-13 22:04:40,476 RSI processed NASDAQ100_14rsi
2019-01-13 22:04:40,476 set10 OVXCLS_70rsi 50.000000 50.000000
2019-01-13 22:04:40,476 RSI processed OVXCLS_70rsi
2019-01-13 22:04:40,476 set10 OVXCLS_14rsi 50.000000 50.000000
2019-01-13 22:04:40,477 RSI processed OVXCLS_14rsi
2019-01-13 22:04:40,478 set10 OVXCLS 36.245300 40.818551
2019-01-13 22:04:40,688 Ticker in list found and processed: OVXCLS
2019-01-13 22:04:40,688 set10 GVZCLS_70rsi 50.000000 50.000000
2019-01-13 22:04:40,689 RSI processed GVZCLS_70rsi
2019-01-13 22:04:40,689 set10 GVZCLS_14rsi 50.000000 50.000000
2019-01-13 22:04:40,689 RSI processed GVZCLS_14rsi
2019-01-13 22:04:40,691 set10 GVZCLS 19.605623 23.358292
2019-01-13 22:04:40,938 Ticker in list found and processed: GVZCLS
2019-01-13 22:04:40,938 set10 VXEEMCLS_70rsi 50.000000 50.000000
2019-01-13 22:04:40,939 RSI processed VXEEMCLS_70rsi
2019-01-13 22:04:40,939 set10 VXEEMCLS_14rsi 50.000000 50.000000
2019-01-13 22:04:40,940 RSI processed VXEEMCLS_14rsi
2019-01-13 22:04:40,942 set10 VXEEMCLS 23.329898 21.039742
2019-01-13 22:04:41,153 Ticker in list found and processed: VXEEMCLS
2019-01-13 22:04:41,153 set10 VXFXICLS_70rsi 50.000000 50.000000
2019-01-13 22:04:41,154 RSI processed VXFXICLS_70rsi
2019-01-13 22:04:41,154 set10 VXFXICLS_14rsi 50.000000 50.000000
2019-01-13 22:04:41,155 RSI processed VXFXICLS_14rsi
2019-01-13 22:04:41,156 set10 VXFXICLS 25.986634 20.706587
2019-01-13 22:04:41,363 Ticker in list found and processed: VXFXICLS
2019-01-13 22:04:41,363 set10 VXDCLS_70rsi 50.000000 50.000000
2019-01-13 22:04:41,363 RSI processed VXDCLS_70rsi
2019-01-13 22:04:41,363 set10 VXDCLS_14rsi 50.000000 50.000000
2019-01-13 22:04:41,364 RSI processed VXDCLS_14rsi
2019-01-13 22:04:41,366 set10 VXDCLS 19.233847 23.550516
2019-01-13 22:04:41,610 Ticker in list found and processed: VXDCLS
2019-01-13 22:04:41,610 set10 VXAPLCLS_70rsi 50.000000 50.000000
2019-01-13 22:04:41,611 RSI processed VXAPLCLS_70rsi
2019-01-13 22:04:41,611 set10 VXAPLCLS_14rsi 50.000000 50.000000
2019-01-13 22:04:41,611 RSI processed VXAPLCLS_14rsi
2019-01-13 22:04:41,613 set10 VXAPLCLS 28.472957 20.410950
2019-01-13 22:04:41,820 Ticker in list found and processed: VXAPLCLS
2019-01-13 22:04:41,820 set10 VXGOGCLS_70rsi 50.000000 50.000000
2019-01-13 22:04:41,821 RSI processed VXGOGCLS_70rsi
2019-01-13 22:04:41,821 set10 VXGOGCLS_14rsi 50.000000 50.000000
2019-01-13 22:04:41,822 RSI processed VXGOGCLS_14rsi
2019-01-13 22:04:41,824 set10 VXGOGCLS 25.370453 19.115601
2019-01-13 22:04:42,031 Ticker in list found and processed: VXGOGCLS
2019-01-13 22:04:42,031 set10 VXGSCLS_70rsi 50.000000 50.000000
2019-01-13 22:04:42,032 RSI processed VXGSCLS_70rsi
2019-01-13 22:04:42,032 set10 VXGSCLS_14rsi 50.000000 50.000000
2019-01-13 22:04:42,032 RSI processed VXGSCLS_14rsi
2019-01-13 22:04:42,034 set10 VXGSCLS 28.274136 27.628827
2019-01-13 22:04:42,240 Ticker in list found and processed: VXGSCLS
2019-01-13 22:04:42,240 set10 VXIBMCLS_70rsi 50.000000 50.000000
2019-01-13 22:04:42,241 RSI processed VXIBMCLS_70rsi
2019-01-13 22:04:42,241 set10 VXIBMCLS_14rsi 50.000000 50.000000
2019-01-13 22:04:42,241 RSI processed VXIBMCLS_14rsi
2019-01-13 22:04:42,243 set10 VXIBMCLS 21.578175 13.963434
2019-01-13 22:04:42,490 Ticker in list found and processed: VXIBMCLS
2019-01-13 22:04:42,490 set10 VXAZNCLS_70rsi 50.000000 50.000000
2019-01-13 22:04:42,491 RSI processed VXAZNCLS_70rsi
2019-01-13 22:04:42,491 set10 VXAZNCLS_14rsi 50.000000 50.000000
2019-01-13 22:04:42,491 RSI processed VXAZNCLS_14rsi
2019-01-13 22:04:42,493 set10 VXAZNCLS 33.298933 26.511138
2019-01-13 22:04:42,700 Ticker in list found and processed: VXAZNCLS
2019-01-13 22:04:42,700 set10 VXOCLS_70rsi 50.000000 50.000000
2019-01-13 22:04:42,700 RSI processed VXOCLS_70rsi
2019-01-13 22:04:42,700 set10 VXOCLS_14rsi 50.000000 50.000000
2019-01-13 22:04:42,701 RSI processed VXOCLS_14rsi
2019-01-13 22:04:42,703 set10 VXOCLS 20.043424 26.819772
2019-01-13 22:04:42,910 Ticker in list found and processed: VXOCLS
2019-01-13 22:04:42,910 set10 VXTYN_70rsi 50.000000 50.000000
2019-01-13 22:04:42,911 RSI processed VXTYN_70rsi
2019-01-13 22:04:42,911 set10 VXTYN_14rsi 50.000000 50.000000
2019-01-13 22:04:42,912 RSI processed VXTYN_14rsi
2019-01-13 22:04:42,914 set10 VXTYN 6.302889 6.167289
2019-01-13 22:04:43,160 Ticker in list found and processed: VXTYN
2019-01-13 22:04:43,161 set10 VIXCLS_70rsi 50.000000 50.000000
2019-01-13 22:04:43,161 RSI processed VIXCLS_70rsi
2019-01-13 22:04:43,162 set10 VIXCLS_14rsi 50.000000 50.000000
2019-01-13 22:04:43,162 RSI processed VIXCLS_14rsi
2019-01-13 22:04:43,164 set10 VIXCLS 19.275881 23.430396
2019-01-13 22:04:43,373 Ticker in list found and processed: VIXCLS
2019-01-13 22:04:43,373 Done fred data col by col.
2019-01-13 22:04:54,246 Done wrote fred output.
