2019-01-12 22:57:51,710 Done read av data in.
2019-01-12 22:57:51,712 RSI processed GOOG_70rsi
2019-01-12 22:57:51,713 RSI processed GOOG_14rsi
2019-01-12 22:57:51,713 RSI processed GS_70rsi
2019-01-12 22:57:51,714 RSI processed GS_14rsi
2019-01-12 22:57:51,714 RSI processed V_70rsi
2019-01-12 22:57:51,715 RSI processed V_14rsi
2019-01-12 22:57:51,715 RSI processed C_70rsi
2019-01-12 22:57:51,716 RSI processed C_14rsi
2019-01-12 22:57:51,716 RSI processed QQQ_70rsi
2019-01-12 22:57:51,717 RSI processed QQQ_14rsi
2019-01-12 22:57:51,717 RSI processed TIP_70rsi
2019-01-12 22:57:51,718 RSI processed TIP_14rsi
2019-01-12 22:57:51,718 RSI processed ^N225_70rsi
2019-01-12 22:57:51,719 RSI processed ^N225_14rsi
2019-01-12 22:57:51,719 RSI processed HYG_70rsi
2019-01-12 22:57:51,720 RSI processed HYG_14rsi
2019-01-12 22:57:51,720 RSI processed EMB_70rsi
2019-01-12 22:57:51,720 RSI processed EMB_14rsi
2019-01-12 22:57:51,721 RSI processed DAX_70rsi
2019-01-12 22:57:51,721 RSI processed DAX_14rsi
2019-01-12 22:57:51,722 RSI processed ^GSPC_70rsi
2019-01-12 22:57:51,724 RSI processed ^GSPC_14rsi
2019-01-12 22:57:51,724 RSI processed ^RUT_70rsi
2019-01-12 22:57:51,725 RSI processed ^RUT_14rsi
2019-01-12 22:57:51,725 RSI processed ^DJI_70rsi
2019-01-12 22:57:51,725 RSI processed ^DJI_14rsi
2019-01-12 22:57:51,726 RSI processed ^NYA_70rsi
2019-01-12 22:57:51,726 RSI processed ^NYA_14rsi
2019-01-12 22:57:51,727 RSI processed ^XOI_70rsi
2019-01-12 22:57:51,727 RSI processed ^XOI_14rsi
2019-01-12 22:57:51,728 RSI processed ^VXN_70rsi
2019-01-12 22:57:51,728 RSI processed ^VXN_14rsi
2019-01-12 22:57:51,729 RSI processed XLI_70rsi
2019-01-12 22:57:51,729 RSI processed XLI_14rsi
2019-01-12 22:57:51,730 RSI processed XLB_70rsi
2019-01-12 22:57:51,730 RSI processed XLB_14rsi
2019-01-12 22:57:51,730 RSI processed VNQ_70rsi
2019-01-12 22:57:51,731 RSI processed VNQ_14rsi
2019-01-12 22:57:51,731 RSI processed XLY_70rsi
2019-01-12 22:57:51,732 RSI processed XLY_14rsi
2019-01-12 22:57:51,732 RSI processed XLP_70rsi
2019-01-12 22:57:51,733 RSI processed XLP_14rsi
2019-01-12 22:57:51,733 RSI processed XLF_70rsi
2019-01-12 22:57:51,734 RSI processed XLF_14rsi
2019-01-12 22:57:51,734 RSI processed KBE_70rsi
2019-01-12 22:57:51,734 RSI processed KBE_14rsi
2019-01-12 22:57:51,735 RSI processed KRE_70rsi
2019-01-12 22:57:51,735 RSI processed KRE_14rsi
2019-01-12 22:57:51,736 RSI processed IBB_70rsi
2019-01-12 22:57:51,736 RSI processed IBB_14rsi
2019-01-12 22:57:51,737 RSI processed XLV_70rsi
2019-01-12 22:57:51,737 RSI processed XLV_14rsi
2019-01-12 22:57:51,738 RSI processed FDN_70rsi
2019-01-12 22:57:51,738 RSI processed FDN_14rsi
2019-01-12 22:57:51,738 RSI processed VTI_70rsi
2019-01-12 22:57:51,739 RSI processed VTI_14rsi
2019-01-12 22:57:51,739 RSI processed GSG_70rsi
2019-01-12 22:57:51,740 RSI processed GSG_14rsi
2019-01-12 22:57:51,740 RSI processed DBC_70rsi
2019-01-12 22:57:51,741 RSI processed DBC_14rsi
2019-01-12 22:57:51,741 RSI processed USO_70rsi
2019-01-12 22:57:51,742 RSI processed USO_14rsi
2019-01-12 22:57:51,742 RSI processed PEJ_70rsi
2019-01-12 22:57:51,742 RSI processed PEJ_14rsi
2019-01-12 22:57:51,743 RSI processed IYT_70rsi
2019-01-12 22:57:51,743 RSI processed IYT_14rsi
2019-01-12 22:57:51,744 RSI processed IYW_70rsi
2019-01-12 22:57:51,744 RSI processed IYW_14rsi
2019-01-12 22:57:51,745 RSI processed IYR_70rsi
2019-01-12 22:57:51,745 RSI processed IYR_14rsi
2019-01-12 22:57:51,746 RSI processed IYF_70rsi
2019-01-12 22:57:51,746 RSI processed IYF_14rsi
2019-01-12 22:57:51,747 RSI processed IYY_70rsi
2019-01-12 22:57:51,747 RSI processed IYY_14rsi
2019-01-12 22:57:51,747 RSI processed IYE_70rsi
2019-01-12 22:57:51,748 RSI processed IYE_14rsi
2019-01-12 22:57:51,748 RSI processed TQQQ_70rsi
2019-01-12 22:57:51,749 RSI processed TQQQ_14rsi
2019-01-12 22:57:51,749 RSI processed SQQQ_70rsi
2019-01-12 22:57:51,750 RSI processed SQQQ_14rsi
2019-01-12 22:57:51,750 RSI processed ^TYX_70rsi
2019-01-12 22:57:51,751 RSI processed ^TYX_14rsi
2019-01-12 22:57:51,751 RSI processed ^FVX_70rsi
2019-01-12 22:57:51,752 RSI processed ^FVX_14rsi
2019-01-12 22:57:51,752 RSI processed ^IRX_70rsi
2019-01-12 22:57:51,752 RSI processed ^IRX_14rsi
2019-01-12 22:57:51,753 RSI processed IEF_70rsi
2019-01-12 22:57:51,753 RSI processed IEF_14rsi
2019-01-12 22:57:51,754 RSI processed SHV_70rsi
2019-01-12 22:57:51,755 RSI processed SHV_14rsi
2019-01-12 22:57:51,755 RSI processed SHY_70rsi
2019-01-12 22:57:51,756 RSI processed SHY_14rsi
2019-01-12 22:57:51,756 RSI processed UUP_70rsi
2019-01-12 22:57:51,757 RSI processed UUP_14rsi
2019-01-12 22:57:51,757 RSI processed GLD_70rsi
2019-01-12 22:57:51,758 RSI processed GLD_14rsi
2019-01-12 22:57:51,758 RSI processed DX-Y.NYB_70rsi
2019-01-12 22:57:51,758 RSI processed DX-Y.NYB_14rsi
2019-01-12 22:57:51,759 RSI processed OIL_70rsi
2019-01-12 22:57:51,759 RSI processed OIL_14rsi
2019-01-12 22:57:51,760 RSI processed PYPL_70rsi
2019-01-12 22:57:51,760 RSI processed PYPL_14rsi
2019-01-12 22:57:51,761 RSI processed MA_70rsi
2019-01-12 22:57:51,761 RSI processed MA_14rsi
2019-01-12 22:57:51,762 RSI processed WFC_70rsi
2019-01-12 22:57:51,762 RSI processed WFC_14rsi
2019-01-12 22:57:51,763 RSI processed BAC_70rsi
2019-01-12 22:57:51,763 RSI processed BAC_14rsi
2019-01-12 22:57:51,764 RSI processed JNJ_70rsi
2019-01-12 22:57:51,764 RSI processed JNJ_14rsi
2019-01-12 22:57:51,765 RSI processed JPM_70rsi
2019-01-12 22:57:51,765 RSI processed JPM_14rsi
2019-01-12 22:57:51,766 RSI processed GOOGL_70rsi
2019-01-12 22:57:51,766 RSI processed GOOGL_14rsi
2019-01-12 22:57:51,767 RSI processed SPY_70rsi
2019-01-12 22:57:51,767 RSI processed SPY_14rsi
2019-01-12 22:57:51,768 RSI processed FB_70rsi
2019-01-12 22:57:51,768 RSI processed FB_14rsi
2019-01-12 22:57:51,768 RSI processed IBM_70rsi
2019-01-12 22:57:51,769 RSI processed IBM_14rsi
2019-01-12 22:57:51,769 RSI processed MSFT_70rsi
2019-01-12 22:57:51,770 RSI processed MSFT_14rsi
2019-01-12 22:57:51,770 RSI processed ^TNX_70rsi
2019-01-12 22:57:51,771 RSI processed ^TNX_14rsi
2019-01-12 22:57:51,771 RSI processed AAPL_70rsi
2019-01-12 22:57:51,772 RSI processed AAPL_14rsi
2019-01-12 22:57:51,772 RSI processed MIDU_70rsi
2019-01-12 22:57:51,773 RSI processed MIDU_14rsi
2019-01-12 22:57:51,773 RSI processed FAS_70rsi
2019-01-12 22:57:51,773 RSI processed FAS_14rsi
2019-01-12 22:57:51,774 RSI processed ^VIX_70rsi
2019-01-12 22:57:51,774 RSI processed ^VIX_14rsi
2019-01-12 22:57:51,774 Done av data col by col.
2019-01-12 22:58:03,518 Wrote av data output.
2019-01-12 22:58:04,690 Done read fred data in.
2019-01-12 22:58:04,691 RSI processed DCOILWTICO_70rsi
2019-01-12 22:58:04,691 RSI processed DCOILWTICO_14rsi
2019-01-12 22:58:04,692 RSI processed GOLDAMGBD228NLBM_70rsi
2019-01-12 22:58:04,692 RSI processed GOLDAMGBD228NLBM_14rsi
2019-01-12 22:58:04,693 RSI processed DTWEXM_70rsi
2019-01-12 22:58:04,693 RSI processed DTWEXM_14rsi
2019-01-12 22:58:04,694 RSI processed HQMCB10YR_70rsi
2019-01-12 22:58:04,694 RSI processed HQMCB10YR_14rsi
2019-01-12 22:58:04,695 RSI processed T10YFF_70rsi
2019-01-12 22:58:04,695 RSI processed T10YFF_14rsi
2019-01-12 22:58:04,696 RSI processed BAA10Y_70rsi
2019-01-12 22:58:04,696 RSI processed BAA10Y_14rsi
2019-01-12 22:58:04,697 RSI processed DFII10_70rsi
2019-01-12 22:58:04,697 RSI processed DFII10_14rsi
2019-01-12 22:58:04,698 RSI processed T10YIE_70rsi
2019-01-12 22:58:04,699 RSI processed T10YIE_14rsi
2019-01-12 22:58:04,699 RSI processed DGS3MO_70rsi
2019-01-12 22:58:04,700 RSI processed DGS3MO_14rsi
2019-01-12 22:58:04,700 RSI processed DGS10_70rsi
2019-01-12 22:58:04,701 RSI processed DGS10_14rsi
2019-01-12 22:58:04,701 RSI processed T10Y3M_70rsi
2019-01-12 22:58:04,702 RSI processed T10Y3M_14rsi
2019-01-12 22:58:04,702 RSI processed DGS2_70rsi
2019-01-12 22:58:04,703 RSI processed DGS2_14rsi
2019-01-12 22:58:04,703 RSI processed T10Y2Y_70rsi
2019-01-12 22:58:04,704 RSI processed T10Y2Y_14rsi
2019-01-12 22:58:04,704 RSI processed VXVCLS_70rsi
2019-01-12 22:58:04,705 RSI processed VXVCLS_14rsi
2019-01-12 22:58:04,705 RSI processed BAMLH0A0HYM2_70rsi
2019-01-12 22:58:04,706 RSI processed BAMLH0A0HYM2_14rsi
2019-01-12 22:58:04,706 RSI processed BAMLEMCBPIOAS_70rsi
2019-01-12 22:58:04,707 RSI processed BAMLEMCBPIOAS_14rsi
2019-01-12 22:58:04,707 RSI processed RVXCLS_70rsi
2019-01-12 22:58:04,708 RSI processed RVXCLS_14rsi
2019-01-12 22:58:04,709 RSI processed RU2000PR_70rsi
2019-01-12 22:58:04,709 RSI processed RU2000PR_14rsi
2019-01-12 22:58:04,710 RSI processed DJIA_70rsi
2019-01-12 22:58:04,710 RSI processed DJIA_14rsi
2019-01-12 22:58:04,711 RSI processed VXNCLS_70rsi
2019-01-12 22:58:04,711 RSI processed VXNCLS_14rsi
2019-01-12 22:58:04,712 RSI processed NASDAQCOM_70rsi
2019-01-12 22:58:04,712 RSI processed NASDAQCOM_14rsi
2019-01-12 22:58:04,713 RSI processed WILL5000INDFC_70rsi
2019-01-12 22:58:04,713 RSI processed WILL5000INDFC_14rsi
2019-01-12 22:58:04,714 RSI processed NASDAQ100_70rsi
2019-01-12 22:58:04,714 RSI processed NASDAQ100_14rsi
2019-01-12 22:58:04,715 RSI processed OVXCLS_70rsi
2019-01-12 22:58:04,715 RSI processed OVXCLS_14rsi
2019-01-12 22:58:04,716 RSI processed GVZCLS_70rsi
2019-01-12 22:58:04,716 RSI processed GVZCLS_14rsi
2019-01-12 22:58:04,717 RSI processed VXEEMCLS_70rsi
2019-01-12 22:58:04,717 RSI processed VXEEMCLS_14rsi
2019-01-12 22:58:04,718 RSI processed VXFXICLS_70rsi
2019-01-12 22:58:04,718 RSI processed VXFXICLS_14rsi
2019-01-12 22:58:04,719 RSI processed VXDCLS_70rsi
2019-01-12 22:58:04,719 RSI processed VXDCLS_14rsi
2019-01-12 22:58:04,720 RSI processed VXAPLCLS_70rsi
2019-01-12 22:58:04,721 RSI processed VXAPLCLS_14rsi
2019-01-12 22:58:04,721 RSI processed VXGOGCLS_70rsi
2019-01-12 22:58:04,722 RSI processed VXGOGCLS_14rsi
2019-01-12 22:58:04,722 RSI processed VXGSCLS_70rsi
2019-01-12 22:58:04,723 RSI processed VXGSCLS_14rsi
2019-01-12 22:58:04,723 RSI processed VXIBMCLS_70rsi
2019-01-12 22:58:04,724 RSI processed VXIBMCLS_14rsi
2019-01-12 22:58:04,724 RSI processed VXAZNCLS_70rsi
2019-01-12 22:58:04,725 RSI processed VXAZNCLS_14rsi
2019-01-12 22:58:04,726 RSI processed VXOCLS_70rsi
2019-01-12 22:58:04,727 RSI processed VXOCLS_14rsi
2019-01-12 22:58:04,727 RSI processed VXTYN_70rsi
2019-01-12 22:58:04,728 RSI processed VXTYN_14rsi
2019-01-12 22:58:04,728 RSI processed VIXCLS_70rsi
2019-01-12 22:58:04,729 RSI processed VIXCLS_14rsi
2019-01-12 22:58:04,729 Done fred data col by col.
2019-01-12 22:58:14,314 Done wrote fred output.
