2019-01-13 22:01:35,751 Done read av data in.
2019-01-13 22:01:35,767 set10 GOOG_70rsi 50.000000 50.000000
2019-01-13 22:01:35,769 RSI processed GOOG_70rsi
2019-01-13 22:01:35,770 set10 GOOG_14rsi 50.000000 50.000000
2019-01-13 22:01:35,771 RSI processed GOOG_14rsi
2019-01-13 22:01:35,771 set10 GS_70rsi 50.000000 50.000000
2019-01-13 22:01:35,772 RSI processed GS_70rsi
2019-01-13 22:01:35,772 set10 GS_14rsi 50.000000 50.000000
2019-01-13 22:01:35,773 RSI processed GS_14rsi
2019-01-13 22:01:35,774 set10 V_70rsi 50.000000 50.000000
2019-01-13 22:01:35,775 RSI processed V_70rsi
2019-01-13 22:01:35,775 set10 V_14rsi 50.000000 50.000000
2019-01-13 22:01:35,776 RSI processed V_14rsi
2019-01-13 22:01:35,777 set10 C_70rsi 50.000000 50.000000
2019-01-13 22:01:35,777 RSI processed C_70rsi
2019-01-13 22:01:35,778 set10 C_14rsi 50.000000 50.000000
2019-01-13 22:01:35,779 RSI processed C_14rsi
2019-01-13 22:01:35,779 set10 QQQ_70rsi 50.000000 50.000000
2019-01-13 22:01:35,780 RSI processed QQQ_70rsi
2019-01-13 22:01:35,781 set10 QQQ_14rsi 50.000000 50.000000
2019-01-13 22:01:35,782 RSI processed QQQ_14rsi
2019-01-13 22:01:35,782 set10 TIP_70rsi 50.000000 50.000000
2019-01-13 22:01:35,783 RSI processed TIP_70rsi
2019-01-13 22:01:35,783 set10 TIP_14rsi 50.000000 50.000000
2019-01-13 22:01:35,784 RSI processed TIP_14rsi
2019-01-13 22:01:35,785 set10 ^N225_70rsi 50.000000 50.000000
2019-01-13 22:01:35,786 RSI processed ^N225_70rsi
2019-01-13 22:01:35,786 set10 ^N225_14rsi 50.000000 50.000000
2019-01-13 22:01:35,787 RSI processed ^N225_14rsi
2019-01-13 22:01:35,787 set10 HYG_70rsi 50.000000 50.000000
2019-01-13 22:01:35,788 RSI processed HYG_70rsi
2019-01-13 22:01:35,789 set10 HYG_14rsi 50.000000 50.000000
2019-01-13 22:01:35,790 RSI processed HYG_14rsi
2019-01-13 22:01:35,790 set10 EMB_70rsi 50.000000 50.000000
2019-01-13 22:01:35,791 RSI processed EMB_70rsi
2019-01-13 22:01:35,792 set10 EMB_14rsi 50.000000 50.000000
2019-01-13 22:01:35,792 RSI processed EMB_14rsi
2019-01-13 22:01:35,793 set10 DAX_70rsi 50.000000 50.000000
2019-01-13 22:01:35,794 RSI processed DAX_70rsi
2019-01-13 22:01:35,794 set10 DAX_14rsi 50.000000 50.000000
2019-01-13 22:01:35,795 RSI processed DAX_14rsi
2019-01-13 22:01:35,796 set10 ^GSPC_70rsi 50.000000 50.000000
2019-01-13 22:01:35,797 RSI processed ^GSPC_70rsi
2019-01-13 22:01:35,797 set10 ^GSPC_14rsi 50.000000 50.000000
2019-01-13 22:01:35,798 RSI processed ^GSPC_14rsi
2019-01-13 22:01:35,798 set10 ^RUT_70rsi 50.000000 50.000000
2019-01-13 22:01:35,799 RSI processed ^RUT_70rsi
2019-01-13 22:01:35,800 set10 ^RUT_14rsi 50.000000 50.000000
2019-01-13 22:01:35,801 RSI processed ^RUT_14rsi
2019-01-13 22:01:35,801 set10 ^DJI_70rsi 50.000000 50.000000
2019-01-13 22:01:35,802 RSI processed ^DJI_70rsi
2019-01-13 22:01:35,803 set10 ^DJI_14rsi 50.000000 50.000000
2019-01-13 22:01:35,804 RSI processed ^DJI_14rsi
2019-01-13 22:01:35,804 set10 ^NYA_70rsi 50.000000 50.000000
2019-01-13 22:01:35,805 RSI processed ^NYA_70rsi
2019-01-13 22:01:35,805 set10 ^NYA_14rsi 50.000000 50.000000
2019-01-13 22:01:35,806 RSI processed ^NYA_14rsi
2019-01-13 22:01:35,807 set10 ^XOI_70rsi 50.000000 50.000000
2019-01-13 22:01:35,808 RSI processed ^XOI_70rsi
2019-01-13 22:01:35,808 set10 ^XOI_14rsi 50.000000 50.000000
2019-01-13 22:01:35,809 RSI processed ^XOI_14rsi
2019-01-13 22:01:35,809 set10 ^VXN_70rsi 50.000000 50.000000
2019-01-13 22:01:35,810 RSI processed ^VXN_70rsi
2019-01-13 22:01:35,811 set10 ^VXN_14rsi 50.000000 50.000000
2019-01-13 22:01:35,812 RSI processed ^VXN_14rsi
2019-01-13 22:01:35,815 set10 ^VXN 25.385576 42.733365
2019-01-13 22:01:35,827 Ticker in list found and processed: ^VXN
2019-01-13 22:01:35,827 set10 XLI_70rsi 50.000000 50.000000
2019-01-13 22:01:35,828 RSI processed XLI_70rsi
2019-01-13 22:01:35,829 set10 XLI_14rsi 50.000000 50.000000
2019-01-13 22:01:35,830 RSI processed XLI_14rsi
2019-01-13 22:01:35,830 set10 XLB_70rsi 50.000000 50.000000
2019-01-13 22:01:35,831 RSI processed XLB_70rsi
2019-01-13 22:01:35,831 set10 XLB_14rsi 50.000000 50.000000
2019-01-13 22:01:35,832 RSI processed XLB_14rsi
2019-01-13 22:01:35,833 set10 VNQ_70rsi 50.000000 50.000000
2019-01-13 22:01:35,834 RSI processed VNQ_70rsi
2019-01-13 22:01:35,834 set10 VNQ_14rsi 50.000000 50.000000
2019-01-13 22:01:35,835 RSI processed VNQ_14rsi
2019-01-13 22:01:35,836 set10 XLY_70rsi 50.000000 50.000000
2019-01-13 22:01:35,836 RSI processed XLY_70rsi
2019-01-13 22:01:35,837 set10 XLY_14rsi 50.000000 50.000000
2019-01-13 22:01:35,838 RSI processed XLY_14rsi
2019-01-13 22:01:35,838 set10 XLP_70rsi 50.000000 50.000000
2019-01-13 22:01:35,839 RSI processed XLP_70rsi
2019-01-13 22:01:35,840 set10 XLP_14rsi 50.000000 50.000000
2019-01-13 22:01:35,841 RSI processed XLP_14rsi
2019-01-13 22:01:35,841 set10 XLF_70rsi 50.000000 50.000000
2019-01-13 22:01:35,842 RSI processed XLF_70rsi
2019-01-13 22:01:35,842 set10 XLF_14rsi 50.000000 50.000000
2019-01-13 22:01:35,843 RSI processed XLF_14rsi
2019-01-13 22:01:35,844 set10 KBE_70rsi 50.000000 50.000000
2019-01-13 22:01:35,845 RSI processed KBE_70rsi
2019-01-13 22:01:35,845 set10 KBE_14rsi 50.000000 50.000000
2019-01-13 22:01:35,846 RSI processed KBE_14rsi
2019-01-13 22:01:35,847 set10 KRE_70rsi 50.000000 50.000000
2019-01-13 22:01:35,847 RSI processed KRE_70rsi
2019-01-13 22:01:35,848 set10 KRE_14rsi 50.000000 50.000000
2019-01-13 22:01:35,849 RSI processed KRE_14rsi
2019-01-13 22:01:35,849 set10 IBB_70rsi 50.000000 50.000000
2019-01-13 22:01:35,850 RSI processed IBB_70rsi
2019-01-13 22:01:35,851 set10 IBB_14rsi 50.000000 50.000000
2019-01-13 22:01:35,852 RSI processed IBB_14rsi
2019-01-13 22:01:35,852 set10 XLV_70rsi 50.000000 50.000000
2019-01-13 22:01:35,853 RSI processed XLV_70rsi
2019-01-13 22:01:35,853 set10 XLV_14rsi 50.000000 50.000000
2019-01-13 22:01:35,854 RSI processed XLV_14rsi
2019-01-13 22:01:35,855 set10 FDN_70rsi 50.000000 50.000000
2019-01-13 22:01:35,856 RSI processed FDN_70rsi
2019-01-13 22:01:35,856 set10 FDN_14rsi 50.000000 50.000000
2019-01-13 22:01:35,857 RSI processed FDN_14rsi
2019-01-13 22:01:35,857 set10 VTI_70rsi 50.000000 50.000000
2019-01-13 22:01:35,858 RSI processed VTI_70rsi
2019-01-13 22:01:35,859 set10 VTI_14rsi 50.000000 50.000000
2019-01-13 22:01:35,860 RSI processed VTI_14rsi
2019-01-13 22:01:35,860 set10 GSG_70rsi 50.000000 50.000000
2019-01-13 22:01:35,861 RSI processed GSG_70rsi
2019-01-13 22:01:35,862 set10 GSG_14rsi 50.000000 50.000000
2019-01-13 22:01:35,862 RSI processed GSG_14rsi
2019-01-13 22:01:35,863 set10 DBC_70rsi 50.000000 50.000000
2019-01-13 22:01:35,864 RSI processed DBC_70rsi
2019-01-13 22:01:35,864 set10 DBC_14rsi 50.000000 50.000000
2019-01-13 22:01:35,865 RSI processed DBC_14rsi
2019-01-13 22:01:35,866 set10 USO_70rsi 50.000000 50.000000
2019-01-13 22:01:35,867 RSI processed USO_70rsi
2019-01-13 22:01:35,867 set10 USO_14rsi 50.000000 50.000000
2019-01-13 22:01:35,868 RSI processed USO_14rsi
2019-01-13 22:01:35,868 set10 PEJ_70rsi 50.000000 50.000000
2019-01-13 22:01:35,869 RSI processed PEJ_70rsi
2019-01-13 22:01:35,870 set10 PEJ_14rsi 50.000000 50.000000
2019-01-13 22:01:35,871 RSI processed PEJ_14rsi
2019-01-13 22:01:35,871 set10 IYT_70rsi 50.000000 50.000000
2019-01-13 22:01:35,872 RSI processed IYT_70rsi
2019-01-13 22:01:35,872 set10 IYT_14rsi 50.000000 50.000000
2019-01-13 22:01:35,873 RSI processed IYT_14rsi
2019-01-13 22:01:35,874 set10 IYW_70rsi 50.000000 50.000000
2019-01-13 22:01:35,875 RSI processed IYW_70rsi
2019-01-13 22:01:35,875 set10 IYW_14rsi 50.000000 50.000000
2019-01-13 22:01:35,876 RSI processed IYW_14rsi
2019-01-13 22:01:35,876 set10 IYR_70rsi 50.000000 50.000000
2019-01-13 22:01:35,877 RSI processed IYR_70rsi
2019-01-13 22:01:35,878 set10 IYR_14rsi 50.000000 50.000000
2019-01-13 22:01:35,879 RSI processed IYR_14rsi
2019-01-13 22:01:35,879 set10 IYF_70rsi 50.000000 50.000000
2019-01-13 22:01:35,880 RSI processed IYF_70rsi
2019-01-13 22:01:35,881 set10 IYF_14rsi 50.000000 50.000000
2019-01-13 22:01:35,881 RSI processed IYF_14rsi
2019-01-13 22:01:35,882 set10 IYY_70rsi 50.000000 50.000000
2019-01-13 22:01:35,883 RSI processed IYY_70rsi
2019-01-13 22:01:35,883 set10 IYY_14rsi 50.000000 50.000000
2019-01-13 22:01:35,884 RSI processed IYY_14rsi
2019-01-13 22:01:35,885 set10 IYE_70rsi 50.000000 50.000000
2019-01-13 22:01:35,886 RSI processed IYE_70rsi
2019-01-13 22:01:35,886 set10 IYE_14rsi 50.000000 50.000000
2019-01-13 22:01:35,887 RSI processed IYE_14rsi
2019-01-13 22:01:35,887 set10 TQQQ_70rsi 50.000000 50.000000
2019-01-13 22:01:35,888 RSI processed TQQQ_70rsi
2019-01-13 22:01:35,889 set10 TQQQ_14rsi 50.000000 50.000000
2019-01-13 22:01:35,890 RSI processed TQQQ_14rsi
2019-01-13 22:01:35,890 set10 SQQQ_70rsi 50.000000 50.000000
2019-01-13 22:01:35,891 RSI processed SQQQ_70rsi
2019-01-13 22:01:35,891 set10 SQQQ_14rsi 50.000000 50.000000
2019-01-13 22:01:35,892 RSI processed SQQQ_14rsi
2019-01-13 22:01:35,893 set10 ^TYX_70rsi 50.000000 50.000000
2019-01-13 22:01:35,894 RSI processed ^TYX_70rsi
2019-01-13 22:01:35,894 set10 ^TYX_14rsi 50.000000 50.000000
2019-01-13 22:01:35,895 RSI processed ^TYX_14rsi
2019-01-13 22:01:35,897 set10 ^TYX 4.132803 3.111302
2019-01-13 22:01:35,905 Ticker in list found and processed: ^TYX
2019-01-13 22:01:35,906 set10 ^FVX_70rsi 50.000000 50.000000
2019-01-13 22:01:35,907 RSI processed ^FVX_70rsi
2019-01-13 22:01:35,907 set10 ^FVX_14rsi 50.000000 50.000000
2019-01-13 22:01:35,908 RSI processed ^FVX_14rsi
2019-01-13 22:01:35,910 set10 ^FVX 2.807593 4.437855
2019-01-13 22:01:35,919 Ticker in list found and processed: ^FVX
2019-01-13 22:01:35,919 set10 ^IRX_70rsi 50.000000 50.000000
2019-01-13 22:01:35,920 RSI processed ^IRX_70rsi
2019-01-13 22:01:35,921 set10 ^IRX_14rsi 50.000000 50.000000
2019-01-13 22:01:35,922 RSI processed ^IRX_14rsi
2019-01-13 22:01:35,924 set10 ^IRX 1.592465 5.442526
2019-01-13 22:01:35,932 Ticker in list found and processed: ^IRX
2019-01-13 22:01:35,932 set10 IEF_70rsi 50.000000 50.000000
2019-01-13 22:01:35,933 RSI processed IEF_70rsi
2019-01-13 22:01:35,934 set10 IEF_14rsi 50.000000 50.000000
2019-01-13 22:01:35,935 RSI processed IEF_14rsi
2019-01-13 22:01:35,935 set10 SHV_70rsi 50.000000 50.000000
2019-01-13 22:01:35,936 RSI processed SHV_70rsi
2019-01-13 22:01:35,937 set10 SHV_14rsi 50.000000 50.000000
2019-01-13 22:01:35,937 RSI processed SHV_14rsi
2019-01-13 22:01:35,938 set10 SHY_70rsi 50.000000 50.000000
2019-01-13 22:01:35,939 RSI processed SHY_70rsi
2019-01-13 22:01:35,939 set10 SHY_14rsi 50.000000 50.000000
2019-01-13 22:01:35,940 RSI processed SHY_14rsi
2019-01-13 22:01:35,941 set10 UUP_70rsi 50.000000 50.000000
2019-01-13 22:01:35,942 RSI processed UUP_70rsi
2019-01-13 22:01:35,942 set10 UUP_14rsi 50.000000 50.000000
2019-01-13 22:01:35,943 RSI processed UUP_14rsi
2019-01-13 22:01:35,943 set10 GLD_70rsi 50.000000 50.000000
2019-01-13 22:01:35,944 RSI processed GLD_70rsi
2019-01-13 22:01:35,945 set10 GLD_14rsi 50.000000 50.000000
2019-01-13 22:01:35,946 RSI processed GLD_14rsi
2019-01-13 22:01:35,946 set10 DX-Y.NYB_70rsi 50.000000 50.000000
2019-01-13 22:01:35,947 RSI processed DX-Y.NYB_70rsi
2019-01-13 22:01:35,947 set10 DX-Y.NYB_14rsi 50.000000 50.000000
2019-01-13 22:01:35,948 RSI processed DX-Y.NYB_14rsi
2019-01-13 22:01:35,951 set10 DX-Y.NYB 70.649544 99.262537
2019-01-13 22:01:35,959 Ticker in list found and processed: DX-Y.NYB
2019-01-13 22:01:35,960 set10 OIL_70rsi 50.000000 50.000000
2019-01-13 22:01:35,961 RSI processed OIL_70rsi
2019-01-13 22:01:35,961 set10 OIL_14rsi 50.000000 50.000000
2019-01-13 22:01:35,962 RSI processed OIL_14rsi
2019-01-13 22:01:35,963 set10 PYPL_70rsi 50.000000 50.000000
2019-01-13 22:01:35,964 RSI processed PYPL_70rsi
2019-01-13 22:01:35,964 set10 PYPL_14rsi 50.000000 50.000000
2019-01-13 22:01:35,965 RSI processed PYPL_14rsi
2019-01-13 22:01:35,965 set10 MA_70rsi 50.000000 50.000000
2019-01-13 22:01:35,966 RSI processed MA_70rsi
2019-01-13 22:01:35,970 set10 MA_14rsi 50.000000 50.000000
2019-01-13 22:01:35,971 RSI processed MA_14rsi
2019-01-13 22:01:35,972 set10 WFC_70rsi 50.000000 50.000000
2019-01-13 22:01:35,973 RSI processed WFC_70rsi
2019-01-13 22:01:35,973 set10 WFC_14rsi 50.000000 50.000000
2019-01-13 22:01:35,974 RSI processed WFC_14rsi
2019-01-13 22:01:35,975 set10 BAC_70rsi 50.000000 50.000000
2019-01-13 22:01:35,975 RSI processed BAC_70rsi
2019-01-13 22:01:35,976 set10 BAC_14rsi 50.000000 50.000000
2019-01-13 22:01:35,977 RSI processed BAC_14rsi
2019-01-13 22:01:35,977 set10 JNJ_70rsi 50.000000 50.000000
2019-01-13 22:01:35,978 RSI processed JNJ_70rsi
2019-01-13 22:01:35,979 set10 JNJ_14rsi 50.000000 50.000000
2019-01-13 22:01:35,979 RSI processed JNJ_14rsi
2019-01-13 22:01:35,980 set10 JPM_70rsi 50.000000 50.000000
2019-01-13 22:01:35,981 RSI processed JPM_70rsi
2019-01-13 22:01:35,981 set10 JPM_14rsi 50.000000 50.000000
2019-01-13 22:01:35,982 RSI processed JPM_14rsi
2019-01-13 22:01:35,983 set10 GOOGL_70rsi 50.000000 50.000000
2019-01-13 22:01:35,984 RSI processed GOOGL_70rsi
2019-01-13 22:01:35,984 set10 GOOGL_14rsi 50.000000 50.000000
2019-01-13 22:01:35,985 RSI processed GOOGL_14rsi
2019-01-13 22:01:35,985 set10 SPY_70rsi 50.000000 50.000000
2019-01-13 22:01:35,986 RSI processed SPY_70rsi
2019-01-13 22:01:35,987 set10 SPY_14rsi 50.000000 50.000000
2019-01-13 22:01:35,988 RSI processed SPY_14rsi
2019-01-13 22:01:35,988 set10 FB_70rsi 50.000000 50.000000
2019-01-13 22:01:35,989 RSI processed FB_70rsi
2019-01-13 22:01:35,989 set10 FB_14rsi 50.000000 50.000000
2019-01-13 22:01:35,990 RSI processed FB_14rsi
2019-01-13 22:01:35,991 set10 IBM_70rsi 50.000000 50.000000
2019-01-13 22:01:35,992 RSI processed IBM_70rsi
2019-01-13 22:01:35,992 set10 IBM_14rsi 50.000000 50.000000
2019-01-13 22:01:35,993 RSI processed IBM_14rsi
2019-01-13 22:01:35,993 set10 MSFT_70rsi 50.000000 50.000000
2019-01-13 22:01:35,994 RSI processed MSFT_70rsi
2019-01-13 22:01:35,995 set10 MSFT_14rsi 50.000000 50.000000
2019-01-13 22:01:35,996 RSI processed MSFT_14rsi
2019-01-13 22:01:35,996 set10 ^TNX_70rsi 50.000000 50.000000
2019-01-13 22:01:35,997 RSI processed ^TNX_70rsi
2019-01-13 22:01:35,997 set10 ^TNX_14rsi 50.000000 50.000000
2019-01-13 22:01:35,998 RSI processed ^TNX_14rsi
2019-01-13 22:01:36,000 set10 ^TNX 3.483990 3.696739
2019-01-13 22:01:36,009 Ticker in list found and processed: ^TNX
2019-01-13 22:01:36,010 set10 AAPL_70rsi 50.000000 50.000000
2019-01-13 22:01:36,011 RSI processed AAPL_70rsi
2019-01-13 22:01:36,011 set10 AAPL_14rsi 50.000000 50.000000
2019-01-13 22:01:36,012 RSI processed AAPL_14rsi
2019-01-13 22:01:36,012 set10 MIDU_70rsi 50.000000 50.000000
2019-01-13 22:01:36,013 RSI processed MIDU_70rsi
2019-01-13 22:01:36,014 set10 MIDU_14rsi 50.000000 50.000000
2019-01-13 22:01:36,015 RSI processed MIDU_14rsi
2019-01-13 22:01:36,015 set10 FAS_70rsi 50.000000 50.000000
2019-01-13 22:01:36,016 RSI processed FAS_70rsi
2019-01-13 22:01:36,016 set10 FAS_14rsi 50.000000 50.000000
2019-01-13 22:01:36,017 RSI processed FAS_14rsi
2019-01-13 22:01:36,018 set10 ^VIX_70rsi 50.000000 50.000000
2019-01-13 22:01:36,019 RSI processed ^VIX_70rsi
2019-01-13 22:01:36,019 set10 ^VIX_14rsi 50.000000 50.000000
2019-01-13 22:01:36,020 RSI processed ^VIX_14rsi
2019-01-13 22:01:36,022 set10 ^VIX 19.706426 25.844382
2019-01-13 22:01:36,030 Ticker in list found and processed: ^VIX
2019-01-13 22:01:36,030 Done av data col by col.
2019-01-13 22:01:48,454 Wrote av data output.
2019-01-13 22:01:49,690 Done read fred data in.
2019-01-13 22:01:49,704 set10 DCOILWTICO_70rsi 50.000000 50.000000
2019-01-13 22:01:49,706 RSI processed DCOILWTICO_70rsi
2019-01-13 22:01:49,706 set10 DCOILWTICO_14rsi 50.000000 50.000000
2019-01-13 22:01:49,707 RSI processed DCOILWTICO_14rsi
2019-01-13 22:01:49,708 set10 GOLDAMGBD228NLBM_70rsi 50.000000 50.000000
2019-01-13 22:01:49,709 RSI processed GOLDAMGBD228NLBM_70rsi
2019-01-13 22:01:49,709 set10 GOLDAMGBD228NLBM_14rsi 50.000000 50.000000
2019-01-13 22:01:49,711 RSI processed GOLDAMGBD228NLBM_14rsi
2019-01-13 22:01:49,711 set10 DTWEXM_70rsi 50.000000 50.000000
2019-01-13 22:01:49,712 RSI processed DTWEXM_70rsi
2019-01-13 22:01:49,712 set10 DTWEXM_14rsi 50.000000 50.000000
2019-01-13 22:01:49,713 RSI processed DTWEXM_14rsi
2019-01-13 22:01:49,715 set10 DTWEXM 94.114780 42.121475
2019-01-13 22:01:49,922 Ticker in list found and processed: DTWEXM
2019-01-13 22:01:49,922 set10 HQMCB10YR_70rsi 50.000000 50.000000
2019-01-13 22:01:49,924 RSI processed HQMCB10YR_70rsi
2019-01-13 22:01:49,924 set10 HQMCB10YR_14rsi 50.000000 50.000000
2019-01-13 22:01:49,925 RSI processed HQMCB10YR_14rsi
2019-01-13 22:01:49,927 set10 HQMCB10YR 6.761122 7.204452
2019-01-13 22:01:50,157 Ticker in list found and processed: HQMCB10YR
2019-01-13 22:01:50,157 set10 T10YFF_70rsi 50.000000 50.000000
2019-01-13 22:01:50,159 RSI processed T10YFF_70rsi
2019-01-13 22:01:50,159 set10 T10YFF_14rsi 50.000000 50.000000
2019-01-13 22:01:50,160 RSI processed T10YFF_14rsi
2019-01-13 22:01:50,162 set10 T10YFF 1.061784 5.067784
2019-01-13 22:01:50,361 Ticker in list found and processed: T10YFF
2019-01-13 22:01:50,361 set10 BAA10Y_70rsi 50.000000 50.000000
2019-01-13 22:01:50,363 RSI processed BAA10Y_70rsi
2019-01-13 22:01:50,363 set10 BAA10Y_14rsi 50.000000 50.000000
2019-01-13 22:01:50,364 RSI processed BAA10Y_14rsi
2019-01-13 22:01:50,366 set10 BAA10Y 2.329408 2.176750
2019-01-13 22:01:50,567 Ticker in list found and processed: BAA10Y
2019-01-13 22:01:50,568 set10 DFII10_70rsi 50.000000 50.000000
2019-01-13 22:01:50,569 RSI processed DFII10_70rsi
2019-01-13 22:01:50,569 set10 DFII10_14rsi 50.000000 50.000000
2019-01-13 22:01:50,570 RSI processed DFII10_14rsi
2019-01-13 22:01:50,572 set10 DFII10 1.093044 2.686709
2019-01-13 22:01:50,769 Ticker in list found and processed: DFII10
2019-01-13 22:01:50,770 set10 T10YIE_70rsi 50.000000 50.000000
2019-01-13 22:01:50,771 RSI processed T10YIE_70rsi
2019-01-13 22:01:50,771 set10 T10YIE_14rsi 50.000000 50.000000
2019-01-13 22:01:50,772 RSI processed T10YIE_14rsi
2019-01-13 22:01:50,774 set10 T10YIE 2.084377 1.193681
2019-01-13 22:01:51,019 Ticker in list found and processed: T10YIE
2019-01-13 22:01:51,020 set10 DGS3MO_70rsi 50.000000 50.000000
2019-01-13 22:01:51,021 RSI processed DGS3MO_70rsi
2019-01-13 22:01:51,021 set10 DGS3MO_14rsi 50.000000 50.000000
2019-01-13 22:01:51,022 RSI processed DGS3MO_14rsi
2019-01-13 22:01:51,024 set10 DGS3MO 3.951351 9.430470
2019-01-13 22:01:51,224 Ticker in list found and processed: DGS3MO
2019-01-13 22:01:51,225 set10 DGS10_70rsi 50.000000 50.000000
2019-01-13 22:01:51,226 RSI processed DGS10_70rsi
2019-01-13 22:01:51,227 set10 DGS10_14rsi 50.000000 50.000000
2019-01-13 22:01:51,228 RSI processed DGS10_14rsi
2019-01-13 22:01:51,230 set10 DGS10 6.186426 8.625198
2019-01-13 22:01:51,426 Ticker in list found and processed: DGS10
2019-01-13 22:01:51,427 set10 T10Y3M_70rsi 50.000000 50.000000
2019-01-13 22:01:51,428 RSI processed T10Y3M_70rsi
2019-01-13 22:01:51,428 set10 T10Y3M_14rsi 50.000000 50.000000
2019-01-13 22:01:51,429 RSI processed T10Y3M_14rsi
2019-01-13 22:01:51,432 set10 T10Y3M 1.822088 3.285942
2019-01-13 22:01:51,661 Ticker in list found and processed: T10Y3M
2019-01-13 22:01:51,662 set10 DGS2_70rsi 50.000000 50.000000
2019-01-13 22:01:51,663 RSI processed DGS2_70rsi
2019-01-13 22:01:51,663 set10 DGS2_14rsi 50.000000 50.000000
2019-01-13 22:01:51,664 RSI processed DGS2_14rsi
2019-01-13 22:01:51,666 set10 DGS2 5.352247 11.296562
2019-01-13 22:01:51,866 Ticker in list found and processed: DGS2
2019-01-13 22:01:51,867 set10 T10Y2Y_70rsi 50.000000 50.000000
2019-01-13 22:01:51,869 RSI processed T10Y2Y_70rsi
2019-01-13 22:01:51,869 set10 T10Y2Y_14rsi 50.000000 50.000000
2019-01-13 22:01:51,870 RSI processed T10Y2Y_14rsi
2019-01-13 22:01:51,872 set10 T10Y2Y 0.954003 2.762933
2019-01-13 22:01:52,069 Ticker in list found and processed: T10Y2Y
2019-01-13 22:01:52,070 set10 VXVCLS_70rsi 50.000000 50.000000
2019-01-13 22:01:52,071 RSI processed VXVCLS_70rsi
2019-01-13 22:01:52,072 set10 VXVCLS_14rsi 50.000000 50.000000
2019-01-13 22:01:52,073 RSI processed VXVCLS_14rsi
2019-01-13 22:01:52,075 set10 VXVCLS 21.271491 24.883581
2019-01-13 22:01:52,308 Ticker in list found and processed: VXVCLS
2019-01-13 22:01:52,308 set10 BAMLH0A0HYM2_70rsi 50.000000 50.000000
2019-01-13 22:01:52,310 RSI processed BAMLH0A0HYM2_70rsi
2019-01-13 22:01:52,310 set10 BAMLH0A0HYM2_14rsi 50.000000 50.000000
2019-01-13 22:01:52,311 RSI processed BAMLH0A0HYM2_14rsi
2019-01-13 22:01:52,313 set10 BAMLH0A0HYM2 5.614070 8.194568
2019-01-13 22:01:52,510 Ticker in list found and processed: BAMLH0A0HYM2
2019-01-13 22:01:52,511 set10 BAMLEMCBPIOAS_70rsi 50.000000 50.000000
2019-01-13 22:01:52,512 RSI processed BAMLEMCBPIOAS_70rsi
2019-01-13 22:01:52,512 set10 BAMLEMCBPIOAS_14rsi 50.000000 50.000000
2019-01-13 22:01:52,513 RSI processed BAMLEMCBPIOAS_14rsi
2019-01-13 22:01:52,516 set10 BAMLEMCBPIOAS 3.920873 6.000883
2019-01-13 22:01:52,712 Ticker in list found and processed: BAMLEMCBPIOAS
2019-01-13 22:01:52,713 set10 RVXCLS_70rsi 50.000000 50.000000
2019-01-13 22:01:52,714 RSI processed RVXCLS_70rsi
2019-01-13 22:01:52,715 set10 RVXCLS_14rsi 50.000000 50.000000
2019-01-13 22:01:52,716 RSI processed RVXCLS_14rsi
2019-01-13 22:01:52,718 set10 RVXCLS 23.820705 28.645815
2019-01-13 22:01:52,965 Ticker in list found and processed: RVXCLS
2019-01-13 22:01:52,968 set10 RU2000PR_70rsi 50.000000 50.000000
2019-01-13 22:01:52,969 RSI processed RU2000PR_70rsi
2019-01-13 22:01:52,970 set10 RU2000PR_14rsi 50.000000 50.000000
2019-01-13 22:01:52,971 RSI processed RU2000PR_14rsi
2019-01-13 22:01:52,971 set10 DJIA_70rsi 50.000000 50.000000
2019-01-13 22:01:52,972 RSI processed DJIA_70rsi
2019-01-13 22:01:52,973 set10 DJIA_14rsi 50.000000 50.000000
2019-01-13 22:01:52,974 RSI processed DJIA_14rsi
2019-01-13 22:01:52,974 set10 VXNCLS_70rsi 50.000000 50.000000
2019-01-13 22:01:52,975 RSI processed VXNCLS_70rsi
2019-01-13 22:01:52,976 set10 VXNCLS_14rsi 50.000000 50.000000
2019-01-13 22:01:52,977 RSI processed VXNCLS_14rsi
2019-01-13 22:01:52,979 set10 VXNCLS 24.676977 36.428853
2019-01-13 22:01:53,183 Ticker in list found and processed: VXNCLS
2019-01-13 22:01:53,184 set10 NASDAQCOM_70rsi 50.000000 50.000000
2019-01-13 22:01:53,185 RSI processed NASDAQCOM_70rsi
2019-01-13 22:01:53,186 set10 NASDAQCOM_14rsi 50.000000 50.000000
2019-01-13 22:01:53,187 RSI processed NASDAQCOM_14rsi
2019-01-13 22:01:53,187 set10 WILL5000INDFC_70rsi 50.000000 50.000000
2019-01-13 22:01:53,188 RSI processed WILL5000INDFC_70rsi
2019-01-13 22:01:53,189 set10 WILL5000INDFC_14rsi 50.000000 50.000000
2019-01-13 22:01:53,190 RSI processed WILL5000INDFC_14rsi
2019-01-13 22:01:53,190 set10 NASDAQ100_70rsi 50.000000 50.000000
2019-01-13 22:01:53,191 RSI processed NASDAQ100_70rsi
2019-01-13 22:01:53,192 set10 NASDAQ100_14rsi 50.000000 50.000000
2019-01-13 22:01:53,193 RSI processed NASDAQ100_14rsi
2019-01-13 22:01:53,193 set10 OVXCLS_70rsi 50.000000 50.000000
2019-01-13 22:01:53,194 RSI processed OVXCLS_70rsi
2019-01-13 22:01:53,195 set10 OVXCLS_14rsi 50.000000 50.000000
2019-01-13 22:01:53,196 RSI processed OVXCLS_14rsi
2019-01-13 22:01:53,198 set10 OVXCLS 36.245300 40.818551
2019-01-13 22:01:53,399 Ticker in list found and processed: OVXCLS
2019-01-13 22:01:53,399 set10 GVZCLS_70rsi 50.000000 50.000000
2019-01-13 22:01:53,401 RSI processed GVZCLS_70rsi
2019-01-13 22:01:53,401 set10 GVZCLS_14rsi 50.000000 50.000000
2019-01-13 22:01:53,402 RSI processed GVZCLS_14rsi
2019-01-13 22:01:53,404 set10 GVZCLS 19.605623 23.358292
2019-01-13 22:01:53,644 Ticker in list found and processed: GVZCLS
2019-01-13 22:01:53,644 set10 VXEEMCLS_70rsi 50.000000 50.000000
2019-01-13 22:01:53,646 RSI processed VXEEMCLS_70rsi
2019-01-13 22:01:53,646 set10 VXEEMCLS_14rsi 50.000000 50.000000
2019-01-13 22:01:53,647 RSI processed VXEEMCLS_14rsi
2019-01-13 22:01:53,649 set10 VXEEMCLS 23.329898 21.039742
2019-01-13 22:01:53,850 Ticker in list found and processed: VXEEMCLS
2019-01-13 22:01:53,851 set10 VXFXICLS_70rsi 50.000000 50.000000
2019-01-13 22:01:53,852 RSI processed VXFXICLS_70rsi
2019-01-13 22:01:53,852 set10 VXFXICLS_14rsi 50.000000 50.000000
2019-01-13 22:01:53,853 RSI processed VXFXICLS_14rsi
2019-01-13 22:01:53,855 set10 VXFXICLS 25.986634 20.706587
2019-01-13 22:01:54,056 Ticker in list found and processed: VXFXICLS
2019-01-13 22:01:54,057 set10 VXDCLS_70rsi 50.000000 50.000000
2019-01-13 22:01:54,058 RSI processed VXDCLS_70rsi
2019-01-13 22:01:54,058 set10 VXDCLS_14rsi 50.000000 50.000000
2019-01-13 22:01:54,059 RSI processed VXDCLS_14rsi
2019-01-13 22:01:54,062 set10 VXDCLS 19.233847 23.550516
2019-01-13 22:01:54,302 Ticker in list found and processed: VXDCLS
2019-01-13 22:01:54,303 set10 VXAPLCLS_70rsi 50.000000 50.000000
2019-01-13 22:01:54,304 RSI processed VXAPLCLS_70rsi
2019-01-13 22:01:54,305 set10 VXAPLCLS_14rsi 50.000000 50.000000
2019-01-13 22:01:54,306 RSI processed VXAPLCLS_14rsi
2019-01-13 22:01:54,308 set10 VXAPLCLS 28.472957 20.410950
2019-01-13 22:01:54,508 Ticker in list found and processed: VXAPLCLS
2019-01-13 22:01:54,509 set10 VXGOGCLS_70rsi 50.000000 50.000000
2019-01-13 22:01:54,511 RSI processed VXGOGCLS_70rsi
2019-01-13 22:01:54,511 set10 VXGOGCLS_14rsi 50.000000 50.000000
2019-01-13 22:01:54,512 RSI processed VXGOGCLS_14rsi
2019-01-13 22:01:54,514 set10 VXGOGCLS 25.370453 19.115601
2019-01-13 22:01:54,715 Ticker in list found and processed: VXGOGCLS
2019-01-13 22:01:54,716 set10 VXGSCLS_70rsi 50.000000 50.000000
2019-01-13 22:01:54,717 RSI processed VXGSCLS_70rsi
2019-01-13 22:01:54,718 set10 VXGSCLS_14rsi 50.000000 50.000000
2019-01-13 22:01:54,719 RSI processed VXGSCLS_14rsi
2019-01-13 22:01:54,721 set10 VXGSCLS 28.274136 27.628827
2019-01-13 22:01:54,923 Ticker in list found and processed: VXGSCLS
2019-01-13 22:01:54,924 set10 VXIBMCLS_70rsi 50.000000 50.000000
2019-01-13 22:01:54,925 RSI processed VXIBMCLS_70rsi
2019-01-13 22:01:54,926 set10 VXIBMCLS_14rsi 50.000000 50.000000
2019-01-13 22:01:54,927 RSI processed VXIBMCLS_14rsi
2019-01-13 22:01:54,929 set10 VXIBMCLS 21.578175 13.963434
2019-01-13 22:01:55,173 Ticker in list found and processed: VXIBMCLS
2019-01-13 22:01:55,174 set10 VXAZNCLS_70rsi 50.000000 50.000000
2019-01-13 22:01:55,175 RSI processed VXAZNCLS_70rsi
2019-01-13 22:01:55,175 set10 VXAZNCLS_14rsi 50.000000 50.000000
2019-01-13 22:01:55,176 RSI processed VXAZNCLS_14rsi
2019-01-13 22:01:55,179 set10 VXAZNCLS 33.298933 26.511138
2019-01-13 22:01:55,379 Ticker in list found and processed: VXAZNCLS
2019-01-13 22:01:55,380 set10 VXOCLS_70rsi 50.000000 50.000000
2019-01-13 22:01:55,382 RSI processed VXOCLS_70rsi
2019-01-13 22:01:55,382 set10 VXOCLS_14rsi 50.000000 50.000000
2019-01-13 22:01:55,383 RSI processed VXOCLS_14rsi
2019-01-13 22:01:55,385 set10 VXOCLS 20.043424 26.819772
2019-01-13 22:01:55,599 Ticker in list found and processed: VXOCLS
2019-01-13 22:01:55,600 set10 VXTYN_70rsi 50.000000 50.000000
2019-01-13 22:01:55,601 RSI processed VXTYN_70rsi
2019-01-13 22:01:55,602 set10 VXTYN_14rsi 50.000000 50.000000
2019-01-13 22:01:55,603 RSI processed VXTYN_14rsi
2019-01-13 22:01:55,605 set10 VXTYN 6.302889 6.167289
2019-01-13 22:01:55,844 Ticker in list found and processed: VXTYN
2019-01-13 22:01:55,845 set10 VIXCLS_70rsi 50.000000 50.000000
2019-01-13 22:01:55,846 RSI processed VIXCLS_70rsi
2019-01-13 22:01:55,847 set10 VIXCLS_14rsi 50.000000 50.000000
2019-01-13 22:01:55,848 RSI processed VIXCLS_14rsi
2019-01-13 22:01:55,850 set10 VIXCLS 19.275881 23.430396
2019-01-13 22:01:56,046 Ticker in list found and processed: VIXCLS
2019-01-13 22:01:56,047 Done fred data col by col.
2019-01-13 22:02:05,822 Done wrote fred output.
