2019-01-15 21:35:38,579 Done read av data in.
2019-01-15 21:35:38,700 set10 GOOG_70rsi 50.000000 50.000000
2019-01-15 21:35:38,864 RSI processed GOOG_70rsi
2019-01-15 21:35:38,864 set10 GOOG_14rsi 50.000000 50.000000
2019-01-15 21:35:39,030 RSI processed GOOG_14rsi
2019-01-15 21:35:39,429 set10 GS_70rsi 50.000000 50.000000
2019-01-15 21:35:39,886 RSI processed GS_70rsi
2019-01-15 21:35:39,886 set10 GS_14rsi 50.000000 50.000000
2019-01-15 21:35:40,346 RSI processed GS_14rsi
2019-01-15 21:35:41,514 set10 V_70rsi 50.000000 50.000000
2019-01-15 21:35:41,795 RSI processed V_70rsi
2019-01-15 21:35:41,796 set10 V_14rsi 50.000000 50.000000
2019-01-15 21:35:42,082 RSI processed V_14rsi
2019-01-15 21:35:42,794 set10 C_70rsi 50.000000 50.000000
2019-01-15 21:35:43,280 RSI processed C_70rsi
2019-01-15 21:35:43,280 set10 C_14rsi 50.000000 50.000000
2019-01-15 21:35:43,773 RSI processed C_14rsi
2019-01-15 21:35:45,029 set10 QQQ_70rsi 50.000000 50.000000
2019-01-15 21:35:45,525 RSI processed QQQ_70rsi
2019-01-15 21:35:45,528 set10 QQQ_14rsi 50.000000 50.000000
2019-01-15 21:35:46,031 RSI processed QQQ_14rsi
2019-01-15 21:35:47,333 set10 TIP_70rsi 50.000000 50.000000
2019-01-15 21:35:47,738 RSI processed TIP_70rsi
2019-01-15 21:35:47,738 set10 TIP_14rsi 50.000000 50.000000
2019-01-15 21:35:48,147 RSI processed TIP_14rsi
2019-01-15 21:35:49,181 set10 ^N225_70rsi 50.000000 50.000000
2019-01-15 21:35:49,657 RSI processed ^N225_70rsi
2019-01-15 21:35:49,657 set10 ^N225_14rsi 50.000000 50.000000
2019-01-15 21:35:50,134 RSI processed ^N225_14rsi
2019-01-15 21:35:51,329 set10 HYG_70rsi 50.000000 50.000000
2019-01-15 21:35:51,652 RSI processed HYG_70rsi
2019-01-15 21:35:51,653 set10 HYG_14rsi 50.000000 50.000000
2019-01-15 21:35:51,981 RSI processed HYG_14rsi
2019-01-15 21:35:52,807 set10 EMB_70rsi 50.000000 50.000000
2019-01-15 21:35:53,117 RSI processed EMB_70rsi
2019-01-15 21:35:53,117 set10 EMB_14rsi 50.000000 50.000000
2019-01-15 21:35:53,467 RSI processed EMB_14rsi
2019-01-15 21:35:54,287 set10 DAX_70rsi 50.000000 50.000000
2019-01-15 21:35:54,453 RSI processed DAX_70rsi
2019-01-15 21:35:54,453 set10 DAX_14rsi 50.000000 50.000000
2019-01-15 21:35:54,623 RSI processed DAX_14rsi
2019-01-15 21:35:55,023 set10 ^GSPC_70rsi 50.000000 50.000000
2019-01-15 21:35:55,485 RSI processed ^GSPC_70rsi
2019-01-15 21:35:55,485 set10 ^GSPC_14rsi 50.000000 50.000000
2019-01-15 21:35:55,933 RSI processed ^GSPC_14rsi
2019-01-15 21:35:57,069 set10 ^RUT_70rsi 50.000000 50.000000
2019-01-15 21:35:57,514 RSI processed ^RUT_70rsi
2019-01-15 21:35:57,514 set10 ^RUT_14rsi 50.000000 50.000000
2019-01-15 21:35:57,960 RSI processed ^RUT_14rsi
2019-01-15 21:35:59,093 set10 ^DJI_70rsi 50.000000 50.000000
2019-01-15 21:35:59,545 RSI processed ^DJI_70rsi
2019-01-15 21:35:59,545 set10 ^DJI_14rsi 50.000000 50.000000
2019-01-15 21:35:59,996 RSI processed ^DJI_14rsi
2019-01-15 21:36:01,126 set10 ^NYA_70rsi 50.000000 50.000000
2019-01-15 21:36:01,568 RSI processed ^NYA_70rsi
2019-01-15 21:36:01,568 set10 ^NYA_14rsi 50.000000 50.000000
2019-01-15 21:36:02,030 RSI processed ^NYA_14rsi
2019-01-15 21:36:03,158 set10 ^XOI_70rsi 50.000000 50.000000
2019-01-15 21:36:03,604 RSI processed ^XOI_70rsi
2019-01-15 21:36:03,604 set10 ^XOI_14rsi 50.000000 50.000000
2019-01-15 21:36:04,053 RSI processed ^XOI_14rsi
2019-01-15 21:36:05,139 set10 ^VXN_70rsi 50.000000 50.000000
2019-01-15 21:36:05,560 RSI processed ^VXN_70rsi
2019-01-15 21:36:05,561 set10 ^VXN_14rsi 50.000000 50.000000
2019-01-15 21:36:05,987 RSI processed ^VXN_14rsi
2019-01-15 21:36:05,990 set10 ^VXN 25.385576 42.733365
2019-01-15 21:36:07,715 Ticker in list found and processed: ^VXN
2019-01-15 21:36:07,745 set10 XLI_70rsi 50.000000 50.000000
2019-01-15 21:38:04,312 RSI processed XLI_70rsi
2019-01-15 21:38:04,312 set10 XLI_14rsi 50.000000 50.000000
2019-01-15 21:40:04,171 RSI processed XLI_14rsi
2019-01-15 21:44:05,193 set10 XLB_70rsi 50.000000 50.000000
2019-01-15 21:46:02,284 RSI processed XLB_70rsi
2019-01-15 21:46:02,284 set10 XLB_14rsi 50.000000 50.000000
2019-01-15 21:48:06,060 RSI processed XLB_14rsi
2019-01-15 21:52:17,422 set10 VNQ_70rsi 50.000000 50.000000
2019-01-15 21:53:45,093 RSI processed VNQ_70rsi
2019-01-15 21:53:45,093 set10 VNQ_14rsi 50.000000 50.000000
2019-01-15 21:55:18,101 RSI processed VNQ_14rsi
2019-01-15 21:58:13,472 set10 XLY_70rsi 50.000000 50.000000
2019-01-15 22:00:14,735 RSI processed XLY_70rsi
2019-01-15 22:00:14,735 set10 XLY_14rsi 50.000000 50.000000
2019-01-15 22:02:15,999 RSI processed XLY_14rsi
2019-01-15 22:06:17,286 set10 XLP_70rsi 50.000000 50.000000
2019-01-15 22:08:16,216 RSI processed XLP_70rsi
2019-01-15 22:08:16,217 set10 XLP_14rsi 50.000000 50.000000
2019-01-15 22:10:10,802 RSI processed XLP_14rsi
2019-01-15 22:14:01,978 set10 XLF_70rsi 50.000000 50.000000
2019-01-15 22:15:52,486 RSI processed XLF_70rsi
2019-01-15 22:15:52,487 set10 XLF_14rsi 50.000000 50.000000
2019-01-15 22:17:44,636 RSI processed XLF_14rsi
2019-01-15 22:21:12,459 set10 KBE_70rsi 50.000000 50.000000
2019-01-15 22:22:16,878 RSI processed KBE_70rsi
2019-01-15 22:22:16,878 set10 KBE_14rsi 50.000000 50.000000
2019-01-15 22:23:25,292 RSI processed KBE_14rsi
2019-01-15 22:25:40,333 set10 KRE_70rsi 50.000000 50.000000
2019-01-15 22:26:47,074 RSI processed KRE_70rsi
2019-01-15 22:26:47,074 set10 KRE_14rsi 50.000000 50.000000
2019-01-15 22:27:55,055 RSI processed KRE_14rsi
2019-01-15 22:30:15,869 set10 IBB_70rsi 50.000000 50.000000
2019-01-15 22:31:55,312 RSI processed IBB_70rsi
2019-01-15 22:31:55,312 set10 IBB_14rsi 50.000000 50.000000
2019-01-15 22:33:33,959 RSI processed IBB_14rsi
2019-01-15 22:36:47,242 set10 XLV_70rsi 50.000000 50.000000
2019-01-15 22:38:40,096 RSI processed XLV_70rsi
2019-01-15 22:38:40,096 set10 XLV_14rsi 50.000000 50.000000
2019-01-15 22:40:33,662 RSI processed XLV_14rsi
2019-01-15 22:44:23,983 set10 FDN_70rsi 50.000000 50.000000
2019-01-15 22:45:34,214 RSI processed FDN_70rsi
2019-01-15 22:45:34,215 set10 FDN_14rsi 50.000000 50.000000
2019-01-15 22:46:50,028 RSI processed FDN_14rsi
2019-01-15 22:49:21,316 set10 VTI_70rsi 50.000000 50.000000
2019-01-15 22:51:03,556 RSI processed VTI_70rsi
2019-01-15 22:51:03,556 set10 VTI_14rsi 50.000000 50.000000
2019-01-15 22:52:48,573 RSI processed VTI_14rsi
2019-01-15 22:56:25,817 set10 GSG_70rsi 50.000000 50.000000
2019-01-15 22:57:43,096 RSI processed GSG_70rsi
2019-01-15 22:57:43,096 set10 GSG_14rsi 50.000000 50.000000
2019-01-15 22:58:59,060 RSI processed GSG_14rsi
2019-01-15 23:01:27,990 set10 DBC_70rsi 50.000000 50.000000
2019-01-15 23:02:43,624 RSI processed DBC_70rsi
2019-01-15 23:02:43,624 set10 DBC_14rsi 50.000000 50.000000
2019-01-15 23:04:01,733 RSI processed DBC_14rsi
2019-01-15 23:06:37,912 set10 USO_70rsi 50.000000 50.000000
2019-01-15 23:07:50,487 RSI processed USO_70rsi
2019-01-15 23:07:50,488 set10 USO_14rsi 50.000000 50.000000
2019-01-15 23:09:05,482 RSI processed USO_14rsi
2019-01-15 23:11:33,509 set10 PEJ_70rsi 50.000000 50.000000
2019-01-15 23:12:48,115 RSI processed PEJ_70rsi
2019-01-15 23:12:48,115 set10 PEJ_14rsi 50.000000 50.000000
2019-01-15 23:14:07,126 RSI processed PEJ_14rsi
2019-01-15 23:16:44,995 set10 IYT_70rsi 50.000000 50.000000
2019-01-15 23:18:14,016 RSI processed IYT_70rsi
2019-01-15 23:18:14,017 set10 IYT_14rsi 50.000000 50.000000
2019-01-15 23:19:46,993 RSI processed IYT_14rsi
2019-01-15 23:22:47,376 set10 IYW_70rsi 50.000000 50.000000
2019-01-15 23:24:39,290 RSI processed IYW_70rsi
2019-01-15 23:24:39,290 set10 IYW_14rsi 50.000000 50.000000
2019-01-15 23:26:28,440 RSI processed IYW_14rsi
2019-01-15 23:30:03,633 set10 IYR_70rsi 50.000000 50.000000
2019-01-15 23:31:48,927 RSI processed IYR_70rsi
2019-01-15 23:31:48,927 set10 IYR_14rsi 50.000000 50.000000
2019-01-15 23:33:36,803 RSI processed IYR_14rsi
2019-01-15 23:37:06,409 set10 IYF_70rsi 50.000000 50.000000
2019-01-15 23:38:48,562 RSI processed IYF_70rsi
2019-01-15 23:38:48,562 set10 IYF_14rsi 50.000000 50.000000
2019-01-15 23:40:38,237 RSI processed IYF_14rsi
2019-01-15 23:44:12,778 set10 IYY_70rsi 50.000000 50.000000
2019-01-15 23:45:56,479 RSI processed IYY_70rsi
2019-01-15 23:45:56,480 set10 IYY_14rsi 50.000000 50.000000
2019-01-15 23:47:43,431 RSI processed IYY_14rsi
2019-01-15 23:51:15,436 set10 IYE_70rsi 50.000000 50.000000
2019-01-15 23:53:02,838 RSI processed IYE_70rsi
2019-01-15 23:53:02,838 set10 IYE_14rsi 50.000000 50.000000
2019-01-15 23:54:49,817 RSI processed IYE_14rsi
2019-01-15 23:58:30,432 set10 TQQQ_70rsi 50.000000 50.000000
2019-01-15 23:59:23,001 RSI processed TQQQ_70rsi
2019-01-15 23:59:23,001 set10 TQQQ_14rsi 50.000000 50.000000
2019-01-16 00:00:14,868 RSI processed TQQQ_14rsi
2019-01-16 00:01:56,846 set10 SQQQ_70rsi 50.000000 50.000000
2019-01-16 00:02:47,204 RSI processed SQQQ_70rsi
2019-01-16 00:02:47,205 set10 SQQQ_14rsi 50.000000 50.000000
2019-01-16 00:03:40,608 RSI processed SQQQ_14rsi
2019-01-16 00:05:27,217 set10 ^TYX_70rsi 50.000000 50.000000
2019-01-16 00:06:58,538 RSI processed ^TYX_70rsi
2019-01-16 00:06:58,539 set10 ^TYX_14rsi 50.000000 50.000000
2019-01-16 00:08:38,446 RSI processed ^TYX_14rsi
2019-01-16 00:08:38,450 set10 ^TYX 4.132803 3.111302
2019-01-16 00:10:25,603 Ticker in list found and processed: ^TYX
2019-01-16 00:10:25,690 set10 ^FVX_70rsi 50.000000 50.000000
2019-01-16 00:12:17,355 RSI processed ^FVX_70rsi
2019-01-16 00:12:17,355 set10 ^FVX_14rsi 50.000000 50.000000
2019-01-16 00:14:00,394 RSI processed ^FVX_14rsi
2019-01-16 00:14:00,396 set10 ^FVX 2.807593 4.437855
2019-01-16 00:15:38,066 Ticker in list found and processed: ^FVX
2019-01-16 00:15:38,080 set10 ^IRX_70rsi 50.000000 50.000000
2019-01-16 00:17:26,086 RSI processed ^IRX_70rsi
2019-01-16 00:17:26,086 set10 ^IRX_14rsi 50.000000 50.000000
2019-01-16 00:19:14,011 RSI processed ^IRX_14rsi
2019-01-16 00:19:14,013 set10 ^IRX 1.592465 5.442526
2019-01-16 00:21:08,767 Ticker in list found and processed: ^IRX
2019-01-16 00:21:08,784 set10 IEF_70rsi 50.000000 50.000000
2019-01-16 00:22:45,756 RSI processed IEF_70rsi
2019-01-16 00:22:45,756 set10 IEF_14rsi 50.000000 50.000000
2019-01-16 00:24:19,485 RSI processed IEF_14rsi
2019-01-16 00:27:16,236 set10 SHV_70rsi 50.000000 50.000000
2019-01-16 00:28:29,447 RSI processed SHV_70rsi
2019-01-16 00:28:29,447 set10 SHV_14rsi 50.000000 50.000000
2019-01-16 00:29:39,908 RSI processed SHV_14rsi
2019-01-16 00:32:05,277 set10 SHY_70rsi 50.000000 50.000000
2019-01-16 00:33:40,962 RSI processed SHY_70rsi
2019-01-16 00:33:40,962 set10 SHY_14rsi 50.000000 50.000000
2019-01-16 00:35:17,449 RSI processed SHY_14rsi
2019-01-16 00:38:21,474 set10 UUP_70rsi 50.000000 50.000000
2019-01-16 00:39:27,005 RSI processed UUP_70rsi
2019-01-16 00:39:27,005 set10 UUP_14rsi 50.000000 50.000000
2019-01-16 00:40:33,963 RSI processed UUP_14rsi
2019-01-16 00:42:49,831 set10 GLD_70rsi 50.000000 50.000000
2019-01-16 00:44:02,953 RSI processed GLD_70rsi
2019-01-16 00:44:02,953 set10 GLD_14rsi 50.000000 50.000000
2019-01-16 00:45:21,017 RSI processed GLD_14rsi
2019-01-16 00:48:06,581 set10 DX-Y.NYB_70rsi 50.000000 50.000000
2019-01-16 00:49:13,997 RSI processed DX-Y.NYB_70rsi
2019-01-16 00:49:13,997 set10 DX-Y.NYB_14rsi 50.000000 50.000000
2019-01-16 00:50:18,576 RSI processed DX-Y.NYB_14rsi
2019-01-16 00:50:18,579 set10 DX-Y.NYB 70.649544 99.262537
2019-01-16 00:51:29,768 Ticker in list found and processed: DX-Y.NYB
2019-01-16 00:51:29,859 set10 OIL_70rsi 50.000000 50.000000
2019-01-16 00:51:39,962 RSI processed OIL_70rsi
2019-01-16 00:51:39,962 set10 OIL_14rsi 50.000000 50.000000
2019-01-16 00:51:51,013 RSI processed OIL_14rsi
2019-01-16 00:52:14,725 set10 PYPL_70rsi 50.000000 50.000000
2019-01-16 00:52:32,494 RSI processed PYPL_70rsi
2019-01-16 00:52:32,495 set10 PYPL_14rsi 50.000000 50.000000
2019-01-16 00:52:51,193 RSI processed PYPL_14rsi
2019-01-16 00:53:29,965 set10 MA_70rsi 50.000000 50.000000
2019-01-16 00:54:40,426 RSI processed MA_70rsi
2019-01-16 00:54:40,426 set10 MA_14rsi 50.000000 50.000000
2019-01-16 00:55:57,175 RSI processed MA_14rsi
2019-01-16 00:58:33,304 set10 WFC_70rsi 50.000000 50.000000
2019-01-16 01:00:42,999 RSI processed WFC_70rsi
2019-01-16 01:00:42,999 set10 WFC_14rsi 50.000000 50.000000
2019-01-16 01:02:53,028 RSI processed WFC_14rsi
2019-01-16 01:07:10,141 set10 BAC_70rsi 50.000000 50.000000
2019-01-16 01:09:13,448 RSI processed BAC_70rsi
2019-01-16 01:09:13,449 set10 BAC_14rsi 50.000000 50.000000
2019-01-16 01:11:16,511 RSI processed BAC_14rsi
2019-01-16 01:15:25,019 set10 JNJ_70rsi 50.000000 50.000000
2019-01-16 01:17:29,344 RSI processed JNJ_70rsi
2019-01-16 01:17:29,344 set10 JNJ_14rsi 50.000000 50.000000
2019-01-16 01:19:33,742 RSI processed JNJ_14rsi
