2019-01-12 23:03:23,218 Done read av data in.
2019-01-12 23:03:23,234 RSI processed GOOG_70rsi
2019-01-12 23:03:23,235 RSI processed GOOG_14rsi
2019-01-12 23:03:23,236 RSI processed GS_70rsi
2019-01-12 23:03:23,237 RSI processed GS_14rsi
2019-01-12 23:03:23,238 RSI processed V_70rsi
2019-01-12 23:03:23,239 RSI processed V_14rsi
2019-01-12 23:03:23,240 RSI processed C_70rsi
2019-01-12 23:03:23,241 RSI processed C_14rsi
2019-01-12 23:03:23,242 RSI processed QQQ_70rsi
2019-01-12 23:03:23,243 RSI processed QQQ_14rsi
2019-01-12 23:03:23,244 RSI processed TIP_70rsi
2019-01-12 23:03:23,245 RSI processed TIP_14rsi
2019-01-12 23:03:23,246 RSI processed ^N225_70rsi
2019-01-12 23:03:23,247 RSI processed ^N225_14rsi
2019-01-12 23:03:23,248 RSI processed HYG_70rsi
2019-01-12 23:03:23,249 RSI processed HYG_14rsi
2019-01-12 23:03:23,250 RSI processed EMB_70rsi
2019-01-12 23:03:23,251 RSI processed EMB_14rsi
2019-01-12 23:03:23,252 RSI processed DAX_70rsi
2019-01-12 23:03:23,253 RSI processed DAX_14rsi
2019-01-12 23:03:23,254 RSI processed ^GSPC_70rsi
2019-01-12 23:03:23,255 RSI processed ^GSPC_14rsi
2019-01-12 23:03:23,256 RSI processed ^RUT_70rsi
2019-01-12 23:03:23,257 RSI processed ^RUT_14rsi
2019-01-12 23:03:23,258 RSI processed ^DJI_70rsi
2019-01-12 23:03:23,259 RSI processed ^DJI_14rsi
2019-01-12 23:03:23,260 RSI processed ^NYA_70rsi
2019-01-12 23:03:23,261 RSI processed ^NYA_14rsi
2019-01-12 23:03:23,262 RSI processed ^XOI_70rsi
2019-01-12 23:03:23,263 RSI processed ^XOI_14rsi
2019-01-12 23:03:23,264 RSI processed ^VXN_70rsi
2019-01-12 23:03:23,265 RSI processed ^VXN_14rsi
2019-01-12 23:03:23,301 Ticker in list found and processed: ^VXN
2019-01-12 23:03:23,302 RSI processed XLI_70rsi
2019-01-12 23:03:23,303 RSI processed XLI_14rsi
2019-01-12 23:03:23,304 RSI processed XLB_70rsi
2019-01-12 23:03:23,305 RSI processed XLB_14rsi
2019-01-12 23:03:23,306 RSI processed VNQ_70rsi
2019-01-12 23:03:23,307 RSI processed VNQ_14rsi
2019-01-12 23:03:23,308 RSI processed XLY_70rsi
2019-01-12 23:03:23,309 RSI processed XLY_14rsi
2019-01-12 23:03:23,310 RSI processed XLP_70rsi
2019-01-12 23:03:23,311 RSI processed XLP_14rsi
2019-01-12 23:03:23,312 RSI processed XLF_70rsi
2019-01-12 23:03:23,313 RSI processed XLF_14rsi
2019-01-12 23:03:23,314 RSI processed KBE_70rsi
2019-01-12 23:03:23,315 RSI processed KBE_14rsi
2019-01-12 23:03:23,316 RSI processed KRE_70rsi
2019-01-12 23:03:23,317 RSI processed KRE_14rsi
2019-01-12 23:03:23,318 RSI processed IBB_70rsi
2019-01-12 23:03:23,319 RSI processed IBB_14rsi
2019-01-12 23:03:23,320 RSI processed XLV_70rsi
2019-01-12 23:03:23,321 RSI processed XLV_14rsi
2019-01-12 23:03:23,322 RSI processed FDN_70rsi
2019-01-12 23:03:23,323 RSI processed FDN_14rsi
2019-01-12 23:03:23,324 RSI processed VTI_70rsi
2019-01-12 23:03:23,325 RSI processed VTI_14rsi
2019-01-12 23:03:23,326 RSI processed GSG_70rsi
2019-01-12 23:03:23,327 RSI processed GSG_14rsi
2019-01-12 23:03:23,328 RSI processed DBC_70rsi
2019-01-12 23:03:23,329 RSI processed DBC_14rsi
2019-01-12 23:03:23,330 RSI processed USO_70rsi
2019-01-12 23:03:23,331 RSI processed USO_14rsi
2019-01-12 23:03:23,332 RSI processed PEJ_70rsi
2019-01-12 23:03:23,333 RSI processed PEJ_14rsi
2019-01-12 23:03:23,334 RSI processed IYT_70rsi
2019-01-12 23:03:23,335 RSI processed IYT_14rsi
2019-01-12 23:03:23,336 RSI processed IYW_70rsi
2019-01-12 23:03:23,337 RSI processed IYW_14rsi
2019-01-12 23:03:23,338 RSI processed IYR_70rsi
2019-01-12 23:03:23,339 RSI processed IYR_14rsi
2019-01-12 23:03:23,340 RSI processed IYF_70rsi
2019-01-12 23:03:23,341 RSI processed IYF_14rsi
2019-01-12 23:03:23,342 RSI processed IYY_70rsi
2019-01-12 23:03:23,343 RSI processed IYY_14rsi
2019-01-12 23:03:23,344 RSI processed IYE_70rsi
2019-01-12 23:03:23,345 RSI processed IYE_14rsi
2019-01-12 23:03:23,346 RSI processed TQQQ_70rsi
2019-01-12 23:03:23,347 RSI processed TQQQ_14rsi
2019-01-12 23:03:23,348 RSI processed SQQQ_70rsi
2019-01-12 23:03:23,349 RSI processed SQQQ_14rsi
2019-01-12 23:03:23,350 RSI processed ^TYX_70rsi
2019-01-12 23:03:23,351 RSI processed ^TYX_14rsi
2019-01-12 23:03:23,360 Ticker in list found and processed: ^TYX
2019-01-12 23:03:23,361 RSI processed ^FVX_70rsi
2019-01-12 23:03:23,362 RSI processed ^FVX_14rsi
2019-01-12 23:03:23,371 Ticker in list found and processed: ^FVX
2019-01-12 23:03:23,372 RSI processed ^IRX_70rsi
2019-01-12 23:03:23,373 RSI processed ^IRX_14rsi
2019-01-12 23:03:23,382 Ticker in list found and processed: ^IRX
2019-01-12 23:03:23,383 RSI processed IEF_70rsi
2019-01-12 23:03:23,384 RSI processed IEF_14rsi
2019-01-12 23:03:23,385 RSI processed SHV_70rsi
2019-01-12 23:03:23,386 RSI processed SHV_14rsi
2019-01-12 23:03:23,387 RSI processed SHY_70rsi
2019-01-12 23:03:23,388 RSI processed SHY_14rsi
2019-01-12 23:03:23,389 RSI processed UUP_70rsi
2019-01-12 23:03:23,390 RSI processed UUP_14rsi
2019-01-12 23:03:23,391 RSI processed GLD_70rsi
2019-01-12 23:03:23,392 RSI processed GLD_14rsi
2019-01-12 23:03:23,393 RSI processed DX-Y.NYB_70rsi
2019-01-12 23:03:23,394 RSI processed DX-Y.NYB_14rsi
2019-01-12 23:03:23,403 Ticker in list found and processed: DX-Y.NYB
2019-01-12 23:03:23,404 RSI processed OIL_70rsi
2019-01-12 23:03:23,405 RSI processed OIL_14rsi
2019-01-12 23:03:23,406 RSI processed PYPL_70rsi
2019-01-12 23:03:23,407 RSI processed PYPL_14rsi
2019-01-12 23:03:23,408 RSI processed MA_70rsi
2019-01-12 23:03:23,409 RSI processed MA_14rsi
2019-01-12 23:03:23,411 RSI processed WFC_70rsi
2019-01-12 23:03:23,412 RSI processed WFC_14rsi
2019-01-12 23:03:23,413 RSI processed BAC_70rsi
2019-01-12 23:03:23,414 RSI processed BAC_14rsi
2019-01-12 23:03:23,415 RSI processed JNJ_70rsi
2019-01-12 23:03:23,416 RSI processed JNJ_14rsi
2019-01-12 23:03:23,417 RSI processed JPM_70rsi
2019-01-12 23:03:23,418 RSI processed JPM_14rsi
2019-01-12 23:03:23,419 RSI processed GOOGL_70rsi
2019-01-12 23:03:23,420 RSI processed GOOGL_14rsi
2019-01-12 23:03:23,421 RSI processed SPY_70rsi
2019-01-12 23:03:23,422 RSI processed SPY_14rsi
2019-01-12 23:03:23,423 RSI processed FB_70rsi
2019-01-12 23:03:23,424 RSI processed FB_14rsi
2019-01-12 23:03:23,425 RSI processed IBM_70rsi
2019-01-12 23:03:23,426 RSI processed IBM_14rsi
2019-01-12 23:03:23,427 RSI processed MSFT_70rsi
2019-01-12 23:03:23,428 RSI processed MSFT_14rsi
2019-01-12 23:03:23,429 RSI processed ^TNX_70rsi
2019-01-12 23:03:23,430 RSI processed ^TNX_14rsi
2019-01-12 23:03:23,439 Ticker in list found and processed: ^TNX
2019-01-12 23:03:23,440 RSI processed AAPL_70rsi
2019-01-12 23:03:23,441 RSI processed AAPL_14rsi
2019-01-12 23:03:23,442 RSI processed MIDU_70rsi
2019-01-12 23:03:23,443 RSI processed MIDU_14rsi
2019-01-12 23:03:23,444 RSI processed FAS_70rsi
2019-01-12 23:03:23,445 RSI processed FAS_14rsi
2019-01-12 23:03:23,446 RSI processed ^VIX_70rsi
2019-01-12 23:03:23,447 RSI processed ^VIX_14rsi
2019-01-12 23:03:23,457 Ticker in list found and processed: ^VIX
2019-01-12 23:03:23,458 Done av data col by col.
2019-01-12 23:03:35,486 Wrote av data output.
2019-01-12 23:03:36,683 Done read fred data in.
2019-01-12 23:03:36,698 RSI processed DCOILWTICO_70rsi
2019-01-12 23:03:36,699 RSI processed DCOILWTICO_14rsi
2019-01-12 23:03:36,700 RSI processed GOLDAMGBD228NLBM_70rsi
2019-01-12 23:03:36,701 RSI processed GOLDAMGBD228NLBM_14rsi
2019-01-12 23:03:36,702 RSI processed DTWEXM_70rsi
2019-01-12 23:03:36,703 RSI processed DTWEXM_14rsi
2019-01-12 23:03:36,910 Ticker in list found and processed: DTWEXM
2019-01-12 23:03:36,912 RSI processed HQMCB10YR_70rsi
2019-01-12 23:03:36,913 RSI processed HQMCB10YR_14rsi
2019-01-12 23:03:37,149 Ticker in list found and processed: HQMCB10YR
2019-01-12 23:03:37,150 RSI processed T10YFF_70rsi
2019-01-12 23:03:37,151 RSI processed T10YFF_14rsi
2019-01-12 23:03:37,353 Ticker in list found and processed: T10YFF
2019-01-12 23:03:37,355 RSI processed BAA10Y_70rsi
2019-01-12 23:03:37,356 RSI processed BAA10Y_14rsi
2019-01-12 23:03:37,557 Ticker in list found and processed: BAA10Y
2019-01-12 23:03:37,558 RSI processed DFII10_70rsi
2019-01-12 23:03:37,559 RSI processed DFII10_14rsi
2019-01-12 23:03:37,759 Ticker in list found and processed: DFII10
2019-01-12 23:03:37,761 RSI processed T10YIE_70rsi
2019-01-12 23:03:37,762 RSI processed T10YIE_14rsi
2019-01-12 23:03:38,005 Ticker in list found and processed: T10YIE
2019-01-12 23:03:38,007 RSI processed DGS3MO_70rsi
2019-01-12 23:03:38,008 RSI processed DGS3MO_14rsi
2019-01-12 23:03:38,209 Ticker in list found and processed: DGS3MO
2019-01-12 23:03:38,210 RSI processed DGS10_70rsi
2019-01-12 23:03:38,211 RSI processed DGS10_14rsi
2019-01-12 23:03:38,412 Ticker in list found and processed: DGS10
2019-01-12 23:03:38,413 RSI processed T10Y3M_70rsi
2019-01-12 23:03:38,415 RSI processed T10Y3M_14rsi
2019-01-12 23:03:38,655 Ticker in list found and processed: T10Y3M
2019-01-12 23:03:38,656 RSI processed DGS2_70rsi
2019-01-12 23:03:38,658 RSI processed DGS2_14rsi
2019-01-12 23:03:38,860 Ticker in list found and processed: DGS2
2019-01-12 23:03:38,862 RSI processed T10Y2Y_70rsi
2019-01-12 23:03:38,863 RSI processed T10Y2Y_14rsi
2019-01-12 23:03:39,068 Ticker in list found and processed: T10Y2Y
2019-01-12 23:03:39,069 RSI processed VXVCLS_70rsi
2019-01-12 23:03:39,070 RSI processed VXVCLS_14rsi
2019-01-12 23:03:39,312 Ticker in list found and processed: VXVCLS
2019-01-12 23:03:39,314 RSI processed BAMLH0A0HYM2_70rsi
2019-01-12 23:03:39,315 RSI processed BAMLH0A0HYM2_14rsi
2019-01-12 23:03:39,515 Ticker in list found and processed: BAMLH0A0HYM2
2019-01-12 23:03:39,517 RSI processed BAMLEMCBPIOAS_70rsi
2019-01-12 23:03:39,518 RSI processed BAMLEMCBPIOAS_14rsi
2019-01-12 23:03:39,719 Ticker in list found and processed: BAMLEMCBPIOAS
2019-01-12 23:03:39,721 RSI processed RVXCLS_70rsi
2019-01-12 23:03:39,722 RSI processed RVXCLS_14rsi
2019-01-12 23:03:39,962 Ticker in list found and processed: RVXCLS
2019-01-12 23:03:39,965 RSI processed RU2000PR_70rsi
2019-01-12 23:03:39,966 RSI processed RU2000PR_14rsi
2019-01-12 23:03:39,968 RSI processed DJIA_70rsi
2019-01-12 23:03:39,969 RSI processed DJIA_14rsi
2019-01-12 23:03:39,970 RSI processed VXNCLS_70rsi
2019-01-12 23:03:39,971 RSI processed VXNCLS_14rsi
2019-01-12 23:03:40,171 Ticker in list found and processed: VXNCLS
2019-01-12 23:03:40,173 RSI processed NASDAQCOM_70rsi
2019-01-12 23:03:40,174 RSI processed NASDAQCOM_14rsi
2019-01-12 23:03:40,175 RSI processed WILL5000INDFC_70rsi
2019-01-12 23:03:40,176 RSI processed WILL5000INDFC_14rsi
2019-01-12 23:03:40,177 RSI processed NASDAQ100_70rsi
2019-01-12 23:03:40,178 RSI processed NASDAQ100_14rsi
2019-01-12 23:03:40,179 RSI processed OVXCLS_70rsi
2019-01-12 23:03:40,180 RSI processed OVXCLS_14rsi
2019-01-12 23:03:40,380 Ticker in list found and processed: OVXCLS
2019-01-12 23:03:40,382 RSI processed GVZCLS_70rsi
2019-01-12 23:03:40,383 RSI processed GVZCLS_14rsi
2019-01-12 23:03:40,620 Ticker in list found and processed: GVZCLS
2019-01-12 23:03:40,622 RSI processed VXEEMCLS_70rsi
2019-01-12 23:03:40,623 RSI processed VXEEMCLS_14rsi
2019-01-12 23:03:40,821 Ticker in list found and processed: VXEEMCLS
2019-01-12 23:03:40,822 RSI processed VXFXICLS_70rsi
2019-01-12 23:03:40,823 RSI processed VXFXICLS_14rsi
2019-01-12 23:03:41,028 Ticker in list found and processed: VXFXICLS
2019-01-12 23:03:41,030 RSI processed VXDCLS_70rsi
2019-01-12 23:03:41,031 RSI processed VXDCLS_14rsi
2019-01-12 23:03:41,266 Ticker in list found and processed: VXDCLS
2019-01-12 23:03:41,268 RSI processed VXAPLCLS_70rsi
2019-01-12 23:03:41,269 RSI processed VXAPLCLS_14rsi
2019-01-12 23:03:41,471 Ticker in list found and processed: VXAPLCLS
2019-01-12 23:03:41,472 RSI processed VXGOGCLS_70rsi
2019-01-12 23:03:41,474 RSI processed VXGOGCLS_14rsi
2019-01-12 23:03:41,673 Ticker in list found and processed: VXGOGCLS
2019-01-12 23:03:41,674 RSI processed VXGSCLS_70rsi
2019-01-12 23:03:41,676 RSI processed VXGSCLS_14rsi
2019-01-12 23:03:41,877 Ticker in list found and processed: VXGSCLS
2019-01-12 23:03:41,879 RSI processed VXIBMCLS_70rsi
2019-01-12 23:03:41,880 RSI processed VXIBMCLS_14rsi
2019-01-12 23:03:42,119 Ticker in list found and processed: VXIBMCLS
2019-01-12 23:03:42,121 RSI processed VXAZNCLS_70rsi
2019-01-12 23:03:42,122 RSI processed VXAZNCLS_14rsi
2019-01-12 23:03:42,324 Ticker in list found and processed: VXAZNCLS
2019-01-12 23:03:42,326 RSI processed VXOCLS_70rsi
2019-01-12 23:03:42,327 RSI processed VXOCLS_14rsi
2019-01-12 23:03:42,530 Ticker in list found and processed: VXOCLS
2019-01-12 23:03:42,532 RSI processed VXTYN_70rsi
2019-01-12 23:03:42,533 RSI processed VXTYN_14rsi
2019-01-12 23:03:42,775 Ticker in list found and processed: VXTYN
2019-01-12 23:03:42,777 RSI processed VIXCLS_70rsi
2019-01-12 23:03:42,778 RSI processed VIXCLS_14rsi
2019-01-12 23:03:42,984 Ticker in list found and processed: VIXCLS
2019-01-12 23:03:42,985 Done fred data col by col.
2019-01-12 23:03:52,574 Done wrote fred output.
