2019-01-12 22:56:53,095 Done read av data in.
2019-01-12 22:56:53,097 RSI processed GOOG_70rsi
2019-01-12 22:56:53,098 RSI processed GOOG_14rsi
2019-01-12 22:56:53,099 RSI processed GS_70rsi
2019-01-12 22:56:53,099 RSI processed GS_14rsi
2019-01-12 22:56:53,100 RSI processed V_70rsi
2019-01-12 22:56:53,100 RSI processed V_14rsi
2019-01-12 22:56:53,101 RSI processed C_70rsi
2019-01-12 22:56:53,101 RSI processed C_14rsi
2019-01-12 22:56:53,102 RSI processed QQQ_70rsi
2019-01-12 22:56:53,102 RSI processed QQQ_14rsi
2019-01-12 22:56:53,103 RSI processed TIP_70rsi
2019-01-12 22:56:53,103 RSI processed TIP_14rsi
2019-01-12 22:56:53,104 RSI processed ^N225_70rsi
2019-01-12 22:56:53,104 RSI processed ^N225_14rsi
2019-01-12 22:56:53,105 RSI processed HYG_70rsi
2019-01-12 22:56:53,105 RSI processed HYG_14rsi
2019-01-12 22:56:53,106 RSI processed EMB_70rsi
2019-01-12 22:56:53,106 RSI processed EMB_14rsi
2019-01-12 22:56:53,107 RSI processed DAX_70rsi
2019-01-12 22:56:53,107 RSI processed DAX_14rsi
2019-01-12 22:56:53,107 RSI processed ^GSPC_70rsi
2019-01-12 22:56:53,113 RSI processed ^GSPC_14rsi
2019-01-12 22:56:53,114 RSI processed ^RUT_70rsi
2019-01-12 22:56:53,114 RSI processed ^RUT_14rsi
2019-01-12 22:56:53,115 RSI processed ^DJI_70rsi
2019-01-12 22:56:53,115 RSI processed ^DJI_14rsi
2019-01-12 22:56:53,116 RSI processed ^NYA_70rsi
2019-01-12 22:56:53,116 RSI processed ^NYA_14rsi
2019-01-12 22:56:53,117 RSI processed ^XOI_70rsi
2019-01-12 22:56:53,117 RSI processed ^XOI_14rsi
2019-01-12 22:56:53,117 RSI processed ^VXN_70rsi
2019-01-12 22:56:53,118 RSI processed ^VXN_14rsi
2019-01-12 22:56:53,118 RSI processed XLI_70rsi
2019-01-12 22:56:53,119 RSI processed XLI_14rsi
2019-01-12 22:56:53,119 RSI processed XLB_70rsi
2019-01-12 22:56:53,120 RSI processed XLB_14rsi
2019-01-12 22:56:53,120 RSI processed VNQ_70rsi
2019-01-12 22:56:53,121 RSI processed VNQ_14rsi
2019-01-12 22:56:53,121 RSI processed XLY_70rsi
2019-01-12 22:56:53,122 RSI processed XLY_14rsi
2019-01-12 22:56:53,122 RSI processed XLP_70rsi
2019-01-12 22:56:53,122 RSI processed XLP_14rsi
2019-01-12 22:56:53,123 RSI processed XLF_70rsi
2019-01-12 22:56:53,123 RSI processed XLF_14rsi
2019-01-12 22:56:53,124 RSI processed KBE_70rsi
2019-01-12 22:56:53,124 RSI processed KBE_14rsi
2019-01-12 22:56:53,125 RSI processed KRE_70rsi
2019-01-12 22:56:53,125 RSI processed KRE_14rsi
2019-01-12 22:56:53,126 RSI processed IBB_70rsi
2019-01-12 22:56:53,126 RSI processed IBB_14rsi
2019-01-12 22:56:53,127 RSI processed XLV_70rsi
2019-01-12 22:56:53,127 RSI processed XLV_14rsi
2019-01-12 22:56:53,128 RSI processed FDN_70rsi
2019-01-12 22:56:53,128 RSI processed FDN_14rsi
2019-01-12 22:56:53,129 RSI processed VTI_70rsi
2019-01-12 22:56:53,129 RSI processed VTI_14rsi
2019-01-12 22:56:53,130 RSI processed GSG_70rsi
2019-01-12 22:56:53,130 RSI processed GSG_14rsi
2019-01-12 22:56:53,131 RSI processed DBC_70rsi
2019-01-12 22:56:53,131 RSI processed DBC_14rsi
2019-01-12 22:56:53,132 RSI processed USO_70rsi
2019-01-12 22:56:53,132 RSI processed USO_14rsi
2019-01-12 22:56:53,132 RSI processed PEJ_70rsi
2019-01-12 22:56:53,133 RSI processed PEJ_14rsi
2019-01-12 22:56:53,133 RSI processed IYT_70rsi
2019-01-12 22:56:53,134 RSI processed IYT_14rsi
2019-01-12 22:56:53,134 RSI processed IYW_70rsi
2019-01-12 22:56:53,135 RSI processed IYW_14rsi
2019-01-12 22:56:53,135 RSI processed IYR_70rsi
2019-01-12 22:56:53,136 RSI processed IYR_14rsi
2019-01-12 22:56:53,136 RSI processed IYF_70rsi
2019-01-12 22:56:53,137 RSI processed IYF_14rsi
2019-01-12 22:56:53,137 RSI processed IYY_70rsi
2019-01-12 22:56:53,138 RSI processed IYY_14rsi
2019-01-12 22:56:53,138 RSI processed IYE_70rsi
2019-01-12 22:56:53,138 RSI processed IYE_14rsi
2019-01-12 22:56:53,139 RSI processed TQQQ_70rsi
2019-01-12 22:56:53,139 RSI processed TQQQ_14rsi
2019-01-12 22:56:53,140 RSI processed SQQQ_70rsi
2019-01-12 22:56:53,140 RSI processed SQQQ_14rsi
2019-01-12 22:56:53,141 RSI processed ^TYX_70rsi
2019-01-12 22:56:53,141 RSI processed ^TYX_14rsi
2019-01-12 22:56:53,142 RSI processed ^FVX_70rsi
2019-01-12 22:56:53,142 RSI processed ^FVX_14rsi
2019-01-12 22:56:53,143 RSI processed ^IRX_70rsi
2019-01-12 22:56:53,143 RSI processed ^IRX_14rsi
2019-01-12 22:56:53,144 RSI processed IEF_70rsi
2019-01-12 22:56:53,144 RSI processed IEF_14rsi
2019-01-12 22:56:53,145 RSI processed SHV_70rsi
2019-01-12 22:56:53,145 RSI processed SHV_14rsi
2019-01-12 22:56:53,145 RSI processed SHY_70rsi
2019-01-12 22:56:53,146 RSI processed SHY_14rsi
2019-01-12 22:56:53,146 RSI processed UUP_70rsi
2019-01-12 22:56:53,147 RSI processed UUP_14rsi
2019-01-12 22:56:53,147 RSI processed GLD_70rsi
2019-01-12 22:56:53,148 RSI processed GLD_14rsi
2019-01-12 22:56:53,148 RSI processed DX-Y.NYB_70rsi
2019-01-12 22:56:53,149 RSI processed DX-Y.NYB_14rsi
2019-01-12 22:56:53,149 RSI processed OIL_70rsi
2019-01-12 22:56:53,150 RSI processed OIL_14rsi
2019-01-12 22:56:53,150 RSI processed PYPL_70rsi
2019-01-12 22:56:53,150 RSI processed PYPL_14rsi
2019-01-12 22:56:53,151 RSI processed MA_70rsi
2019-01-12 22:56:53,151 RSI processed MA_14rsi
2019-01-12 22:56:53,152 RSI processed WFC_70rsi
2019-01-12 22:56:53,152 RSI processed WFC_14rsi
2019-01-12 22:56:53,153 RSI processed BAC_70rsi
2019-01-12 22:56:53,153 RSI processed BAC_14rsi
2019-01-12 22:56:53,154 RSI processed JNJ_70rsi
2019-01-12 22:56:53,154 RSI processed JNJ_14rsi
2019-01-12 22:56:53,155 RSI processed JPM_70rsi
2019-01-12 22:56:53,155 RSI processed JPM_14rsi
2019-01-12 22:56:53,156 RSI processed GOOGL_70rsi
2019-01-12 22:56:53,156 RSI processed GOOGL_14rsi
2019-01-12 22:56:53,157 RSI processed SPY_70rsi
2019-01-12 22:56:53,157 RSI processed SPY_14rsi
2019-01-12 22:56:53,157 RSI processed FB_70rsi
2019-01-12 22:56:53,158 RSI processed FB_14rsi
2019-01-12 22:56:53,158 RSI processed IBM_70rsi
2019-01-12 22:56:53,159 RSI processed IBM_14rsi
2019-01-12 22:56:53,159 RSI processed MSFT_70rsi
2019-01-12 22:56:53,160 RSI processed MSFT_14rsi
2019-01-12 22:56:53,160 RSI processed ^TNX_70rsi
2019-01-12 22:56:53,161 RSI processed ^TNX_14rsi
2019-01-12 22:56:53,161 RSI processed AAPL_70rsi
2019-01-12 22:56:53,162 RSI processed AAPL_14rsi
2019-01-12 22:56:53,162 RSI processed MIDU_70rsi
2019-01-12 22:56:53,163 RSI processed MIDU_14rsi
2019-01-12 22:56:53,163 RSI processed FAS_70rsi
2019-01-12 22:56:53,163 RSI processed FAS_14rsi
2019-01-12 22:56:53,164 RSI processed ^VIX_70rsi
2019-01-12 22:56:53,164 RSI processed ^VIX_14rsi
2019-01-12 22:56:53,164 Done av data col by col.
2019-01-12 22:57:05,314 Wrote av data output.
2019-01-12 22:57:06,527 Done read fred data in.
2019-01-12 22:57:06,528 RSI processed DCOILWTICO_70rsi
2019-01-12 22:57:06,528 RSI processed DCOILWTICO_14rsi
2019-01-12 22:57:06,529 RSI processed GOLDAMGBD228NLBM_70rsi
2019-01-12 22:57:06,529 RSI processed GOLDAMGBD228NLBM_14rsi
2019-01-12 22:57:06,530 RSI processed DTWEXM_70rsi
2019-01-12 22:57:06,530 RSI processed DTWEXM_14rsi
2019-01-12 22:57:06,531 RSI processed HQMCB10YR_70rsi
2019-01-12 22:57:06,531 RSI processed HQMCB10YR_14rsi
2019-01-12 22:57:06,532 RSI processed T10YFF_70rsi
2019-01-12 22:57:06,532 RSI processed T10YFF_14rsi
2019-01-12 22:57:06,533 RSI processed BAA10Y_70rsi
2019-01-12 22:57:06,533 RSI processed BAA10Y_14rsi
2019-01-12 22:57:06,534 RSI processed DFII10_70rsi
2019-01-12 22:57:06,534 RSI processed DFII10_14rsi
2019-01-12 22:57:06,535 RSI processed T10YIE_70rsi
2019-01-12 22:57:06,535 RSI processed T10YIE_14rsi
2019-01-12 22:57:06,536 RSI processed DGS3MO_70rsi
2019-01-12 22:57:06,536 RSI processed DGS3MO_14rsi
2019-01-12 22:57:06,537 RSI processed DGS10_70rsi
2019-01-12 22:57:06,537 RSI processed DGS10_14rsi
2019-01-12 22:57:06,538 RSI processed T10Y3M_70rsi
2019-01-12 22:57:06,538 RSI processed T10Y3M_14rsi
2019-01-12 22:57:06,539 RSI processed DGS2_70rsi
2019-01-12 22:57:06,539 RSI processed DGS2_14rsi
2019-01-12 22:57:06,540 RSI processed T10Y2Y_70rsi
2019-01-12 22:57:06,541 RSI processed T10Y2Y_14rsi
2019-01-12 22:57:06,541 RSI processed VXVCLS_70rsi
2019-01-12 22:57:06,542 RSI processed VXVCLS_14rsi
2019-01-12 22:57:06,542 RSI processed BAMLH0A0HYM2_70rsi
2019-01-12 22:57:06,543 RSI processed BAMLH0A0HYM2_14rsi
2019-01-12 22:57:06,543 RSI processed BAMLEMCBPIOAS_70rsi
2019-01-12 22:57:06,544 RSI processed BAMLEMCBPIOAS_14rsi
2019-01-12 22:57:06,544 RSI processed RVXCLS_70rsi
2019-01-12 22:57:06,545 RSI processed RVXCLS_14rsi
2019-01-12 22:57:06,545 RSI processed RU2000PR_70rsi
2019-01-12 22:57:06,546 RSI processed RU2000PR_14rsi
2019-01-12 22:57:06,546 RSI processed DJIA_70rsi
2019-01-12 22:57:06,547 RSI processed DJIA_14rsi
2019-01-12 22:57:06,547 RSI processed VXNCLS_70rsi
2019-01-12 22:57:06,548 RSI processed VXNCLS_14rsi
2019-01-12 22:57:06,548 RSI processed NASDAQCOM_70rsi
2019-01-12 22:57:06,549 RSI processed NASDAQCOM_14rsi
2019-01-12 22:57:06,549 RSI processed WILL5000INDFC_70rsi
2019-01-12 22:57:06,550 RSI processed WILL5000INDFC_14rsi
2019-01-12 22:57:06,550 RSI processed NASDAQ100_70rsi
2019-01-12 22:57:06,551 RSI processed NASDAQ100_14rsi
2019-01-12 22:57:06,552 RSI processed OVXCLS_70rsi
2019-01-12 22:57:06,552 RSI processed OVXCLS_14rsi
2019-01-12 22:57:06,553 RSI processed GVZCLS_70rsi
2019-01-12 22:57:06,553 RSI processed GVZCLS_14rsi
2019-01-12 22:57:06,554 RSI processed VXEEMCLS_70rsi
2019-01-12 22:57:06,554 RSI processed VXEEMCLS_14rsi
2019-01-12 22:57:06,555 RSI processed VXFXICLS_70rsi
2019-01-12 22:57:06,555 RSI processed VXFXICLS_14rsi
2019-01-12 22:57:06,556 RSI processed VXDCLS_70rsi
2019-01-12 22:57:06,556 RSI processed VXDCLS_14rsi
2019-01-12 22:57:06,557 RSI processed VXAPLCLS_70rsi
2019-01-12 22:57:06,557 RSI processed VXAPLCLS_14rsi
2019-01-12 22:57:06,558 RSI processed VXGOGCLS_70rsi
2019-01-12 22:57:06,558 RSI processed VXGOGCLS_14rsi
2019-01-12 22:57:06,559 RSI processed VXGSCLS_70rsi
2019-01-12 22:57:06,559 RSI processed VXGSCLS_14rsi
2019-01-12 22:57:06,560 RSI processed VXIBMCLS_70rsi
2019-01-12 22:57:06,560 RSI processed VXIBMCLS_14rsi
2019-01-12 22:57:06,561 RSI processed VXAZNCLS_70rsi
2019-01-12 22:57:06,561 RSI processed VXAZNCLS_14rsi
2019-01-12 22:57:06,562 RSI processed VXOCLS_70rsi
2019-01-12 22:57:06,562 RSI processed VXOCLS_14rsi
2019-01-12 22:57:06,563 RSI processed VXTYN_70rsi
2019-01-12 22:57:06,563 RSI processed VXTYN_14rsi
2019-01-12 22:57:06,564 RSI processed VIXCLS_70rsi
2019-01-12 22:57:06,564 RSI processed VIXCLS_14rsi
2019-01-12 22:57:06,565 Done fred data col by col.
2019-01-12 22:57:16,334 Done wrote fred output.
