2019-01-04 21:38:02,116 read QQQ from av [ 1999-03-10 to 2019-01-04 ]
2019-01-04 21:41:33,753 read ^VIX from av [ 2000-01-03 to 2019-01-04 ]
2019-01-04 21:41:34,488 read FAS from av [ 2008-11-19 to 2019-01-04 ]
2019-01-04 21:41:35,306 read MIDU from av [ 2009-01-08 to 2019-01-04 ]
2019-01-04 21:41:37,264 read AAPL from av [ 1998-01-02 to 2019-01-04 ]
2019-01-04 21:41:37,900 read GOOG from av [ 2014-03-27 to 2019-01-04 ]
2019-01-04 21:44:39,692 read ^TNX from av [ 2000-01-03 to 2019-01-04 ]
2019-01-04 21:44:40,917 read MSFT from av [ 1998-01-02 to 2019-01-04 ]
2019-01-04 21:44:42,027 read GS from av [ 1999-05-04 to 2019-01-04 ]
2019-01-04 21:44:43,311 read IBM from av [ 1998-01-02 to 2019-01-04 ]
2019-01-04 21:44:44,059 read FB from av [ 2012-05-18 to 2019-01-04 ]
2019-01-04 21:47:45,657 read SPY from av [ 1998-01-02 to 2019-01-04 ]
2019-01-04 21:47:46,528 read GOOGL from av [ 2004-08-19 to 2019-01-04 ]
2019-01-04 21:47:47,863 read JPM from av [ 1998-01-02 to 2019-01-04 ]
2019-01-04 21:47:49,256 read JNJ from av [ 1998-01-02 to 2019-01-04 ]
2019-01-04 21:47:50,439 read BAC from av [ 1998-01-02 to 2019-01-04 ]
2019-01-04 21:50:51,474 read V from av [ 2008-03-19 to 2019-01-04 ]
2019-01-04 21:50:52,844 read WFC from av [ 1998-01-02 to 2019-01-04 ]
2019-01-04 21:50:53,849 read MA from av [ 2006-05-25 to 2019-01-04 ]
2019-01-04 21:50:55,243 read C from av [ 1998-01-02 to 2019-01-04 ]
2019-01-04 21:50:55,670 read PYPL from av [ 2015-07-20 to 2019-01-04 ]
2019-01-04 21:53:56,307 read OIL from av [ 2016-11-18 to 2019-01-04 ]
2019-01-04 21:53:57,341 read DX-Y.NYB from av [ 2007-03-16 to 2019-01-04 ]
2019-01-04 21:53:58,543 read GLD from av [ 2004-11-18 to 2019-01-04 ]
2019-01-04 21:53:59,540 read UUP from av [ 2007-03-01 to 2019-01-04 ]
2019-01-04 21:54:00,638 read SHY from av [ 2002-07-26 to 2019-01-04 ]
2019-01-04 21:54:01,558 read SHV from av [ 2007-01-11 to 2019-01-04 ]
2019-01-04 21:54:02,783 read IEF from av [ 2002-07-26 to 2019-01-04 ]
2019-01-04 21:54:05,127 read ^IRX from av [ 2000-01-03 to 2019-01-04 ]
2019-01-04 21:54:07,091 read ^FVX from av [ 2000-01-03 to 2019-01-04 ]
2019-01-04 21:54:10,366 read ^TYX from av [ 2000-01-03 to 2019-01-04 ]
2019-01-04 21:54:11,230 read SQQQ from av [ 2010-02-11 to 2019-01-04 ]
2019-01-04 21:57:12,200 read TQQQ from av [ 2010-02-11 to 2019-01-04 ]
2019-01-04 22:03:34,932 time out ^VXX
2019-01-04 22:09:50,624 time out ^VXZ
2019-01-04 22:12:52,033 read IYE from av [ 2000-06-16 to 2019-01-04 ]
2019-01-04 22:12:53,250 read IYY from av [ 2000-06-16 to 2019-01-04 ]
2019-01-04 22:12:54,363 read IYF from av [ 2000-05-26 to 2019-01-04 ]
2019-01-04 22:12:55,512 read IYR from av [ 2000-06-19 to 2019-01-04 ]
2019-01-04 22:12:56,629 read IYW from av [ 2000-05-19 to 2019-01-04 ]
2019-01-04 22:15:57,733 read IYT from av [ 2003-10-10 to 2019-01-04 ]
2019-01-04 22:15:58,679 read PEJ from av [ 2005-06-23 to 2019-01-04 ]
2019-01-04 22:15:59,593 read USO from av [ 2006-04-10 to 2019-01-04 ]
2019-01-04 22:16:00,437 read DBC from av [ 2006-02-06 to 2019-01-04 ]
2019-01-04 22:16:01,590 read GSG from av [ 2006-07-21 to 2019-01-04 ]
2019-01-04 22:16:02,835 read VTI from av [ 2001-05-31 to 2019-01-04 ]
2019-01-04 22:16:03,754 read FDN from av [ 2006-06-23 to 2019-01-04 ]
2019-01-04 22:16:05,047 read XLV from av [ 1998-12-22 to 2019-01-04 ]
2019-01-04 22:16:06,176 read IBB from av [ 2001-02-12 to 2019-01-04 ]
2019-01-04 22:16:07,039 read KRE from av [ 2006-06-22 to 2019-01-04 ]
2019-01-04 22:19:08,450 read KBE from av [ 2005-11-15 to 2019-01-04 ]
2019-01-04 22:19:09,765 read XLF from av [ 1998-12-22 to 2019-01-04 ]
2019-01-04 22:19:11,317 read XLP from av [ 1998-12-22 to 2019-01-04 ]
2019-01-04 22:19:12,609 read XLY from av [ 1998-12-22 to 2019-01-04 ]
2019-01-04 22:19:13,556 read VNQ from av [ 2004-09-29 to 2019-01-04 ]
2019-01-04 22:22:15,066 read XLB from av [ 1998-12-22 to 2019-01-04 ]
2019-01-04 22:22:16,238 read XLI from av [ 1998-12-22 to 2019-01-04 ]
2019-01-04 22:28:20,766 time out ^NDX
2019-01-04 22:34:34,986 time out W5000
2019-01-04 22:40:38,022 time out ^BKX
2019-01-04 22:46:38,569 time out ^IXIC
2019-01-04 22:46:40,147 read ^VXN from av [ 2000-10-10 to 2019-01-04 ]
2019-01-04 22:46:41,504 read ^XOI from av [ 2000-01-03 to 2019-01-04 ]
2019-01-04 22:46:42,969 read ^NYA from av [ 2000-01-03 to 2019-01-04 ]
2019-01-04 22:46:44,526 read ^DJI from av [ 2000-01-03 to 2019-01-04 ]
2019-01-04 22:46:46,116 read ^RUT from av [ 2000-01-03 to 2019-01-04 ]
2019-01-04 22:49:47,837 read ^GSPC from av [ 2000-01-03 to 2019-01-04 ]
2019-01-04 22:56:09,669 time out ^W1DOW
2019-01-04 22:59:10,492 read DAX from av [ 2014-10-23 to 2019-01-04 ]
2019-01-04 22:59:11,467 read EMB from av [ 2007-12-19 to 2019-01-04 ]
2019-01-04 22:59:12,327 read HYG from av [ 2007-04-11 to 2019-01-04 ]
2019-01-04 23:05:30,461 time out ^VIX3M
2019-01-04 23:11:47,419 time out ^E1DOW
2019-01-04 23:14:49,129 read ^N225 from av [ 2000-01-04 to 2019-01-04 ]
2019-01-04 23:21:10,281 time out ^DJSH
2019-01-04 23:24:11,630 read TIP from av [ 2003-12-05 to 2019-01-04 ]
2019-01-04 23:24:12,739 read NASDAQ100 from FRED [ 1986-01-02 00:00:00 to 2019-01-03 00:00:00 ]
2019-01-04 23:24:14,028 read WILL5000INDFC from FRED [ 1970-12-31 00:00:00 to 2019-01-03 00:00:00 ]
2019-01-04 23:24:15,429 read NASDAQCOM from FRED [ 1971-02-05 00:00:00 to 2019-01-03 00:00:00 ]
2019-01-04 23:24:16,251 read VXNCLS from FRED [ 2001-02-02 00:00:00 to 2019-01-03 00:00:00 ]
2019-01-04 23:24:16,726 read DJIA from FRED [ 2009-01-05 00:00:00 to 2019-01-03 00:00:00 ]
2019-01-04 23:24:17,958 read RU2000PR from FRED [ 1978-12-29 00:00:00 to 2019-01-03 00:00:00 ]
2019-01-04 23:24:18,600 read RVXCLS from FRED [ 2004-01-02 00:00:00 to 2019-01-03 00:00:00 ]
2019-01-04 23:24:19,263 read BAMLEMCBPIOAS from FRED [ 1998-12-31 00:00:00 to 2019-01-03 00:00:00 ]
2019-01-04 23:24:19,991 read BAMLH0A0HYM2 from FRED [ 1996-12-31 00:00:00 to 2019-01-03 00:00:00 ]
2019-01-04 23:24:20,467 read VXVCLS from FRED [ 2007-12-04 00:00:00 to 2019-01-03 00:00:00 ]
2019-01-04 23:24:21,649 read T10Y2Y from FRED [ 1976-06-01 00:00:00 to 2019-01-03 00:00:00 ]
2019-01-04 23:24:22,884 read DGS2 from FRED [ 1976-06-01 00:00:00 to 2019-01-03 00:00:00 ]
2019-01-04 23:24:24,105 read T10Y3M from FRED [ 1982-01-04 00:00:00 to 2019-01-03 00:00:00 ]
2019-01-04 23:24:25,596 read DGS10 from FRED [ 1962-01-02 00:00:00 to 2019-01-03 00:00:00 ]
2019-01-04 23:24:26,737 read DGS3MO from FRED [ 1982-01-04 00:00:00 to 2019-01-03 00:00:00 ]
2019-01-04 23:24:27,364 read T10YIE from FRED [ 2003-01-02 00:00:00 to 2019-01-03 00:00:00 ]
2019-01-04 23:24:28,005 read DFII10 from FRED [ 2003-01-02 00:00:00 to 2019-01-03 00:00:00 ]
2019-01-04 23:24:29,044 read BAA10Y from FRED [ 1986-01-02 00:00:00 to 2019-01-03 00:00:00 ]
2019-01-04 23:24:30,501 read T10YFF from FRED [ 1962-01-02 00:00:00 to 2019-01-03 00:00:00 ]
2019-01-04 23:24:30,687 read HQMCB10YR from FRED [ 1984-01-01 00:00:00 to 2018-11-01 00:00:00 ]
2019-01-04 23:24:32,028 read DTWEXM from FRED [ 1973-01-02 00:00:00 to 2018-12-28 00:00:00 ]
2019-01-04 23:24:33,584 read GOLDAMGBD228NLBM from FRED [ 1968-04-01 00:00:00 to 2019-01-03 00:00:00 ]
2019-01-04 23:24:34,749 read DCOILWTICO from FRED [ 1986-01-02 00:00:00 to 2019-01-03 00:00:00 ]
