2019-01-16 04:49:30,798 Done read av data in.
2019-01-16 04:49:30,958 set10 GOOG_70rsi 50.000000 50.000000
2019-01-16 04:49:30,962 RSI processed GOOG_70rsi
2019-01-16 04:49:30,963 set10 GOOG_14rsi 50.000000 50.000000
2019-01-16 04:49:30,966 RSI processed GOOG_14rsi
2019-01-16 04:49:30,980 set10 GS_70rsi 50.000000 50.000000
2019-01-16 04:49:30,984 RSI processed GS_70rsi
2019-01-16 04:49:30,984 set10 GS_14rsi 50.000000 50.000000
2019-01-16 04:49:30,987 RSI processed GS_14rsi
2019-01-16 04:49:31,000 set10 V_70rsi 50.000000 50.000000
2019-01-16 04:49:31,003 RSI processed V_70rsi
2019-01-16 04:49:31,004 set10 V_14rsi 50.000000 50.000000
2019-01-16 04:49:31,007 RSI processed V_14rsi
2019-01-16 04:49:31,018 set10 C_70rsi 50.000000 50.000000
2019-01-16 04:49:31,021 RSI processed C_70rsi
2019-01-16 04:49:31,022 set10 C_14rsi 50.000000 50.000000
2019-01-16 04:49:31,025 RSI processed C_14rsi
2019-01-16 04:49:31,037 set10 QQQ_70rsi 50.000000 50.000000
2019-01-16 04:49:31,040 RSI processed QQQ_70rsi
2019-01-16 04:49:31,041 set10 QQQ_14rsi 50.000000 50.000000
2019-01-16 04:49:31,044 RSI processed QQQ_14rsi
2019-01-16 04:49:31,056 set10 TIP_70rsi 50.000000 50.000000
2019-01-16 04:49:31,059 RSI processed TIP_70rsi
2019-01-16 04:49:31,060 set10 TIP_14rsi 50.000000 50.000000
2019-01-16 04:49:31,063 RSI processed TIP_14rsi
2019-01-16 04:49:31,075 set10 ^N225_70rsi 50.000000 50.000000
2019-01-16 04:49:31,078 RSI processed ^N225_70rsi
2019-01-16 04:49:31,079 set10 ^N225_14rsi 50.000000 50.000000
2019-01-16 04:49:31,081 RSI processed ^N225_14rsi
2019-01-16 04:49:31,093 set10 HYG_70rsi 50.000000 50.000000
2019-01-16 04:49:31,096 RSI processed HYG_70rsi
2019-01-16 04:49:31,097 set10 HYG_14rsi 50.000000 50.000000
2019-01-16 04:49:31,100 RSI processed HYG_14rsi
2019-01-16 04:49:31,111 set10 EMB_70rsi 50.000000 50.000000
2019-01-16 04:49:31,115 RSI processed EMB_70rsi
2019-01-16 04:49:31,116 set10 EMB_14rsi 50.000000 50.000000
2019-01-16 04:49:31,119 RSI processed EMB_14rsi
2019-01-16 04:49:31,130 set10 DAX_70rsi 50.000000 50.000000
2019-01-16 04:49:31,133 RSI processed DAX_70rsi
2019-01-16 04:49:31,134 set10 DAX_14rsi 50.000000 50.000000
2019-01-16 04:49:31,137 RSI processed DAX_14rsi
2019-01-16 04:49:31,149 set10 ^GSPC_70rsi 50.000000 50.000000
2019-01-16 04:49:31,152 RSI processed ^GSPC_70rsi
2019-01-16 04:49:31,152 set10 ^GSPC_14rsi 50.000000 50.000000
2019-01-16 04:49:31,155 RSI processed ^GSPC_14rsi
2019-01-16 04:49:31,168 set10 ^RUT_70rsi 50.000000 50.000000
2019-01-16 04:49:31,171 RSI processed ^RUT_70rsi
2019-01-16 04:49:31,171 set10 ^RUT_14rsi 50.000000 50.000000
2019-01-16 04:49:31,174 RSI processed ^RUT_14rsi
2019-01-16 04:49:31,187 set10 ^DJI_70rsi 50.000000 50.000000
2019-01-16 04:49:31,190 RSI processed ^DJI_70rsi
2019-01-16 04:49:31,191 set10 ^DJI_14rsi 50.000000 50.000000
2019-01-16 04:49:31,194 RSI processed ^DJI_14rsi
2019-01-16 04:49:31,206 set10 ^NYA_70rsi 50.000000 50.000000
2019-01-16 04:49:31,209 RSI processed ^NYA_70rsi
2019-01-16 04:49:31,210 set10 ^NYA_14rsi 50.000000 50.000000
2019-01-16 04:49:31,213 RSI processed ^NYA_14rsi
2019-01-16 04:49:31,225 set10 ^XOI_70rsi 50.000000 50.000000
2019-01-16 04:49:31,228 RSI processed ^XOI_70rsi
2019-01-16 04:49:31,229 set10 ^XOI_14rsi 50.000000 50.000000
2019-01-16 04:49:31,232 RSI processed ^XOI_14rsi
2019-01-16 04:49:31,244 set10 ^VXN_70rsi 50.000000 50.000000
2019-01-16 04:49:31,247 RSI processed ^VXN_70rsi
2019-01-16 04:49:31,248 set10 ^VXN_14rsi 50.000000 50.000000
2019-01-16 04:49:31,251 RSI processed ^VXN_14rsi
2019-01-16 04:49:31,255 set10 ^VXN 25.385576 42.733365
2019-01-16 04:49:32,500 Ticker in list found and processed: ^VXN
2019-01-16 04:49:32,556 set10 XLI_70rsi 50.000000 50.000000
2019-01-16 04:49:32,560 RSI processed XLI_70rsi
2019-01-16 04:49:32,560 set10 XLI_14rsi 50.000000 50.000000
2019-01-16 04:49:32,564 RSI processed XLI_14rsi
2019-01-16 04:49:32,636 set10 XLB_70rsi 50.000000 50.000000
2019-01-16 04:49:32,640 RSI processed XLB_70rsi
2019-01-16 04:49:32,641 set10 XLB_14rsi 50.000000 50.000000
2019-01-16 04:49:32,644 RSI processed XLB_14rsi
2019-01-16 04:49:32,714 set10 VNQ_70rsi 50.000000 50.000000
2019-01-16 04:49:32,718 RSI processed VNQ_70rsi
2019-01-16 04:49:32,718 set10 VNQ_14rsi 50.000000 50.000000
2019-01-16 04:49:32,721 RSI processed VNQ_14rsi
2019-01-16 04:49:32,792 set10 XLY_70rsi 50.000000 50.000000
2019-01-16 04:49:32,797 RSI processed XLY_70rsi
2019-01-16 04:49:32,798 set10 XLY_14rsi 50.000000 50.000000
2019-01-16 04:49:32,801 RSI processed XLY_14rsi
2019-01-16 04:49:32,871 set10 XLP_70rsi 50.000000 50.000000
2019-01-16 04:49:32,874 RSI processed XLP_70rsi
2019-01-16 04:49:32,875 set10 XLP_14rsi 50.000000 50.000000
2019-01-16 04:49:32,878 RSI processed XLP_14rsi
2019-01-16 04:49:32,949 set10 XLF_70rsi 50.000000 50.000000
2019-01-16 04:49:32,952 RSI processed XLF_70rsi
2019-01-16 04:49:32,953 set10 XLF_14rsi 50.000000 50.000000
2019-01-16 04:49:32,956 RSI processed XLF_14rsi
2019-01-16 04:49:33,030 set10 KBE_70rsi 50.000000 50.000000
2019-01-16 04:49:33,033 RSI processed KBE_70rsi
2019-01-16 04:49:33,034 set10 KBE_14rsi 50.000000 50.000000
2019-01-16 04:49:33,037 RSI processed KBE_14rsi
2019-01-16 04:49:33,106 set10 KRE_70rsi 50.000000 50.000000
2019-01-16 04:49:33,110 RSI processed KRE_70rsi
2019-01-16 04:49:33,110 set10 KRE_14rsi 50.000000 50.000000
2019-01-16 04:49:33,113 RSI processed KRE_14rsi
2019-01-16 04:49:33,183 set10 IBB_70rsi 50.000000 50.000000
2019-01-16 04:49:33,187 RSI processed IBB_70rsi
2019-01-16 04:49:33,187 set10 IBB_14rsi 50.000000 50.000000
2019-01-16 04:49:33,190 RSI processed IBB_14rsi
2019-01-16 04:49:33,257 set10 XLV_70rsi 50.000000 50.000000
2019-01-16 04:49:33,261 RSI processed XLV_70rsi
2019-01-16 04:49:33,261 set10 XLV_14rsi 50.000000 50.000000
2019-01-16 04:49:33,264 RSI processed XLV_14rsi
2019-01-16 04:49:33,334 set10 FDN_70rsi 50.000000 50.000000
2019-01-16 04:49:33,338 RSI processed FDN_70rsi
2019-01-16 04:49:33,338 set10 FDN_14rsi 50.000000 50.000000
2019-01-16 04:49:33,341 RSI processed FDN_14rsi
2019-01-16 04:49:33,410 set10 VTI_70rsi 50.000000 50.000000
2019-01-16 04:49:33,414 RSI processed VTI_70rsi
2019-01-16 04:49:33,414 set10 VTI_14rsi 50.000000 50.000000
2019-01-16 04:49:33,417 RSI processed VTI_14rsi
2019-01-16 04:49:33,487 set10 GSG_70rsi 50.000000 50.000000
2019-01-16 04:49:33,490 RSI processed GSG_70rsi
2019-01-16 04:49:33,492 set10 GSG_14rsi 50.000000 50.000000
2019-01-16 04:49:33,495 RSI processed GSG_14rsi
2019-01-16 04:49:33,565 set10 DBC_70rsi 50.000000 50.000000
2019-01-16 04:49:33,568 RSI processed DBC_70rsi
2019-01-16 04:49:33,569 set10 DBC_14rsi 50.000000 50.000000
2019-01-16 04:49:33,572 RSI processed DBC_14rsi
2019-01-16 04:49:33,641 set10 USO_70rsi 50.000000 50.000000
2019-01-16 04:49:33,645 RSI processed USO_70rsi
2019-01-16 04:49:33,646 set10 USO_14rsi 50.000000 50.000000
2019-01-16 04:49:33,649 RSI processed USO_14rsi
2019-01-16 04:49:33,721 set10 PEJ_70rsi 50.000000 50.000000
2019-01-16 04:49:33,724 RSI processed PEJ_70rsi
2019-01-16 04:49:33,725 set10 PEJ_14rsi 50.000000 50.000000
2019-01-16 04:49:33,728 RSI processed PEJ_14rsi
2019-01-16 04:49:33,798 set10 IYT_70rsi 50.000000 50.000000
2019-01-16 04:49:33,802 RSI processed IYT_70rsi
2019-01-16 04:49:33,802 set10 IYT_14rsi 50.000000 50.000000
2019-01-16 04:49:33,806 RSI processed IYT_14rsi
2019-01-16 04:49:33,877 set10 IYW_70rsi 50.000000 50.000000
2019-01-16 04:49:33,880 RSI processed IYW_70rsi
2019-01-16 04:49:33,881 set10 IYW_14rsi 50.000000 50.000000
2019-01-16 04:49:33,884 RSI processed IYW_14rsi
2019-01-16 04:49:33,955 set10 IYR_70rsi 50.000000 50.000000
2019-01-16 04:49:33,958 RSI processed IYR_70rsi
2019-01-16 04:49:33,959 set10 IYR_14rsi 50.000000 50.000000
2019-01-16 04:49:33,963 RSI processed IYR_14rsi
2019-01-16 04:49:34,036 set10 IYF_70rsi 50.000000 50.000000
2019-01-16 04:49:34,040 RSI processed IYF_70rsi
2019-01-16 04:49:34,040 set10 IYF_14rsi 50.000000 50.000000
2019-01-16 04:49:34,043 RSI processed IYF_14rsi
2019-01-16 04:49:34,112 set10 IYY_70rsi 50.000000 50.000000
2019-01-16 04:49:34,116 RSI processed IYY_70rsi
2019-01-16 04:49:34,116 set10 IYY_14rsi 50.000000 50.000000
2019-01-16 04:49:34,119 RSI processed IYY_14rsi
2019-01-16 04:49:34,190 set10 IYE_70rsi 50.000000 50.000000
2019-01-16 04:49:34,193 RSI processed IYE_70rsi
2019-01-16 04:49:34,194 set10 IYE_14rsi 50.000000 50.000000
2019-01-16 04:49:34,197 RSI processed IYE_14rsi
2019-01-16 04:49:34,267 set10 TQQQ_70rsi 50.000000 50.000000
2019-01-16 04:49:34,270 RSI processed TQQQ_70rsi
2019-01-16 04:49:34,271 set10 TQQQ_14rsi 50.000000 50.000000
2019-01-16 04:49:34,274 RSI processed TQQQ_14rsi
2019-01-16 04:49:34,345 set10 SQQQ_70rsi 50.000000 50.000000
2019-01-16 04:49:34,349 RSI processed SQQQ_70rsi
2019-01-16 04:49:34,349 set10 SQQQ_14rsi 50.000000 50.000000
2019-01-16 04:49:34,352 RSI processed SQQQ_14rsi
2019-01-16 04:49:34,423 set10 ^TYX_70rsi 50.000000 50.000000
2019-01-16 04:49:34,427 RSI processed ^TYX_70rsi
2019-01-16 04:49:34,428 set10 ^TYX_14rsi 50.000000 50.000000
2019-01-16 04:49:34,431 RSI processed ^TYX_14rsi
2019-01-16 04:49:34,433 set10 ^TYX 4.132803 3.111302
2019-01-16 04:49:35,656 Ticker in list found and processed: ^TYX
2019-01-16 04:49:35,664 set10 ^FVX_70rsi 50.000000 50.000000
2019-01-16 04:49:35,667 RSI processed ^FVX_70rsi
2019-01-16 04:49:35,668 set10 ^FVX_14rsi 50.000000 50.000000
2019-01-16 04:49:35,671 RSI processed ^FVX_14rsi
2019-01-16 04:49:35,674 set10 ^FVX 2.807593 4.437855
2019-01-16 04:49:36,934 Ticker in list found and processed: ^FVX
2019-01-16 04:49:36,942 set10 ^IRX_70rsi 50.000000 50.000000
2019-01-16 04:49:36,946 RSI processed ^IRX_70rsi
2019-01-16 04:49:36,946 set10 ^IRX_14rsi 50.000000 50.000000
2019-01-16 04:49:36,949 RSI processed ^IRX_14rsi
2019-01-16 04:49:36,952 set10 ^IRX 1.592465 5.442526
2019-01-16 04:49:38,162 Ticker in list found and processed: ^IRX
2019-01-16 04:49:38,171 set10 IEF_70rsi 50.000000 50.000000
2019-01-16 04:49:38,174 RSI processed IEF_70rsi
2019-01-16 04:49:38,175 set10 IEF_14rsi 50.000000 50.000000
2019-01-16 04:49:38,178 RSI processed IEF_14rsi
2019-01-16 04:49:38,250 set10 SHV_70rsi 50.000000 50.000000
2019-01-16 04:49:38,253 RSI processed SHV_70rsi
2019-01-16 04:49:38,254 set10 SHV_14rsi 50.000000 50.000000
2019-01-16 04:49:38,257 RSI processed SHV_14rsi
2019-01-16 04:49:38,328 set10 SHY_70rsi 50.000000 50.000000
2019-01-16 04:49:38,331 RSI processed SHY_70rsi
2019-01-16 04:49:38,332 set10 SHY_14rsi 50.000000 50.000000
2019-01-16 04:49:38,335 RSI processed SHY_14rsi
2019-01-16 04:49:38,406 set10 UUP_70rsi 50.000000 50.000000
2019-01-16 04:49:38,410 RSI processed UUP_70rsi
2019-01-16 04:49:38,410 set10 UUP_14rsi 50.000000 50.000000
2019-01-16 04:49:38,413 RSI processed UUP_14rsi
2019-01-16 04:49:38,486 set10 GLD_70rsi 50.000000 50.000000
2019-01-16 04:49:38,489 RSI processed GLD_70rsi
2019-01-16 04:49:38,490 set10 GLD_14rsi 50.000000 50.000000
2019-01-16 04:49:38,493 RSI processed GLD_14rsi
2019-01-16 04:49:38,565 set10 DX-Y.NYB_70rsi 50.000000 50.000000
2019-01-16 04:49:38,569 RSI processed DX-Y.NYB_70rsi
2019-01-16 04:49:38,569 set10 DX-Y.NYB_14rsi 50.000000 50.000000
2019-01-16 04:49:38,572 RSI processed DX-Y.NYB_14rsi
2019-01-16 04:49:38,575 set10 DX-Y.NYB 70.649544 99.262537
2019-01-16 04:49:39,788 Ticker in list found and processed: DX-Y.NYB
2019-01-16 04:49:39,796 set10 OIL_70rsi 50.000000 50.000000
2019-01-16 04:49:39,800 RSI processed OIL_70rsi
2019-01-16 04:49:39,801 set10 OIL_14rsi 50.000000 50.000000
2019-01-16 04:49:39,804 RSI processed OIL_14rsi
2019-01-16 04:49:39,874 set10 PYPL_70rsi 50.000000 50.000000
2019-01-16 04:49:39,878 RSI processed PYPL_70rsi
2019-01-16 04:49:39,879 set10 PYPL_14rsi 50.000000 50.000000
2019-01-16 04:49:39,881 RSI processed PYPL_14rsi
2019-01-16 04:49:39,950 set10 MA_70rsi 50.000000 50.000000
2019-01-16 04:49:39,953 RSI processed MA_70rsi
2019-01-16 04:49:39,954 set10 MA_14rsi 50.000000 50.000000
2019-01-16 04:49:39,957 RSI processed MA_14rsi
2019-01-16 04:49:40,029 set10 WFC_70rsi 50.000000 50.000000
2019-01-16 04:49:40,032 RSI processed WFC_70rsi
2019-01-16 04:49:40,033 set10 WFC_14rsi 50.000000 50.000000
2019-01-16 04:49:40,036 RSI processed WFC_14rsi
2019-01-16 04:49:40,107 set10 BAC_70rsi 50.000000 50.000000
2019-01-16 04:49:40,111 RSI processed BAC_70rsi
2019-01-16 04:49:40,112 set10 BAC_14rsi 50.000000 50.000000
2019-01-16 04:49:40,115 RSI processed BAC_14rsi
2019-01-16 04:49:40,187 set10 JNJ_70rsi 50.000000 50.000000
2019-01-16 04:49:40,190 RSI processed JNJ_70rsi
2019-01-16 04:49:40,191 set10 JNJ_14rsi 50.000000 50.000000
2019-01-16 04:49:40,194 RSI processed JNJ_14rsi
2019-01-16 04:49:40,262 set10 JPM_70rsi 50.000000 50.000000
2019-01-16 04:49:40,265 RSI processed JPM_70rsi
2019-01-16 04:49:40,266 set10 JPM_14rsi 50.000000 50.000000
2019-01-16 04:49:40,269 RSI processed JPM_14rsi
2019-01-16 04:49:40,339 set10 GOOGL_70rsi 50.000000 50.000000
2019-01-16 04:49:40,342 RSI processed GOOGL_70rsi
2019-01-16 04:49:40,343 set10 GOOGL_14rsi 50.000000 50.000000
2019-01-16 04:49:40,346 RSI processed GOOGL_14rsi
2019-01-16 04:49:40,415 set10 SPY_70rsi 50.000000 50.000000
2019-01-16 04:49:40,418 RSI processed SPY_70rsi
2019-01-16 04:49:40,419 set10 SPY_14rsi 50.000000 50.000000
2019-01-16 04:49:40,422 RSI processed SPY_14rsi
2019-01-16 04:49:40,493 set10 FB_70rsi 50.000000 50.000000
2019-01-16 04:49:40,497 RSI processed FB_70rsi
2019-01-16 04:49:40,497 set10 FB_14rsi 50.000000 50.000000
2019-01-16 04:49:40,501 RSI processed FB_14rsi
2019-01-16 04:49:40,573 set10 IBM_70rsi 50.000000 50.000000
2019-01-16 04:49:40,576 RSI processed IBM_70rsi
2019-01-16 04:49:40,577 set10 IBM_14rsi 50.000000 50.000000
2019-01-16 04:49:40,580 RSI processed IBM_14rsi
2019-01-16 04:49:40,653 set10 MSFT_70rsi 50.000000 50.000000
2019-01-16 04:49:40,657 RSI processed MSFT_70rsi
2019-01-16 04:49:40,657 set10 MSFT_14rsi 50.000000 50.000000
2019-01-16 04:49:40,660 RSI processed MSFT_14rsi
2019-01-16 04:49:40,731 set10 ^TNX_70rsi 50.000000 50.000000
2019-01-16 04:49:40,734 RSI processed ^TNX_70rsi
2019-01-16 04:49:40,735 set10 ^TNX_14rsi 50.000000 50.000000
2019-01-16 04:49:40,738 RSI processed ^TNX_14rsi
2019-01-16 04:49:40,740 set10 ^TNX 3.483990 3.696739
2019-01-16 04:49:41,953 Ticker in list found and processed: ^TNX
2019-01-16 04:49:41,960 set10 AAPL_70rsi 50.000000 50.000000
2019-01-16 04:49:41,964 RSI processed AAPL_70rsi
2019-01-16 04:49:41,965 set10 AAPL_14rsi 50.000000 50.000000
2019-01-16 04:49:41,968 RSI processed AAPL_14rsi
2019-01-16 04:49:42,043 set10 MIDU_70rsi 50.000000 50.000000
2019-01-16 04:49:42,047 RSI processed MIDU_70rsi
2019-01-16 04:49:42,048 set10 MIDU_14rsi 50.000000 50.000000
2019-01-16 04:49:42,051 RSI processed MIDU_14rsi
2019-01-16 04:49:42,121 set10 FAS_70rsi 50.000000 50.000000
2019-01-16 04:49:42,124 RSI processed FAS_70rsi
2019-01-16 04:49:42,125 set10 FAS_14rsi 50.000000 50.000000
2019-01-16 04:49:42,127 RSI processed FAS_14rsi
2019-01-16 04:49:42,199 set10 ^VIX_70rsi 50.000000 50.000000
2019-01-16 04:49:42,203 RSI processed ^VIX_70rsi
2019-01-16 04:49:42,203 set10 ^VIX_14rsi 50.000000 50.000000
2019-01-16 04:49:42,206 RSI processed ^VIX_14rsi
2019-01-16 04:49:42,209 set10 ^VIX 19.706426 25.844382
2019-01-16 04:49:43,415 Ticker in list found and processed: ^VIX
2019-01-16 04:49:43,427 Done av data col by col.
2019-01-16 04:49:56,086 Wrote av data output.
2019-01-16 04:49:57,534 Done read fred data in.
2019-01-16 04:49:57,605 set10 DCOILWTICO_70rsi 50.000000 50.000000
2019-01-16 04:49:57,613 RSI processed DCOILWTICO_70rsi
2019-01-16 04:49:57,614 set10 DCOILWTICO_14rsi 50.000000 50.000000
2019-01-16 04:49:57,620 RSI processed DCOILWTICO_14rsi
2019-01-16 04:49:57,627 set10 GOLDAMGBD228NLBM_70rsi 50.000000 50.000000
2019-01-16 04:49:57,633 RSI processed GOLDAMGBD228NLBM_70rsi
2019-01-16 04:49:57,634 set10 GOLDAMGBD228NLBM_14rsi 50.000000 50.000000
2019-01-16 04:49:57,640 RSI processed GOLDAMGBD228NLBM_14rsi
2019-01-16 04:49:57,648 set10 DTWEXM_70rsi 50.000000 50.000000
2019-01-16 04:49:57,655 RSI processed DTWEXM_70rsi
2019-01-16 04:49:57,656 set10 DTWEXM_14rsi 50.000000 50.000000
2019-01-16 04:49:57,662 RSI processed DTWEXM_14rsi
2019-01-16 04:49:57,664 set10 DTWEXM 94.114780 42.121475
2019-01-16 04:50:01,088 Ticker in list found and processed: DTWEXM
2019-01-16 04:50:01,091 set10 HQMCB10YR_70rsi 50.000000 50.000000
2019-01-16 04:50:01,097 RSI processed HQMCB10YR_70rsi
2019-01-16 04:50:01,098 set10 HQMCB10YR_14rsi 50.000000 50.000000
2019-01-16 04:50:01,105 RSI processed HQMCB10YR_14rsi
2019-01-16 04:50:01,107 set10 HQMCB10YR 6.761122 7.204452
2019-01-16 04:50:04,473 Ticker in list found and processed: HQMCB10YR
2019-01-16 04:50:04,474 set10 T10YFF_70rsi 50.000000 50.000000
2019-01-16 04:50:04,480 RSI processed T10YFF_70rsi
2019-01-16 04:50:04,481 set10 T10YFF_14rsi 50.000000 50.000000
2019-01-16 04:50:04,488 RSI processed T10YFF_14rsi
2019-01-16 04:50:04,490 set10 T10YFF 1.061784 5.067784
2019-01-16 04:50:07,879 Ticker in list found and processed: T10YFF
2019-01-16 04:50:07,879 set10 BAA10Y_70rsi 50.000000 50.000000
2019-01-16 04:50:07,886 RSI processed BAA10Y_70rsi
2019-01-16 04:50:07,887 set10 BAA10Y_14rsi 50.000000 50.000000
2019-01-16 04:50:07,893 RSI processed BAA10Y_14rsi
2019-01-16 04:50:07,895 set10 BAA10Y 2.329408 2.176750
2019-01-16 04:50:11,290 Ticker in list found and processed: BAA10Y
2019-01-16 04:50:11,291 set10 DFII10_70rsi 50.000000 50.000000
2019-01-16 04:50:11,299 RSI processed DFII10_70rsi
2019-01-16 04:50:11,300 set10 DFII10_14rsi 50.000000 50.000000
2019-01-16 04:50:11,306 RSI processed DFII10_14rsi
2019-01-16 04:50:11,309 set10 DFII10 1.093044 2.686709
2019-01-16 04:50:14,670 Ticker in list found and processed: DFII10
2019-01-16 04:50:14,671 set10 T10YIE_70rsi 50.000000 50.000000
2019-01-16 04:50:14,678 RSI processed T10YIE_70rsi
2019-01-16 04:50:14,679 set10 T10YIE_14rsi 50.000000 50.000000
2019-01-16 04:50:14,686 RSI processed T10YIE_14rsi
2019-01-16 04:50:14,689 set10 T10YIE 2.084377 1.193681
2019-01-16 04:50:18,374 Ticker in list found and processed: T10YIE
2019-01-16 04:50:18,375 set10 DGS3MO_70rsi 50.000000 50.000000
2019-01-16 04:50:18,383 RSI processed DGS3MO_70rsi
2019-01-16 04:50:18,384 set10 DGS3MO_14rsi 50.000000 50.000000
2019-01-16 04:50:18,390 RSI processed DGS3MO_14rsi
2019-01-16 04:50:18,393 set10 DGS3MO 3.951351 9.430470
2019-01-16 04:50:21,943 Ticker in list found and processed: DGS3MO
2019-01-16 04:50:21,944 set10 DGS10_70rsi 50.000000 50.000000
2019-01-16 04:50:21,950 RSI processed DGS10_70rsi
2019-01-16 04:50:21,951 set10 DGS10_14rsi 50.000000 50.000000
2019-01-16 04:50:21,957 RSI processed DGS10_14rsi
2019-01-16 04:50:21,960 set10 DGS10 6.186426 8.625198
2019-01-16 04:50:25,380 Ticker in list found and processed: DGS10
2019-01-16 04:50:25,381 set10 T10Y3M_70rsi 50.000000 50.000000
2019-01-16 04:50:25,388 RSI processed T10Y3M_70rsi
2019-01-16 04:50:25,389 set10 T10Y3M_14rsi 50.000000 50.000000
2019-01-16 04:50:25,395 RSI processed T10Y3M_14rsi
2019-01-16 04:50:25,398 set10 T10Y3M 1.822088 3.285942
2019-01-16 04:50:28,800 Ticker in list found and processed: T10Y3M
2019-01-16 04:50:28,801 set10 DGS2_70rsi 50.000000 50.000000
2019-01-16 04:50:28,808 RSI processed DGS2_70rsi
2019-01-16 04:50:28,809 set10 DGS2_14rsi 50.000000 50.000000
2019-01-16 04:50:28,816 RSI processed DGS2_14rsi
2019-01-16 04:50:28,818 set10 DGS2 5.352247 11.296562
2019-01-16 04:50:32,200 Ticker in list found and processed: DGS2
2019-01-16 04:50:32,201 set10 T10Y2Y_70rsi 50.000000 50.000000
2019-01-16 04:50:32,208 RSI processed T10Y2Y_70rsi
2019-01-16 04:50:32,209 set10 T10Y2Y_14rsi 50.000000 50.000000
2019-01-16 04:50:32,215 RSI processed T10Y2Y_14rsi
2019-01-16 04:50:32,218 set10 T10Y2Y 0.954003 2.762933
2019-01-16 04:50:35,620 Ticker in list found and processed: T10Y2Y
2019-01-16 04:50:35,620 set10 VXVCLS_70rsi 50.000000 50.000000
2019-01-16 04:50:35,627 RSI processed VXVCLS_70rsi
2019-01-16 04:50:35,628 set10 VXVCLS_14rsi 50.000000 50.000000
2019-01-16 04:50:35,634 RSI processed VXVCLS_14rsi
2019-01-16 04:50:35,637 set10 VXVCLS 21.271491 24.883581
2019-01-16 04:50:39,007 Ticker in list found and processed: VXVCLS
2019-01-16 04:50:39,008 set10 BAMLH0A0HYM2_70rsi 50.000000 50.000000
2019-01-16 04:50:39,014 RSI processed BAMLH0A0HYM2_70rsi
2019-01-16 04:50:39,015 set10 BAMLH0A0HYM2_14rsi 50.000000 50.000000
2019-01-16 04:50:39,021 RSI processed BAMLH0A0HYM2_14rsi
2019-01-16 04:50:39,024 set10 BAMLH0A0HYM2 5.614070 8.194568
2019-01-16 04:50:42,420 Ticker in list found and processed: BAMLH0A0HYM2
2019-01-16 04:50:42,421 set10 BAMLEMCBPIOAS_70rsi 50.000000 50.000000
2019-01-16 04:50:42,427 RSI processed BAMLEMCBPIOAS_70rsi
2019-01-16 04:50:42,428 set10 BAMLEMCBPIOAS_14rsi 50.000000 50.000000
2019-01-16 04:50:42,435 RSI processed BAMLEMCBPIOAS_14rsi
2019-01-16 04:50:42,437 set10 BAMLEMCBPIOAS 3.920873 6.000883
2019-01-16 04:50:45,845 Ticker in list found and processed: BAMLEMCBPIOAS
2019-01-16 04:50:45,846 set10 RVXCLS_70rsi 50.000000 50.000000
2019-01-16 04:50:45,853 RSI processed RVXCLS_70rsi
2019-01-16 04:50:45,853 set10 RVXCLS_14rsi 50.000000 50.000000
2019-01-16 04:50:45,860 RSI processed RVXCLS_14rsi
2019-01-16 04:50:45,863 set10 RVXCLS 23.820705 28.645815
2019-01-16 04:50:49,410 Ticker in list found and processed: RVXCLS
2019-01-16 04:50:49,411 set10 RU2000PR_70rsi 50.000000 50.000000
2019-01-16 04:50:49,417 RSI processed RU2000PR_70rsi
2019-01-16 04:50:49,418 set10 RU2000PR_14rsi 50.000000 50.000000
2019-01-16 04:50:49,424 RSI processed RU2000PR_14rsi
2019-01-16 04:50:49,432 set10 DJIA_70rsi 50.000000 50.000000
2019-01-16 04:50:49,438 RSI processed DJIA_70rsi
2019-01-16 04:50:49,439 set10 DJIA_14rsi 50.000000 50.000000
2019-01-16 04:50:49,445 RSI processed DJIA_14rsi
2019-01-16 04:50:49,450 set10 VXNCLS_70rsi 50.000000 50.000000
2019-01-16 04:50:49,456 RSI processed VXNCLS_70rsi
2019-01-16 04:50:49,457 set10 VXNCLS_14rsi 50.000000 50.000000
2019-01-16 04:50:49,463 RSI processed VXNCLS_14rsi
2019-01-16 04:50:49,465 set10 VXNCLS 24.676977 36.428853
2019-01-16 04:50:52,868 Ticker in list found and processed: VXNCLS
2019-01-16 04:50:52,868 set10 NASDAQCOM_70rsi 50.000000 50.000000
2019-01-16 04:50:52,875 RSI processed NASDAQCOM_70rsi
2019-01-16 04:50:52,876 set10 NASDAQCOM_14rsi 50.000000 50.000000
2019-01-16 04:50:52,883 RSI processed NASDAQCOM_14rsi
2019-01-16 04:50:52,889 set10 WILL5000INDFC_70rsi 50.000000 50.000000
2019-01-16 04:50:52,896 RSI processed WILL5000INDFC_70rsi
2019-01-16 04:50:52,897 set10 WILL5000INDFC_14rsi 50.000000 50.000000
2019-01-16 04:50:52,903 RSI processed WILL5000INDFC_14rsi
2019-01-16 04:50:52,910 set10 NASDAQ100_70rsi 50.000000 50.000000
2019-01-16 04:50:52,917 RSI processed NASDAQ100_70rsi
2019-01-16 04:50:52,918 set10 NASDAQ100_14rsi 50.000000 50.000000
2019-01-16 04:50:52,925 RSI processed NASDAQ100_14rsi
2019-01-16 04:50:52,931 set10 OVXCLS_70rsi 50.000000 50.000000
2019-01-16 04:50:52,937 RSI processed OVXCLS_70rsi
2019-01-16 04:50:52,938 set10 OVXCLS_14rsi 50.000000 50.000000
2019-01-16 04:50:52,945 RSI processed OVXCLS_14rsi
2019-01-16 04:50:52,947 set10 OVXCLS 36.245300 40.818551
2019-01-16 04:50:56,331 Ticker in list found and processed: OVXCLS
2019-01-16 04:50:56,331 set10 GVZCLS_70rsi 50.000000 50.000000
2019-01-16 04:50:56,339 RSI processed GVZCLS_70rsi
2019-01-16 04:50:56,339 set10 GVZCLS_14rsi 50.000000 50.000000
2019-01-16 04:50:56,346 RSI processed GVZCLS_14rsi
2019-01-16 04:50:56,348 set10 GVZCLS 19.605623 23.358292
2019-01-16 04:50:59,811 Ticker in list found and processed: GVZCLS
2019-01-16 04:50:59,812 set10 VXEEMCLS_70rsi 50.000000 50.000000
2019-01-16 04:50:59,819 RSI processed VXEEMCLS_70rsi
2019-01-16 04:50:59,819 set10 VXEEMCLS_14rsi 50.000000 50.000000
2019-01-16 04:50:59,826 RSI processed VXEEMCLS_14rsi
2019-01-16 04:50:59,828 set10 VXEEMCLS 23.329898 21.039742
2019-01-16 04:51:03,359 Ticker in list found and processed: VXEEMCLS
2019-01-16 04:51:03,360 set10 VXFXICLS_70rsi 50.000000 50.000000
2019-01-16 04:51:03,367 RSI processed VXFXICLS_70rsi
2019-01-16 04:51:03,367 set10 VXFXICLS_14rsi 50.000000 50.000000
2019-01-16 04:51:03,374 RSI processed VXFXICLS_14rsi
2019-01-16 04:51:03,377 set10 VXFXICLS 25.986634 20.706587
2019-01-16 04:51:07,061 Ticker in list found and processed: VXFXICLS
2019-01-16 04:51:07,062 set10 VXDCLS_70rsi 50.000000 50.000000
2019-01-16 04:51:07,070 RSI processed VXDCLS_70rsi
2019-01-16 04:51:07,071 set10 VXDCLS_14rsi 50.000000 50.000000
2019-01-16 04:51:07,078 RSI processed VXDCLS_14rsi
2019-01-16 04:51:07,081 set10 VXDCLS 19.233847 23.550516
2019-01-16 04:51:10,848 Ticker in list found and processed: VXDCLS
2019-01-16 04:51:10,849 set10 VXAPLCLS_70rsi 50.000000 50.000000
2019-01-16 04:51:10,856 RSI processed VXAPLCLS_70rsi
2019-01-16 04:51:10,857 set10 VXAPLCLS_14rsi 50.000000 50.000000
2019-01-16 04:51:10,864 RSI processed VXAPLCLS_14rsi
2019-01-16 04:51:10,867 set10 VXAPLCLS 28.472957 20.410950
2019-01-16 04:51:14,409 Ticker in list found and processed: VXAPLCLS
2019-01-16 04:51:14,410 set10 VXGOGCLS_70rsi 50.000000 50.000000
2019-01-16 04:51:14,416 RSI processed VXGOGCLS_70rsi
2019-01-16 04:51:14,417 set10 VXGOGCLS_14rsi 50.000000 50.000000
2019-01-16 04:51:14,424 RSI processed VXGOGCLS_14rsi
2019-01-16 04:51:14,426 set10 VXGOGCLS 25.370453 19.115601
2019-01-16 04:51:17,777 Ticker in list found and processed: VXGOGCLS
2019-01-16 04:51:17,778 set10 VXGSCLS_70rsi 50.000000 50.000000
2019-01-16 04:51:17,784 RSI processed VXGSCLS_70rsi
2019-01-16 04:51:17,785 set10 VXGSCLS_14rsi 50.000000 50.000000
2019-01-16 04:51:17,791 RSI processed VXGSCLS_14rsi
2019-01-16 04:51:17,794 set10 VXGSCLS 28.274136 27.628827
2019-01-16 04:51:21,183 Ticker in list found and processed: VXGSCLS
2019-01-16 04:51:21,184 set10 VXIBMCLS_70rsi 50.000000 50.000000
2019-01-16 04:51:21,191 RSI processed VXIBMCLS_70rsi
2019-01-16 04:51:21,192 set10 VXIBMCLS_14rsi 50.000000 50.000000
2019-01-16 04:51:21,198 RSI processed VXIBMCLS_14rsi
2019-01-16 04:51:21,201 set10 VXIBMCLS 21.578175 13.963434
2019-01-16 04:51:24,558 Ticker in list found and processed: VXIBMCLS
2019-01-16 04:51:24,558 set10 VXAZNCLS_70rsi 50.000000 50.000000
2019-01-16 04:51:24,565 RSI processed VXAZNCLS_70rsi
2019-01-16 04:51:24,566 set10 VXAZNCLS_14rsi 50.000000 50.000000
2019-01-16 04:51:24,572 RSI processed VXAZNCLS_14rsi
2019-01-16 04:51:24,575 set10 VXAZNCLS 33.298933 26.511138
2019-01-16 04:51:27,974 Ticker in list found and processed: VXAZNCLS
2019-01-16 04:51:27,975 set10 VXOCLS_70rsi 50.000000 50.000000
2019-01-16 04:51:27,982 RSI processed VXOCLS_70rsi
2019-01-16 04:51:27,983 set10 VXOCLS_14rsi 50.000000 50.000000
2019-01-16 04:51:27,990 RSI processed VXOCLS_14rsi
2019-01-16 04:51:27,992 set10 VXOCLS 20.043424 26.819772
2019-01-16 04:51:31,393 Ticker in list found and processed: VXOCLS
2019-01-16 04:51:31,394 set10 VXTYN_70rsi 50.000000 50.000000
2019-01-16 04:51:31,401 RSI processed VXTYN_70rsi
2019-01-16 04:51:31,402 set10 VXTYN_14rsi 50.000000 50.000000
2019-01-16 04:51:31,408 RSI processed VXTYN_14rsi
2019-01-16 04:51:31,411 set10 VXTYN 6.302889 6.167289
2019-01-16 04:51:34,744 Ticker in list found and processed: VXTYN
2019-01-16 04:51:34,745 set10 VIXCLS_70rsi 50.000000 50.000000
2019-01-16 04:51:34,751 RSI processed VIXCLS_70rsi
2019-01-16 04:51:34,752 set10 VIXCLS_14rsi 50.000000 50.000000
2019-01-16 04:51:34,758 RSI processed VIXCLS_14rsi
2019-01-16 04:51:34,761 set10 VIXCLS 19.275881 23.430396
2019-01-16 04:51:38,141 Ticker in list found and processed: VIXCLS
2019-01-16 04:51:38,142 Done fred data col by col.
2019-01-16 04:51:48,362 Done wrote fred output.
