2019-01-10 03:06:47,025 Error with GOOG
2019-01-10 03:06:47,032 Error with GS
2019-01-10 03:06:47,041 Error with V
2019-01-10 03:06:47,049 Error with C
2019-01-10 03:06:47,055 Error with QQQ
2019-01-10 03:06:55,218 Error with ^N225
2019-01-10 03:06:57,969 Error with HYG
2019-01-10 03:06:58,501 Error with EMB
2019-01-10 03:06:58,676 Error with DAX
2019-01-10 03:06:59,081 Error with ^GSPC
2019-01-10 03:06:59,252 Error with ^RUT
2019-01-10 03:06:59,477 Error with ^DJI
2019-01-10 03:07:01,088 Error with ^NYA
2019-01-10 03:07:01,245 Error with ^XOI
2019-01-10 03:07:01,410 Error with ^VXN
2019-01-10 03:07:01,554 Error with XLI
2019-01-10 03:07:25,508 Error with XLY
2019-01-10 03:07:25,734 Error with XLP
2019-01-10 03:07:25,896 Error with XLF
2019-01-10 03:07:26,064 Error with KBE
2019-01-10 03:07:26,213 Error with KRE
2019-01-10 03:07:26,366 Error with IBB
2019-01-10 03:07:26,505 Error with XLV
2019-01-10 03:07:26,650 Error with FDN
2019-01-10 03:07:27,239 Error with VTI
2019-01-10 03:07:27,609 Error with GSG
2019-01-10 03:07:27,749 Error with DBC
2019-01-10 03:07:27,894 Error with USO
2019-01-10 03:10:07,635 Error with BAC
2019-01-10 03:10:09,264 Error with JNJ
2019-01-10 03:10:09,391 Error with JPM
2019-01-10 03:10:09,491 Error with GOOGL
2019-01-10 03:10:09,606 Error with SPY
2019-01-10 03:10:09,711 Error with FB
2019-01-10 03:10:09,818 Error with IBM
2019-01-10 03:10:09,936 Error with MSFT
2019-01-10 03:10:10,046 Error with ^TNX
2019-01-10 03:10:10,156 Error with AAPL
2019-01-10 03:10:10,270 Error with MIDU
2019-01-10 03:10:10,387 Error with FAS
2019-01-10 03:10:10,498 Error with ^VIX
2019-01-10 03:10:10,504 Error with GOOG
2019-01-10 03:10:10,510 Error with GS
2019-01-10 03:10:10,520 Error with V
2019-01-10 03:10:10,527 Error with C
2019-01-10 03:10:10,532 Error with QQQ
2019-01-10 03:10:10,615 Error with ^N225
2019-01-10 03:10:10,727 Error with HYG
2019-01-10 03:10:10,835 Error with EMB
2019-01-10 03:10:10,955 Error with DAX
2019-01-10 03:10:11,066 Error with ^GSPC
2019-01-10 03:10:11,184 Error with ^RUT
2019-01-10 03:10:11,294 Error with ^DJI
2019-01-10 03:10:11,411 Error with ^NYA
2019-01-10 03:10:11,526 Error with ^XOI
2019-01-10 03:10:11,647 Error with ^VXN
2019-01-10 03:10:11,759 Error with XLI
2019-01-10 03:10:11,881 Error with XLY
2019-01-10 03:10:11,995 Error with XLP
2019-01-10 03:10:12,110 Error with XLF
2019-01-10 03:10:12,230 Error with KBE
2019-01-10 03:10:12,347 Error with KRE
2019-01-10 03:10:12,467 Error with IBB
2019-01-10 03:10:12,587 Error with XLV
2019-01-10 03:10:12,690 Error with FDN
2019-01-10 03:10:12,811 Error with VTI
2019-01-10 03:10:12,935 Error with GSG
2019-01-10 03:10:13,047 Error with DBC
2019-01-10 03:10:13,162 Error with USO
2019-01-10 03:10:13,290 Error with BAC
2019-01-10 03:10:13,402 Error with JNJ
2019-01-10 03:10:13,522 Error with JPM
2019-01-10 03:10:13,638 Error with GOOGL
2019-01-10 03:10:13,759 Error with SPY
2019-01-10 03:10:13,874 Error with FB
2019-01-10 03:10:13,990 Error with IBM
2019-01-10 03:10:14,098 Error with MSFT
2019-01-10 03:10:14,223 Error with ^TNX
2019-01-10 03:10:14,342 Error with AAPL
2019-01-10 03:10:14,457 Error with MIDU
2019-01-10 03:10:14,570 Error with FAS
2019-01-10 03:10:14,687 Error with ^VIX
2019-01-10 03:10:14,693 Error with GOOG
2019-01-10 03:10:14,699 Error with GS
2019-01-10 03:10:14,708 Error with V
2019-01-10 03:10:14,715 Error with C
2019-01-10 03:10:14,721 Error with QQQ
2019-01-10 03:10:14,809 Error with ^N225
2019-01-10 03:10:14,935 Error with HYG
2019-01-10 03:10:15,053 Error with EMB
2019-01-10 03:10:15,166 Error with DAX
2019-01-10 03:10:15,290 Error with ^GSPC
2019-01-10 03:10:15,405 Error with ^RUT
2019-01-10 03:10:15,529 Error with ^DJI
2019-01-10 03:10:15,649 Error with ^NYA
2019-01-10 03:10:15,781 Error with ^XOI
2019-01-10 03:10:15,893 Error with ^VXN
2019-01-10 03:10:16,013 Error with XLI
2019-01-10 03:10:16,137 Error with XLY
2019-01-10 03:10:16,258 Error with XLP
2019-01-10 03:10:16,376 Error with XLF
2019-01-10 03:10:16,498 Error with KBE
2019-01-10 03:10:16,622 Error with KRE
2019-01-10 03:10:16,741 Error with IBB
2019-01-10 03:10:16,861 Error with XLV
2019-01-10 03:10:16,986 Error with FDN
2019-01-10 03:10:17,097 Error with VTI
2019-01-10 03:10:17,213 Error with GSG
2019-01-10 03:10:17,337 Error with DBC
2019-01-10 03:10:17,452 Error with USO
2019-01-10 03:10:17,569 Error with BAC
2019-01-10 03:10:17,681 Error with JNJ
2019-01-10 03:10:17,801 Error with JPM
2019-01-10 03:10:17,924 Error with GOOGL
2019-01-10 03:10:18,049 Error with SPY
2019-01-10 03:10:18,173 Error with FB
2019-01-10 03:10:18,288 Error with IBM
2019-01-10 03:10:18,401 Error with MSFT
2019-01-10 03:10:18,524 Error with ^TNX
2019-01-10 03:10:18,651 Error with AAPL
2019-01-10 03:10:18,764 Error with MIDU
2019-01-10 03:10:18,896 Error with FAS
2019-01-10 03:10:19,020 Error with ^VIX
2019-01-10 03:10:19,144 Error with DCOILWTICO
2019-01-10 03:10:19,369 Error with GOLDAMGBD228NLBM
2019-01-10 03:10:19,631 Error with DTWEXM
2019-01-10 03:10:19,755 Error with HQMCB10YR
2019-01-10 03:10:19,881 Error with T10YFF
2019-01-10 03:10:20,003 Error with BAA10Y
2019-01-10 03:10:20,135 Error with DFII10
2019-01-10 03:10:20,263 Error with T10YIE
2019-01-10 03:10:20,387 Error with DGS3MO
2019-01-10 03:10:20,519 Error with DGS10
2019-01-10 03:10:20,651 Error with T10Y3M
2019-01-10 03:10:20,767 Error with DGS2
2019-01-10 03:10:20,887 Error with T10Y2Y
2019-01-10 03:10:21,019 Error with VXVCLS
2019-01-10 03:10:21,139 Error with BAMLH0A0HYM2
2019-01-10 03:10:21,264 Error with BAMLEMCBPIOAS
2019-01-10 03:10:21,387 Error with RVXCLS
2019-01-10 03:10:21,516 Error with RU2000PR
2019-01-10 03:10:21,639 Error with DJIA
2019-01-10 03:10:21,755 Error with VXNCLS
2019-01-10 03:10:21,874 Error with NASDAQCOM
2019-01-10 03:10:21,999 Error with WILL5000INDFC
2019-01-10 03:10:22,123 Error with NASDAQ100
2019-01-10 03:10:22,242 Error with OVXCLS
2019-01-10 03:10:22,370 Error with GVZCLS
2019-01-10 03:10:22,503 Error with VXEEMCLS
2019-01-10 03:10:22,619 Error with VXFXICLS
2019-01-10 03:10:22,755 Error with VXDCLS
2019-01-10 03:10:22,866 Error with VXAPLCLS
2019-01-10 03:10:22,999 Error with VXGOGCLS
2019-01-10 03:10:23,115 Error with VXGSCLS
2019-01-10 03:10:23,239 Error with VXIBMCLS
2019-01-10 03:10:23,513 Error with VXAZNCLS
2019-01-10 03:10:23,686 Error with VXOCLS
2019-01-10 03:10:23,831 Error with VXTYN
2019-01-10 03:10:23,966 Error with VIXCLS
2019-01-10 03:10:24,103 Error with DCOILWTICO
2019-01-10 03:10:24,234 Error with GOLDAMGBD228NLBM
2019-01-10 03:10:24,362 Error with DTWEXM
2019-01-10 03:10:24,477 Error with HQMCB10YR
2019-01-10 03:10:24,615 Error with T10YFF
2019-01-10 03:10:24,737 Error with BAA10Y
2019-01-10 03:10:24,865 Error with DFII10
2019-01-10 03:10:24,994 Error with T10YIE
2019-01-10 03:10:25,130 Error with DGS3MO
2019-01-10 03:10:25,245 Error with DGS10
2019-01-10 03:10:25,369 Error with T10Y3M
2019-01-10 03:10:25,497 Error with DGS2
2019-01-10 03:10:25,618 Error with T10Y2Y
2019-01-10 03:10:25,747 Error with VXVCLS
2019-01-10 03:10:25,874 Error with BAMLH0A0HYM2
2019-01-10 03:10:26,005 Error with BAMLEMCBPIOAS
2019-01-10 03:10:26,137 Error with RVXCLS
2019-01-10 03:10:26,277 Error with RU2000PR
2019-01-10 03:10:26,402 Error with DJIA
2019-01-10 03:10:26,537 Error with VXNCLS
2019-01-10 03:10:26,665 Error with NASDAQCOM
2019-01-10 03:10:26,781 Error with WILL5000INDFC
2019-01-10 03:10:26,908 Error with NASDAQ100
2019-01-10 03:10:27,040 Error with OVXCLS
2019-01-10 03:10:27,156 Error with GVZCLS
2019-01-10 03:10:27,300 Error with VXEEMCLS
2019-01-10 03:10:27,424 Error with VXFXICLS
2019-01-10 03:10:27,561 Error with VXDCLS
2019-01-10 03:10:27,684 Error with VXAPLCLS
2019-01-10 03:10:27,808 Error with VXGOGCLS
2019-01-10 03:10:27,936 Error with VXGSCLS
2019-01-10 03:10:28,060 Error with VXIBMCLS
2019-01-10 03:10:28,216 Error with VXAZNCLS
2019-01-10 03:10:28,336 Error with VXOCLS
2019-01-10 03:10:28,534 Error with VXTYN
2019-01-10 03:10:28,745 Error with VIXCLS
2019-01-10 03:10:28,883 Error with DCOILWTICO
2019-01-10 03:10:29,066 Error with GOLDAMGBD228NLBM
2019-01-10 03:10:29,200 Error with DTWEXM
2019-01-10 03:10:29,337 Error with HQMCB10YR
2019-01-10 03:10:29,444 Error with T10YFF
2019-01-10 03:10:29,591 Error with BAA10Y
2019-01-10 03:10:29,711 Error with DFII10
2019-01-10 03:10:29,860 Error with T10YIE
2019-01-10 03:10:29,994 Error with DGS3MO
2019-01-10 03:10:30,129 Error with DGS10
2019-01-10 03:10:30,242 Error with T10Y3M
2019-01-10 03:10:30,393 Error with DGS2
2019-01-10 03:10:30,505 Error with T10Y2Y
2019-01-10 03:10:30,799 Error with VXVCLS
2019-01-10 03:10:30,937 Error with BAMLH0A0HYM2
2019-01-10 03:10:31,058 Error with BAMLEMCBPIOAS
2019-01-10 03:10:31,219 Error with RVXCLS
2019-01-10 03:10:31,362 Error with RU2000PR
2019-01-10 03:10:31,513 Error with DJIA
2019-01-10 03:10:31,678 Error with VXNCLS
2019-01-10 03:10:31,814 Error with NASDAQCOM
2019-01-10 03:10:32,081 Error with WILL5000INDFC
2019-01-10 03:10:32,202 Error with NASDAQ100
2019-01-10 03:10:32,321 Error with OVXCLS
2019-01-10 03:10:32,449 Error with GVZCLS
2019-01-10 03:10:32,576 Error with VXEEMCLS
2019-01-10 03:10:32,714 Error with VXFXICLS
2019-01-10 03:10:32,849 Error with VXDCLS
2019-01-10 03:10:33,094 Error with VXAPLCLS
2019-01-10 03:10:33,234 Error with VXGOGCLS
2019-01-10 03:10:33,357 Error with VXGSCLS
2019-01-10 03:10:33,494 Error with VXIBMCLS
2019-01-10 03:10:33,630 Error with VXAZNCLS
2019-01-10 03:10:33,749 Error with VXOCLS
2019-01-10 03:10:33,886 Error with VXTYN
2019-01-10 03:10:34,025 Error with VIXCLS
