2019-01-13 22:41:36,831 Done read av data in.
2019-01-13 22:41:36,833 set10 GOOG_70rsi 50.000000 50.000000
2019-01-13 22:41:36,835 RSI processed GOOG_70rsi
2019-01-13 22:41:36,835 set10 GOOG_14rsi 50.000000 50.000000
2019-01-13 22:41:36,835 RSI processed GOOG_14rsi
2019-01-13 22:41:37,323 set10 GS_70rsi 50.000000 50.000000
2019-01-13 22:41:37,324 RSI processed GS_70rsi
2019-01-13 22:41:37,324 set10 GS_14rsi 50.000000 50.000000
2019-01-13 22:41:37,325 RSI processed GS_14rsi
2019-01-13 22:41:38,465 set10 V_70rsi 50.000000 50.000000
2019-01-13 22:41:38,466 RSI processed V_70rsi
2019-01-13 22:41:38,466 set10 V_14rsi 50.000000 50.000000
2019-01-13 22:41:38,466 RSI processed V_14rsi
2019-01-13 22:41:39,161 set10 C_70rsi 50.000000 50.000000
2019-01-13 22:41:39,162 RSI processed C_70rsi
2019-01-13 22:41:39,162 set10 C_14rsi 50.000000 50.000000
2019-01-13 22:41:39,163 RSI processed C_14rsi
2019-01-13 22:41:40,369 set10 QQQ_70rsi 50.000000 50.000000
2019-01-13 22:41:40,370 RSI processed QQQ_70rsi
2019-01-13 22:41:40,370 set10 QQQ_14rsi 50.000000 50.000000
2019-01-13 22:41:40,371 RSI processed QQQ_14rsi
2019-01-13 22:41:41,509 set10 TIP_70rsi 50.000000 50.000000
2019-01-13 22:41:41,510 RSI processed TIP_70rsi
2019-01-13 22:41:41,510 set10 TIP_14rsi 50.000000 50.000000
2019-01-13 22:41:41,511 RSI processed TIP_14rsi
2019-01-13 22:41:42,419 set10 ^N225_70rsi 50.000000 50.000000
2019-01-13 22:41:42,419 RSI processed ^N225_70rsi
2019-01-13 22:41:42,419 set10 ^N225_14rsi 50.000000 50.000000
2019-01-13 22:41:42,420 RSI processed ^N225_14rsi
2019-01-13 22:41:43,490 set10 HYG_70rsi 50.000000 50.000000
2019-01-13 22:41:43,492 RSI processed HYG_70rsi
2019-01-13 22:41:43,492 set10 HYG_14rsi 50.000000 50.000000
2019-01-13 22:41:43,492 RSI processed HYG_14rsi
2019-01-13 22:41:44,245 set10 EMB_70rsi 50.000000 50.000000
2019-01-13 22:41:44,246 RSI processed EMB_70rsi
2019-01-13 22:41:44,246 set10 EMB_14rsi 50.000000 50.000000
2019-01-13 22:41:44,247 RSI processed EMB_14rsi
2019-01-13 22:41:44,955 set10 DAX_70rsi 50.000000 50.000000
2019-01-13 22:41:44,956 RSI processed DAX_70rsi
2019-01-13 22:41:44,956 set10 DAX_14rsi 50.000000 50.000000
2019-01-13 22:41:44,956 RSI processed DAX_14rsi
2019-01-13 22:41:45,314 set10 ^GSPC_70rsi 50.000000 50.000000
2019-01-13 22:41:45,314 RSI processed ^GSPC_70rsi
2019-01-13 22:41:45,314 set10 ^GSPC_14rsi 50.000000 50.000000
2019-01-13 22:41:45,315 RSI processed ^GSPC_14rsi
2019-01-13 22:41:46,418 set10 ^RUT_70rsi 50.000000 50.000000
2019-01-13 22:41:46,419 RSI processed ^RUT_70rsi
2019-01-13 22:41:46,419 set10 ^RUT_14rsi 50.000000 50.000000
2019-01-13 22:41:46,420 RSI processed ^RUT_14rsi
2019-01-13 22:41:47,519 set10 ^DJI_70rsi 50.000000 50.000000
2019-01-13 22:41:47,520 RSI processed ^DJI_70rsi
2019-01-13 22:41:47,520 set10 ^DJI_14rsi 50.000000 50.000000
2019-01-13 22:41:47,521 RSI processed ^DJI_14rsi
2019-01-13 22:41:48,633 set10 ^NYA_70rsi 50.000000 50.000000
2019-01-13 22:41:48,635 RSI processed ^NYA_70rsi
2019-01-13 22:41:48,635 set10 ^NYA_14rsi 50.000000 50.000000
2019-01-13 22:41:48,636 RSI processed ^NYA_14rsi
2019-01-13 22:41:49,734 set10 ^XOI_70rsi 50.000000 50.000000
2019-01-13 22:41:49,735 RSI processed ^XOI_70rsi
2019-01-13 22:41:49,735 set10 ^XOI_14rsi 50.000000 50.000000
2019-01-13 22:41:49,735 RSI processed ^XOI_14rsi
2019-01-13 22:41:50,787 set10 ^VXN_70rsi 50.000000 50.000000
2019-01-13 22:41:50,788 RSI processed ^VXN_70rsi
2019-01-13 22:41:50,788 set10 ^VXN_14rsi 50.000000 50.000000
2019-01-13 22:41:50,788 RSI processed ^VXN_14rsi
2019-01-13 22:41:50,791 set10 ^VXN 25.385576 42.733365
2019-01-13 22:41:50,801 Ticker in list found and processed: ^VXN
2019-01-13 22:41:50,832 set10 XLI_70rsi 50.000000 50.000000
2019-01-13 22:41:50,833 RSI processed XLI_70rsi
2019-01-13 22:41:50,833 set10 XLI_14rsi 50.000000 50.000000
2019-01-13 22:41:50,833 RSI processed XLI_14rsi
2019-01-13 22:44:47,441 set10 XLB_70rsi 50.000000 50.000000
2019-01-13 22:44:47,442 RSI processed XLB_70rsi
2019-01-13 22:44:47,442 set10 XLB_14rsi 50.000000 50.000000
2019-01-13 22:44:47,443 RSI processed XLB_14rsi
