2019-01-12 22:54:37,994 Done read av data in.
2019-01-12 22:54:37,997 RSI processed GOOG_70rsi
2019-01-12 22:54:37,998 RSI processed GOOG_14rsi
2019-01-12 22:54:37,999 RSI processed GS_70rsi
2019-01-12 22:54:38,000 RSI processed GS_14rsi
2019-01-12 22:54:38,001 RSI processed V_70rsi
2019-01-12 22:54:38,002 RSI processed V_14rsi
2019-01-12 22:54:38,003 RSI processed C_70rsi
2019-01-12 22:54:38,003 RSI processed C_14rsi
2019-01-12 22:54:38,004 RSI processed QQQ_70rsi
2019-01-12 22:54:38,005 RSI processed QQQ_14rsi
2019-01-12 22:54:38,006 RSI processed TIP_70rsi
2019-01-12 22:54:38,007 RSI processed TIP_14rsi
2019-01-12 22:54:38,008 RSI processed ^N225_70rsi
2019-01-12 22:54:38,009 RSI processed ^N225_14rsi
2019-01-12 22:54:38,010 RSI processed HYG_70rsi
2019-01-12 22:54:38,011 RSI processed HYG_14rsi
2019-01-12 22:54:38,012 RSI processed EMB_70rsi
2019-01-12 22:54:38,012 RSI processed EMB_14rsi
2019-01-12 22:54:38,013 RSI processed DAX_70rsi
2019-01-12 22:54:38,014 RSI processed DAX_14rsi
2019-01-12 22:54:38,015 RSI processed ^GSPC_70rsi
2019-01-12 22:54:38,016 RSI processed ^GSPC_14rsi
2019-01-12 22:54:38,017 RSI processed ^RUT_70rsi
2019-01-12 22:54:38,018 RSI processed ^RUT_14rsi
2019-01-12 22:54:38,019 RSI processed ^DJI_70rsi
2019-01-12 22:54:38,020 RSI processed ^DJI_14rsi
2019-01-12 22:54:38,021 RSI processed ^NYA_70rsi
2019-01-12 22:54:38,021 RSI processed ^NYA_14rsi
2019-01-12 22:54:38,022 RSI processed ^XOI_70rsi
2019-01-12 22:54:38,023 RSI processed ^XOI_14rsi
2019-01-12 22:54:38,024 RSI processed ^VXN_70rsi
2019-01-12 22:54:38,025 RSI processed ^VXN_14rsi
2019-01-12 22:54:38,026 RSI processed XLI_70rsi
2019-01-12 22:54:38,027 RSI processed XLI_14rsi
2019-01-12 22:54:38,028 RSI processed XLB_70rsi
2019-01-12 22:54:38,029 RSI processed XLB_14rsi
2019-01-12 22:54:38,030 RSI processed VNQ_70rsi
2019-01-12 22:54:38,030 RSI processed VNQ_14rsi
2019-01-12 22:54:38,031 RSI processed XLY_70rsi
2019-01-12 22:54:38,032 RSI processed XLY_14rsi
2019-01-12 22:54:38,033 RSI processed XLP_70rsi
2019-01-12 22:54:38,034 RSI processed XLP_14rsi
2019-01-12 22:54:38,035 RSI processed XLF_70rsi
2019-01-12 22:54:38,036 RSI processed XLF_14rsi
2019-01-12 22:54:38,037 RSI processed KBE_70rsi
2019-01-12 22:54:38,038 RSI processed KBE_14rsi
2019-01-12 22:54:38,039 RSI processed KRE_70rsi
2019-01-12 22:54:38,040 RSI processed KRE_14rsi
2019-01-12 22:54:38,041 RSI processed IBB_70rsi
2019-01-12 22:54:38,042 RSI processed IBB_14rsi
2019-01-12 22:54:38,043 RSI processed XLV_70rsi
2019-01-12 22:54:38,043 RSI processed XLV_14rsi
2019-01-12 22:54:38,044 RSI processed FDN_70rsi
2019-01-12 22:54:38,045 RSI processed FDN_14rsi
2019-01-12 22:54:38,046 RSI processed VTI_70rsi
2019-01-12 22:54:38,047 RSI processed VTI_14rsi
2019-01-12 22:54:38,048 RSI processed GSG_70rsi
2019-01-12 22:54:38,049 RSI processed GSG_14rsi
2019-01-12 22:54:38,050 RSI processed DBC_70rsi
2019-01-12 22:54:38,051 RSI processed DBC_14rsi
2019-01-12 22:54:38,052 RSI processed USO_70rsi
2019-01-12 22:54:38,053 RSI processed USO_14rsi
2019-01-12 22:54:38,053 RSI processed PEJ_70rsi
2019-01-12 22:54:38,054 RSI processed PEJ_14rsi
2019-01-12 22:54:38,055 RSI processed IYT_70rsi
2019-01-12 22:54:38,056 RSI processed IYT_14rsi
2019-01-12 22:54:38,057 RSI processed IYW_70rsi
2019-01-12 22:54:38,058 RSI processed IYW_14rsi
2019-01-12 22:54:38,059 RSI processed IYR_70rsi
2019-01-12 22:54:38,060 RSI processed IYR_14rsi
2019-01-12 22:54:38,061 RSI processed IYF_70rsi
2019-01-12 22:54:38,062 RSI processed IYF_14rsi
2019-01-12 22:54:38,062 RSI processed IYY_70rsi
2019-01-12 22:54:38,063 RSI processed IYY_14rsi
2019-01-12 22:54:38,064 RSI processed IYE_70rsi
2019-01-12 22:54:38,065 RSI processed IYE_14rsi
2019-01-12 22:54:38,066 RSI processed TQQQ_70rsi
2019-01-12 22:54:38,067 RSI processed TQQQ_14rsi
2019-01-12 22:54:38,068 RSI processed SQQQ_70rsi
2019-01-12 22:54:38,069 RSI processed SQQQ_14rsi
2019-01-12 22:54:38,070 RSI processed ^TYX_70rsi
2019-01-12 22:54:38,071 RSI processed ^TYX_14rsi
2019-01-12 22:54:38,072 RSI processed ^FVX_70rsi
2019-01-12 22:54:38,073 RSI processed ^FVX_14rsi
2019-01-12 22:54:38,073 RSI processed ^IRX_70rsi
2019-01-12 22:54:38,074 RSI processed ^IRX_14rsi
2019-01-12 22:54:38,075 RSI processed IEF_70rsi
2019-01-12 22:54:38,076 RSI processed IEF_14rsi
2019-01-12 22:54:38,077 RSI processed SHV_70rsi
2019-01-12 22:54:38,078 RSI processed SHV_14rsi
2019-01-12 22:54:38,079 RSI processed SHY_70rsi
2019-01-12 22:54:38,080 RSI processed SHY_14rsi
2019-01-12 22:54:38,082 RSI processed UUP_70rsi
2019-01-12 22:54:38,084 RSI processed UUP_14rsi
2019-01-12 22:54:38,085 RSI processed GLD_70rsi
2019-01-12 22:54:38,086 RSI processed GLD_14rsi
2019-01-12 22:54:38,086 RSI processed DX-Y.NYB_70rsi
2019-01-12 22:54:38,087 RSI processed DX-Y.NYB_14rsi
2019-01-12 22:54:38,088 RSI processed OIL_70rsi
2019-01-12 22:54:38,089 RSI processed OIL_14rsi
2019-01-12 22:54:38,090 RSI processed PYPL_70rsi
2019-01-12 22:54:38,091 RSI processed PYPL_14rsi
2019-01-12 22:54:38,092 RSI processed MA_70rsi
2019-01-12 22:54:38,093 RSI processed MA_14rsi
2019-01-12 22:54:38,094 RSI processed WFC_70rsi
2019-01-12 22:54:38,095 RSI processed WFC_14rsi
2019-01-12 22:54:38,096 RSI processed BAC_70rsi
2019-01-12 22:54:38,097 RSI processed BAC_14rsi
2019-01-12 22:54:38,098 RSI processed JNJ_70rsi
2019-01-12 22:54:38,098 RSI processed JNJ_14rsi
2019-01-12 22:54:38,099 RSI processed JPM_70rsi
2019-01-12 22:54:38,100 RSI processed JPM_14rsi
2019-01-12 22:54:38,101 RSI processed GOOGL_70rsi
2019-01-12 22:54:38,102 RSI processed GOOGL_14rsi
2019-01-12 22:54:38,103 RSI processed SPY_70rsi
2019-01-12 22:54:38,104 RSI processed SPY_14rsi
2019-01-12 22:54:38,105 RSI processed FB_70rsi
2019-01-12 22:54:38,106 RSI processed FB_14rsi
2019-01-12 22:54:38,107 RSI processed IBM_70rsi
2019-01-12 22:54:38,108 RSI processed IBM_14rsi
2019-01-12 22:54:38,109 RSI processed MSFT_70rsi
2019-01-12 22:54:38,109 RSI processed MSFT_14rsi
2019-01-12 22:54:38,110 RSI processed ^TNX_70rsi
2019-01-12 22:54:38,111 RSI processed ^TNX_14rsi
2019-01-12 22:54:38,112 RSI processed AAPL_70rsi
2019-01-12 22:54:38,113 RSI processed AAPL_14rsi
2019-01-12 22:54:38,114 RSI processed MIDU_70rsi
2019-01-12 22:54:38,115 RSI processed MIDU_14rsi
2019-01-12 22:54:38,116 RSI processed FAS_70rsi
2019-01-12 22:54:38,117 RSI processed FAS_14rsi
2019-01-12 22:54:38,118 RSI processed ^VIX_70rsi
2019-01-12 22:54:38,119 RSI processed ^VIX_14rsi
2019-01-12 22:54:38,119 Done av data col by col.
2019-01-12 22:54:50,154 Wrote av data output.
2019-01-12 22:54:51,378 Done read fred data in.
2019-01-12 22:54:51,379 RSI processed DCOILWTICO_70rsi
2019-01-12 22:54:51,380 RSI processed DCOILWTICO_14rsi
2019-01-12 22:54:51,381 RSI processed GOLDAMGBD228NLBM_70rsi
2019-01-12 22:54:51,382 RSI processed GOLDAMGBD228NLBM_14rsi
2019-01-12 22:54:51,383 RSI processed DTWEXM_70rsi
2019-01-12 22:54:51,384 RSI processed DTWEXM_14rsi
2019-01-12 22:54:51,385 RSI processed HQMCB10YR_70rsi
2019-01-12 22:54:51,386 RSI processed HQMCB10YR_14rsi
2019-01-12 22:54:51,387 RSI processed T10YFF_70rsi
2019-01-12 22:54:51,388 RSI processed T10YFF_14rsi
2019-01-12 22:54:51,389 RSI processed BAA10Y_70rsi
2019-01-12 22:54:51,390 RSI processed BAA10Y_14rsi
2019-01-12 22:54:51,391 RSI processed DFII10_70rsi
2019-01-12 22:54:51,392 RSI processed DFII10_14rsi
2019-01-12 22:54:51,393 RSI processed T10YIE_70rsi
2019-01-12 22:54:51,394 RSI processed T10YIE_14rsi
2019-01-12 22:54:51,395 RSI processed DGS3MO_70rsi
2019-01-12 22:54:51,396 RSI processed DGS3MO_14rsi
2019-01-12 22:54:51,397 RSI processed DGS10_70rsi
2019-01-12 22:54:51,398 RSI processed DGS10_14rsi
2019-01-12 22:54:51,398 RSI processed T10Y3M_70rsi
2019-01-12 22:54:51,399 RSI processed T10Y3M_14rsi
2019-01-12 22:54:51,400 RSI processed DGS2_70rsi
2019-01-12 22:54:51,401 RSI processed DGS2_14rsi
2019-01-12 22:54:51,402 RSI processed T10Y2Y_70rsi
2019-01-12 22:54:51,403 RSI processed T10Y2Y_14rsi
2019-01-12 22:54:51,404 RSI processed VXVCLS_70rsi
2019-01-12 22:54:51,405 RSI processed VXVCLS_14rsi
2019-01-12 22:54:51,406 RSI processed BAMLH0A0HYM2_70rsi
2019-01-12 22:54:51,407 RSI processed BAMLH0A0HYM2_14rsi
2019-01-12 22:54:51,408 RSI processed BAMLEMCBPIOAS_70rsi
2019-01-12 22:54:51,409 RSI processed BAMLEMCBPIOAS_14rsi
2019-01-12 22:54:51,410 RSI processed RVXCLS_70rsi
2019-01-12 22:54:51,411 RSI processed RVXCLS_14rsi
2019-01-12 22:54:51,412 RSI processed RU2000PR_70rsi
2019-01-12 22:54:51,413 RSI processed RU2000PR_14rsi
2019-01-12 22:54:51,414 RSI processed DJIA_70rsi
2019-01-12 22:54:51,415 RSI processed DJIA_14rsi
2019-01-12 22:54:51,416 RSI processed VXNCLS_70rsi
2019-01-12 22:54:51,417 RSI processed VXNCLS_14rsi
2019-01-12 22:54:51,418 RSI processed NASDAQCOM_70rsi
2019-01-12 22:54:51,419 RSI processed NASDAQCOM_14rsi
2019-01-12 22:54:51,420 RSI processed WILL5000INDFC_70rsi
2019-01-12 22:54:51,420 RSI processed WILL5000INDFC_14rsi
2019-01-12 22:54:51,421 RSI processed NASDAQ100_70rsi
2019-01-12 22:54:51,422 RSI processed NASDAQ100_14rsi
2019-01-12 22:54:51,423 RSI processed OVXCLS_70rsi
2019-01-12 22:54:51,424 RSI processed OVXCLS_14rsi
2019-01-12 22:54:51,425 RSI processed GVZCLS_70rsi
2019-01-12 22:54:51,426 RSI processed GVZCLS_14rsi
2019-01-12 22:54:51,427 RSI processed VXEEMCLS_70rsi
2019-01-12 22:54:51,428 RSI processed VXEEMCLS_14rsi
2019-01-12 22:54:51,429 RSI processed VXFXICLS_70rsi
2019-01-12 22:54:51,430 RSI processed VXFXICLS_14rsi
2019-01-12 22:54:51,431 RSI processed VXDCLS_70rsi
2019-01-12 22:54:51,432 RSI processed VXDCLS_14rsi
2019-01-12 22:54:51,433 RSI processed VXAPLCLS_70rsi
2019-01-12 22:54:51,434 RSI processed VXAPLCLS_14rsi
2019-01-12 22:54:51,435 RSI processed VXGOGCLS_70rsi
2019-01-12 22:54:51,435 RSI processed VXGOGCLS_14rsi
2019-01-12 22:54:51,436 RSI processed VXGSCLS_70rsi
2019-01-12 22:54:51,437 RSI processed VXGSCLS_14rsi
2019-01-12 22:54:51,438 RSI processed VXIBMCLS_70rsi
2019-01-12 22:54:51,439 RSI processed VXIBMCLS_14rsi
2019-01-12 22:54:51,440 RSI processed VXAZNCLS_70rsi
2019-01-12 22:54:51,441 RSI processed VXAZNCLS_14rsi
2019-01-12 22:54:51,442 RSI processed VXOCLS_70rsi
2019-01-12 22:54:51,443 RSI processed VXOCLS_14rsi
2019-01-12 22:54:51,444 RSI processed VXTYN_70rsi
2019-01-12 22:54:51,445 RSI processed VXTYN_14rsi
2019-01-12 22:54:51,446 RSI processed VIXCLS_70rsi
2019-01-12 22:54:51,447 RSI processed VIXCLS_14rsi
2019-01-12 22:54:51,447 Done fred data col by col.
2019-01-12 22:55:01,160 Done wrote fred output.
